2017-01-23 00:03:48,382 INFO org.apache.hadoop.hdfs.server.namenode.NameNode: STARTUP_MSG: 
/************************************************************
STARTUP_MSG: Starting NameNode
STARTUP_MSG:   host = lees-macbook-pro-2.local/192.168.1.4
STARTUP_MSG:   args = []
STARTUP_MSG:   version = 2.7.3
STARTUP_MSG:   classpath = /usr/local/hadoop-2.7.3/etc/hadoop:/usr/local/hadoop-2.7.3/share/hadoop/common/lib/activation-1.1.jar:/usr/local/hadoop-2.7.3/share/hadoop/common/lib/apacheds-i18n-2.0.0-M15.jar:/usr/local/hadoop-2.7.3/share/hadoop/common/lib/apacheds-kerberos-codec-2.0.0-M15.jar:/usr/local/hadoop-2.7.3/share/hadoop/common/lib/api-asn1-api-1.0.0-M20.jar:/usr/local/hadoop-2.7.3/share/hadoop/common/lib/api-util-1.0.0-M20.jar:/usr/local/hadoop-2.7.3/share/hadoop/common/lib/asm-3.2.jar:/usr/local/hadoop-2.7.3/share/hadoop/common/lib/avro-1.7.4.jar:/usr/local/hadoop-2.7.3/share/hadoop/common/lib/commons-beanutils-1.7.0.jar:/usr/local/hadoop-2.7.3/share/hadoop/common/lib/commons-beanutils-core-1.8.0.jar:/usr/local/hadoop-2.7.3/share/hadoop/common/lib/commons-cli-1.2.jar:/usr/local/hadoop-2.7.3/share/hadoop/common/lib/commons-codec-1.4.jar:/usr/local/hadoop-2.7.3/share/hadoop/common/lib/commons-collections-3.2.2.jar:/usr/local/hadoop-2.7.3/share/hadoop/common/lib/commons-compress-1.4.1.jar:/usr/local/hadoop-2.7.3/share/hadoop/common/lib/commons-configuration-1.6.jar:/usr/local/hadoop-2.7.3/share/hadoop/common/lib/commons-digester-1.8.jar:/usr/local/hadoop-2.7.3/share/hadoop/common/lib/commons-httpclient-3.1.jar:/usr/local/hadoop-2.7.3/share/hadoop/common/lib/commons-io-2.4.jar:/usr/local/hadoop-2.7.3/share/hadoop/common/lib/commons-lang-2.6.jar:/usr/local/hadoop-2.7.3/share/hadoop/common/lib/commons-logging-1.1.3.jar:/usr/local/hadoop-2.7.3/share/hadoop/common/lib/commons-math3-3.1.1.jar:/usr/local/hadoop-2.7.3/share/hadoop/common/lib/commons-net-3.1.jar:/usr/local/hadoop-2.7.3/share/hadoop/common/lib/curator-client-2.7.1.jar:/usr/local/hadoop-2.7.3/share/hadoop/common/lib/curator-framework-2.7.1.jar:/usr/local/hadoop-2.7.3/share/hadoop/common/lib/curator-recipes-2.7.1.jar:/usr/local/hadoop-2.7.3/share/hadoop/common/lib/gson-2.2.4.jar:/usr/local/hadoop-2.7.3/share/hadoop/common/lib/guava-11.0.2.jar:/usr/local/hadoop-2.7.3/share/hadoop/common/lib/hadoop-annotations-2.7.3.jar:/usr/local/hadoop-2.7.3/share/hadoop/common/lib/hadoop-auth-2.7.3.jar:/usr/local/hadoop-2.7.3/share/hadoop/common/lib/hamcrest-core-1.3.jar:/usr/local/hadoop-2.7.3/share/hadoop/common/lib/htrace-core-3.1.0-incubating.jar:/usr/local/hadoop-2.7.3/share/hadoop/common/lib/httpclient-4.2.5.jar:/usr/local/hadoop-2.7.3/share/hadoop/common/lib/httpcore-4.2.5.jar:/usr/local/hadoop-2.7.3/share/hadoop/common/lib/jackson-core-asl-1.9.13.jar:/usr/local/hadoop-2.7.3/share/hadoop/common/lib/jackson-jaxrs-1.9.13.jar:/usr/local/hadoop-2.7.3/share/hadoop/common/lib/jackson-mapper-asl-1.9.13.jar:/usr/local/hadoop-2.7.3/share/hadoop/common/lib/jackson-xc-1.9.13.jar:/usr/local/hadoop-2.7.3/share/hadoop/common/lib/java-xmlbuilder-0.4.jar:/usr/local/hadoop-2.7.3/share/hadoop/common/lib/jaxb-api-2.2.2.jar:/usr/local/hadoop-2.7.3/share/hadoop/common/lib/jaxb-impl-2.2.3-1.jar:/usr/local/hadoop-2.7.3/share/hadoop/common/lib/jersey-core-1.9.jar:/usr/local/hadoop-2.7.3/share/hadoop/common/lib/jersey-json-1.9.jar:/usr/local/hadoop-2.7.3/share/hadoop/common/lib/jersey-server-1.9.jar:/usr/local/hadoop-2.7.3/share/hadoop/common/lib/jets3t-0.9.0.jar:/usr/local/hadoop-2.7.3/share/hadoop/common/lib/jettison-1.1.jar:/usr/local/hadoop-2.7.3/share/hadoop/common/lib/jetty-6.1.26.jar:/usr/local/hadoop-2.7.3/share/hadoop/common/lib/jetty-util-6.1.26.jar:/usr/local/hadoop-2.7.3/share/hadoop/common/lib/jsch-0.1.42.jar:/usr/local/hadoop-2.7.3/share/hadoop/common/lib/jsp-api-2.1.jar:/usr/local/hadoop-2.7.3/share/hadoop/common/lib/jsr305-3.0.0.jar:/usr/local/hadoop-2.7.3/share/hadoop/common/lib/junit-4.11.jar:/usr/local/hadoop-2.7.3/share/hadoop/common/lib/log4j-1.2.17.jar:/usr/local/hadoop-2.7.3/share/hadoop/common/lib/mockito-all-1.8.5.jar:/usr/local/hadoop-2.7.3/share/hadoop/common/lib/netty-3.6.2.Final.jar:/usr/local/hadoop-2.7.3/share/hadoop/common/lib/paranamer-2.3.jar:/usr/local/hadoop-2.7.3/share/hadoop/common/lib/protobuf-java-2.5.0.jar:/usr/local/hadoop-2.7.3/share/hadoop/common/lib/servlet-api-2.5.jar:/usr/local/hadoop-2.7.3/share/hadoop/common/lib/slf4j-api-1.7.10.jar:/usr/local/hadoop-2.7.3/share/hadoop/common/lib/slf4j-log4j12-1.7.10.jar:/usr/local/hadoop-2.7.3/share/hadoop/common/lib/snappy-java-1.0.4.1.jar:/usr/local/hadoop-2.7.3/share/hadoop/common/lib/stax-api-1.0-2.jar:/usr/local/hadoop-2.7.3/share/hadoop/common/lib/xmlenc-0.52.jar:/usr/local/hadoop-2.7.3/share/hadoop/common/lib/xz-1.0.jar:/usr/local/hadoop-2.7.3/share/hadoop/common/lib/zookeeper-3.4.6.jar:/usr/local/hadoop-2.7.3/share/hadoop/common/hadoop-common-2.7.3-tests.jar:/usr/local/hadoop-2.7.3/share/hadoop/common/hadoop-common-2.7.3.jar:/usr/local/hadoop-2.7.3/share/hadoop/common/hadoop-nfs-2.7.3.jar:/usr/local/hadoop-2.7.3/share/hadoop/hdfs:/usr/local/hadoop-2.7.3/share/hadoop/hdfs/lib/asm-3.2.jar:/usr/local/hadoop-2.7.3/share/hadoop/hdfs/lib/commons-cli-1.2.jar:/usr/local/hadoop-2.7.3/share/hadoop/hdfs/lib/commons-codec-1.4.jar:/usr/local/hadoop-2.7.3/share/hadoop/hdfs/lib/commons-daemon-1.0.13.jar:/usr/local/hadoop-2.7.3/share/hadoop/hdfs/lib/commons-io-2.4.jar:/usr/local/hadoop-2.7.3/share/hadoop/hdfs/lib/commons-lang-2.6.jar:/usr/local/hadoop-2.7.3/share/hadoop/hdfs/lib/commons-logging-1.1.3.jar:/usr/local/hadoop-2.7.3/share/hadoop/hdfs/lib/guava-11.0.2.jar:/usr/local/hadoop-2.7.3/share/hadoop/hdfs/lib/htrace-core-3.1.0-incubating.jar:/usr/local/hadoop-2.7.3/share/hadoop/hdfs/lib/jackson-core-asl-1.9.13.jar:/usr/local/hadoop-2.7.3/share/hadoop/hdfs/lib/jackson-mapper-asl-1.9.13.jar:/usr/local/hadoop-2.7.3/share/hadoop/hdfs/lib/jersey-core-1.9.jar:/usr/local/hadoop-2.7.3/share/hadoop/hdfs/lib/jersey-server-1.9.jar:/usr/local/hadoop-2.7.3/share/hadoop/hdfs/lib/jetty-6.1.26.jar:/usr/local/hadoop-2.7.3/share/hadoop/hdfs/lib/jetty-util-6.1.26.jar:/usr/local/hadoop-2.7.3/share/hadoop/hdfs/lib/jsr305-3.0.0.jar:/usr/local/hadoop-2.7.3/share/hadoop/hdfs/lib/leveldbjni-all-1.8.jar:/usr/local/hadoop-2.7.3/share/hadoop/hdfs/lib/log4j-1.2.17.jar:/usr/local/hadoop-2.7.3/share/hadoop/hdfs/lib/netty-3.6.2.Final.jar:/usr/local/hadoop-2.7.3/share/hadoop/hdfs/lib/netty-all-4.0.23.Final.jar:/usr/local/hadoop-2.7.3/share/hadoop/hdfs/lib/protobuf-java-2.5.0.jar:/usr/local/hadoop-2.7.3/share/hadoop/hdfs/lib/servlet-api-2.5.jar:/usr/local/hadoop-2.7.3/share/hadoop/hdfs/lib/xercesImpl-2.9.1.jar:/usr/local/hadoop-2.7.3/share/hadoop/hdfs/lib/xml-apis-1.3.04.jar:/usr/local/hadoop-2.7.3/share/hadoop/hdfs/lib/xmlenc-0.52.jar:/usr/local/hadoop-2.7.3/share/hadoop/hdfs/hadoop-hdfs-2.7.3-tests.jar:/usr/local/hadoop-2.7.3/share/hadoop/hdfs/hadoop-hdfs-2.7.3.jar:/usr/local/hadoop-2.7.3/share/hadoop/hdfs/hadoop-hdfs-nfs-2.7.3.jar:/usr/local/hadoop-2.7.3/share/hadoop/yarn/lib/activation-1.1.jar:/usr/local/hadoop-2.7.3/share/hadoop/yarn/lib/aopalliance-1.0.jar:/usr/local/hadoop-2.7.3/share/hadoop/yarn/lib/asm-3.2.jar:/usr/local/hadoop-2.7.3/share/hadoop/yarn/lib/commons-cli-1.2.jar:/usr/local/hadoop-2.7.3/share/hadoop/yarn/lib/commons-codec-1.4.jar:/usr/local/hadoop-2.7.3/share/hadoop/yarn/lib/commons-collections-3.2.2.jar:/usr/local/hadoop-2.7.3/share/hadoop/yarn/lib/commons-compress-1.4.1.jar:/usr/local/hadoop-2.7.3/share/hadoop/yarn/lib/commons-io-2.4.jar:/usr/local/hadoop-2.7.3/share/hadoop/yarn/lib/commons-lang-2.6.jar:/usr/local/hadoop-2.7.3/share/hadoop/yarn/lib/commons-logging-1.1.3.jar:/usr/local/hadoop-2.7.3/share/hadoop/yarn/lib/guava-11.0.2.jar:/usr/local/hadoop-2.7.3/share/hadoop/yarn/lib/guice-3.0.jar:/usr/local/hadoop-2.7.3/share/hadoop/yarn/lib/guice-servlet-3.0.jar:/usr/local/hadoop-2.7.3/share/hadoop/yarn/lib/jackson-core-asl-1.9.13.jar:/usr/local/hadoop-2.7.3/share/hadoop/yarn/lib/jackson-jaxrs-1.9.13.jar:/usr/local/hadoop-2.7.3/share/hadoop/yarn/lib/jackson-mapper-asl-1.9.13.jar:/usr/local/hadoop-2.7.3/share/hadoop/yarn/lib/jackson-xc-1.9.13.jar:/usr/local/hadoop-2.7.3/share/hadoop/yarn/lib/javax.inject-1.jar:/usr/local/hadoop-2.7.3/share/hadoop/yarn/lib/jaxb-api-2.2.2.jar:/usr/local/hadoop-2.7.3/share/hadoop/yarn/lib/jaxb-impl-2.2.3-1.jar:/usr/local/hadoop-2.7.3/share/hadoop/yarn/lib/jersey-client-1.9.jar:/usr/local/hadoop-2.7.3/share/hadoop/yarn/lib/jersey-core-1.9.jar:/usr/local/hadoop-2.7.3/share/hadoop/yarn/lib/jersey-guice-1.9.jar:/usr/local/hadoop-2.7.3/share/hadoop/yarn/lib/jersey-json-1.9.jar:/usr/local/hadoop-2.7.3/share/hadoop/yarn/lib/jersey-server-1.9.jar:/usr/local/hadoop-2.7.3/share/hadoop/yarn/lib/jettison-1.1.jar:/usr/local/hadoop-2.7.3/share/hadoop/yarn/lib/jetty-6.1.26.jar:/usr/local/hadoop-2.7.3/share/hadoop/yarn/lib/jetty-util-6.1.26.jar:/usr/local/hadoop-2.7.3/share/hadoop/yarn/lib/jsr305-3.0.0.jar:/usr/local/hadoop-2.7.3/share/hadoop/yarn/lib/leveldbjni-all-1.8.jar:/usr/local/hadoop-2.7.3/share/hadoop/yarn/lib/log4j-1.2.17.jar:/usr/local/hadoop-2.7.3/share/hadoop/yarn/lib/netty-3.6.2.Final.jar:/usr/local/hadoop-2.7.3/share/hadoop/yarn/lib/protobuf-java-2.5.0.jar:/usr/local/hadoop-2.7.3/share/hadoop/yarn/lib/servlet-api-2.5.jar:/usr/local/hadoop-2.7.3/share/hadoop/yarn/lib/stax-api-1.0-2.jar:/usr/local/hadoop-2.7.3/share/hadoop/yarn/lib/xz-1.0.jar:/usr/local/hadoop-2.7.3/share/hadoop/yarn/lib/zookeeper-3.4.6-tests.jar:/usr/local/hadoop-2.7.3/share/hadoop/yarn/lib/zookeeper-3.4.6.jar:/usr/local/hadoop-2.7.3/share/hadoop/yarn/hadoop-yarn-api-2.7.3.jar:/usr/local/hadoop-2.7.3/share/hadoop/yarn/hadoop-yarn-applications-distributedshell-2.7.3.jar:/usr/local/hadoop-2.7.3/share/hadoop/yarn/hadoop-yarn-applications-unmanaged-am-launcher-2.7.3.jar:/usr/local/hadoop-2.7.3/share/hadoop/yarn/hadoop-yarn-client-2.7.3.jar:/usr/local/hadoop-2.7.3/share/hadoop/yarn/hadoop-yarn-common-2.7.3.jar:/usr/local/hadoop-2.7.3/share/hadoop/yarn/hadoop-yarn-registry-2.7.3.jar:/usr/local/hadoop-2.7.3/share/hadoop/yarn/hadoop-yarn-server-applicationhistoryservice-2.7.3.jar:/usr/local/hadoop-2.7.3/share/hadoop/yarn/hadoop-yarn-server-common-2.7.3.jar:/usr/local/hadoop-2.7.3/share/hadoop/yarn/hadoop-yarn-server-nodemanager-2.7.3.jar:/usr/local/hadoop-2.7.3/share/hadoop/yarn/hadoop-yarn-server-resourcemanager-2.7.3.jar:/usr/local/hadoop-2.7.3/share/hadoop/yarn/hadoop-yarn-server-sharedcachemanager-2.7.3.jar:/usr/local/hadoop-2.7.3/share/hadoop/yarn/hadoop-yarn-server-tests-2.7.3.jar:/usr/local/hadoop-2.7.3/share/hadoop/yarn/hadoop-yarn-server-web-proxy-2.7.3.jar:/usr/local/hadoop-2.7.3/share/hadoop/mapreduce/lib/aopalliance-1.0.jar:/usr/local/hadoop-2.7.3/share/hadoop/mapreduce/lib/asm-3.2.jar:/usr/local/hadoop-2.7.3/share/hadoop/mapreduce/lib/avro-1.7.4.jar:/usr/local/hadoop-2.7.3/share/hadoop/mapreduce/lib/commons-compress-1.4.1.jar:/usr/local/hadoop-2.7.3/share/hadoop/mapreduce/lib/commons-io-2.4.jar:/usr/local/hadoop-2.7.3/share/hadoop/mapreduce/lib/guice-3.0.jar:/usr/local/hadoop-2.7.3/share/hadoop/mapreduce/lib/guice-servlet-3.0.jar:/usr/local/hadoop-2.7.3/share/hadoop/mapreduce/lib/hadoop-annotations-2.7.3.jar:/usr/local/hadoop-2.7.3/share/hadoop/mapreduce/lib/hamcrest-core-1.3.jar:/usr/local/hadoop-2.7.3/share/hadoop/mapreduce/lib/jackson-core-asl-1.9.13.jar:/usr/local/hadoop-2.7.3/share/hadoop/mapreduce/lib/jackson-mapper-asl-1.9.13.jar:/usr/local/hadoop-2.7.3/share/hadoop/mapreduce/lib/javax.inject-1.jar:/usr/local/hadoop-2.7.3/share/hadoop/mapreduce/lib/jersey-core-1.9.jar:/usr/local/hadoop-2.7.3/share/hadoop/mapreduce/lib/jersey-guice-1.9.jar:/usr/local/hadoop-2.7.3/share/hadoop/mapreduce/lib/jersey-server-1.9.jar:/usr/local/hadoop-2.7.3/share/hadoop/mapreduce/lib/junit-4.11.jar:/usr/local/hadoop-2.7.3/share/hadoop/mapreduce/lib/leveldbjni-all-1.8.jar:/usr/local/hadoop-2.7.3/share/hadoop/mapreduce/lib/log4j-1.2.17.jar:/usr/local/hadoop-2.7.3/share/hadoop/mapreduce/lib/netty-3.6.2.Final.jar:/usr/local/hadoop-2.7.3/share/hadoop/mapreduce/lib/paranamer-2.3.jar:/usr/local/hadoop-2.7.3/share/hadoop/mapreduce/lib/protobuf-java-2.5.0.jar:/usr/local/hadoop-2.7.3/share/hadoop/mapreduce/lib/snappy-java-1.0.4.1.jar:/usr/local/hadoop-2.7.3/share/hadoop/mapreduce/lib/xz-1.0.jar:/usr/local/hadoop-2.7.3/share/hadoop/mapreduce/hadoop-mapreduce-client-app-2.7.3.jar:/usr/local/hadoop-2.7.3/share/hadoop/mapreduce/hadoop-mapreduce-client-common-2.7.3.jar:/usr/local/hadoop-2.7.3/share/hadoop/mapreduce/hadoop-mapreduce-client-core-2.7.3.jar:/usr/local/hadoop-2.7.3/share/hadoop/mapreduce/hadoop-mapreduce-client-hs-2.7.3.jar:/usr/local/hadoop-2.7.3/share/hadoop/mapreduce/hadoop-mapreduce-client-hs-plugins-2.7.3.jar:/usr/local/hadoop-2.7.3/share/hadoop/mapreduce/hadoop-mapreduce-client-jobclient-2.7.3-tests.jar:/usr/local/hadoop-2.7.3/share/hadoop/mapreduce/hadoop-mapreduce-client-jobclient-2.7.3.jar:/usr/local/hadoop-2.7.3/share/hadoop/mapreduce/hadoop-mapreduce-client-shuffle-2.7.3.jar:/usr/local/hadoop-2.7.3/share/hadoop/mapreduce/hadoop-mapreduce-examples-2.7.3.jar:/contrib/capacity-scheduler/*.jar:/contrib/capacity-scheduler/*.jar:/contrib/capacity-scheduler/*.jar
STARTUP_MSG:   build = https://git-wip-us.apache.org/repos/asf/hadoop.git -r baa91f7c6bc9cb92be5982de4719c1c8af91ccff; compiled by 'root' on 2016-08-18T01:41Z
STARTUP_MSG:   java = 1.7.0_80
************************************************************/
2017-01-23 00:03:48,389 INFO org.apache.hadoop.hdfs.server.namenode.NameNode: registered UNIX signal handlers for [TERM, HUP, INT]
2017-01-23 00:03:48,392 INFO org.apache.hadoop.hdfs.server.namenode.NameNode: createNameNode []
2017-01-23 00:03:48,684 INFO org.apache.hadoop.metrics2.impl.MetricsConfig: loaded properties from hadoop-metrics2.properties
2017-01-23 00:03:48,756 INFO org.apache.hadoop.metrics2.impl.MetricsSystemImpl: Scheduled snapshot period at 10 second(s).
2017-01-23 00:03:48,756 INFO org.apache.hadoop.metrics2.impl.MetricsSystemImpl: NameNode metrics system started
2017-01-23 00:03:48,758 INFO org.apache.hadoop.hdfs.server.namenode.NameNode: fs.defaultFS is hdfs://localhost/
2017-01-23 00:03:48,885 WARN org.apache.hadoop.util.NativeCodeLoader: Unable to load native-hadoop library for your platform... using builtin-java classes where applicable
2017-01-23 00:03:49,011 INFO org.apache.hadoop.hdfs.DFSUtil: Starting Web-server for hdfs at: http://0.0.0.0:50070
2017-01-23 00:03:49,078 INFO org.mortbay.log: Logging to org.slf4j.impl.Log4jLoggerAdapter(org.mortbay.log) via org.mortbay.log.Slf4jLog
2017-01-23 00:03:49,087 INFO org.apache.hadoop.security.authentication.server.AuthenticationFilter: Unable to initialize FileSignerSecretProvider, falling back to use random secrets.
2017-01-23 00:03:49,094 INFO org.apache.hadoop.http.HttpRequestLog: Http request log for http.requests.namenode is not defined
2017-01-23 00:03:49,099 INFO org.apache.hadoop.http.HttpServer2: Added global filter 'safety' (class=org.apache.hadoop.http.HttpServer2$QuotingInputFilter)
2017-01-23 00:03:49,102 INFO org.apache.hadoop.http.HttpServer2: Added filter static_user_filter (class=org.apache.hadoop.http.lib.StaticUserWebFilter$StaticUserFilter) to context hdfs
2017-01-23 00:03:49,102 INFO org.apache.hadoop.http.HttpServer2: Added filter static_user_filter (class=org.apache.hadoop.http.lib.StaticUserWebFilter$StaticUserFilter) to context static
2017-01-23 00:03:49,102 INFO org.apache.hadoop.http.HttpServer2: Added filter static_user_filter (class=org.apache.hadoop.http.lib.StaticUserWebFilter$StaticUserFilter) to context logs
2017-01-23 00:03:49,248 INFO org.apache.hadoop.http.HttpServer2: Added filter 'org.apache.hadoop.hdfs.web.AuthFilter' (class=org.apache.hadoop.hdfs.web.AuthFilter)
2017-01-23 00:03:49,249 INFO org.apache.hadoop.http.HttpServer2: addJerseyResourcePackage: packageName=org.apache.hadoop.hdfs.server.namenode.web.resources;org.apache.hadoop.hdfs.web.resources, pathSpec=/webhdfs/v1/*
2017-01-23 00:03:49,263 INFO org.apache.hadoop.http.HttpServer2: Jetty bound to port 50070
2017-01-23 00:03:49,264 INFO org.mortbay.log: jetty-6.1.26
2017-01-23 00:03:49,413 INFO org.mortbay.log: Started HttpServer2$SelectChannelConnectorWithSafeStartup@0.0.0.0:50070
2017-01-23 00:03:49,434 WARN org.apache.hadoop.hdfs.server.namenode.FSNamesystem: Only one image storage directory (dfs.namenode.name.dir) configured. Beware of data loss due to lack of redundant storage directories!
2017-01-23 00:03:49,434 WARN org.apache.hadoop.hdfs.server.namenode.FSNamesystem: Only one namespace edits storage directory (dfs.namenode.edits.dir) configured. Beware of data loss due to lack of redundant storage directories!
2017-01-23 00:03:49,463 INFO org.apache.hadoop.hdfs.server.namenode.FSNamesystem: No KeyProvider found.
2017-01-23 00:03:49,463 INFO org.apache.hadoop.hdfs.server.namenode.FSNamesystem: fsLock is fair:true
2017-01-23 00:03:49,503 INFO org.apache.hadoop.hdfs.server.blockmanagement.DatanodeManager: dfs.block.invalidate.limit=1000
2017-01-23 00:03:49,503 INFO org.apache.hadoop.hdfs.server.blockmanagement.DatanodeManager: dfs.namenode.datanode.registration.ip-hostname-check=true
2017-01-23 00:03:49,504 INFO org.apache.hadoop.hdfs.server.blockmanagement.BlockManager: dfs.namenode.startup.delay.block.deletion.sec is set to 000:00:00:00.000
2017-01-23 00:03:49,504 INFO org.apache.hadoop.hdfs.server.blockmanagement.BlockManager: The block deletion will start around 2017 Jan 23 00:03:49
2017-01-23 00:03:49,505 INFO org.apache.hadoop.util.GSet: Computing capacity for map BlocksMap
2017-01-23 00:03:49,506 INFO org.apache.hadoop.util.GSet: VM type       = 64-bit
2017-01-23 00:03:49,506 INFO org.apache.hadoop.util.GSet: 2.0% max memory 889 MB = 17.8 MB
2017-01-23 00:03:49,507 INFO org.apache.hadoop.util.GSet: capacity      = 2^21 = 2097152 entries
2017-01-23 00:03:49,518 INFO org.apache.hadoop.hdfs.server.blockmanagement.BlockManager: dfs.block.access.token.enable=false
2017-01-23 00:03:49,518 INFO org.apache.hadoop.hdfs.server.blockmanagement.BlockManager: defaultReplication         = 1
2017-01-23 00:03:49,518 INFO org.apache.hadoop.hdfs.server.blockmanagement.BlockManager: maxReplication             = 512
2017-01-23 00:03:49,518 INFO org.apache.hadoop.hdfs.server.blockmanagement.BlockManager: minReplication             = 1
2017-01-23 00:03:49,518 INFO org.apache.hadoop.hdfs.server.blockmanagement.BlockManager: maxReplicationStreams      = 2
2017-01-23 00:03:49,518 INFO org.apache.hadoop.hdfs.server.blockmanagement.BlockManager: replicationRecheckInterval = 3000
2017-01-23 00:03:49,518 INFO org.apache.hadoop.hdfs.server.blockmanagement.BlockManager: encryptDataTransfer        = false
2017-01-23 00:03:49,518 INFO org.apache.hadoop.hdfs.server.blockmanagement.BlockManager: maxNumBlocksToLog          = 1000
2017-01-23 00:03:49,525 INFO org.apache.hadoop.hdfs.server.namenode.FSNamesystem: fsOwner             = leehongkai (auth:SIMPLE)
2017-01-23 00:03:49,525 INFO org.apache.hadoop.hdfs.server.namenode.FSNamesystem: supergroup          = supergroup
2017-01-23 00:03:49,525 INFO org.apache.hadoop.hdfs.server.namenode.FSNamesystem: isPermissionEnabled = true
2017-01-23 00:03:49,525 INFO org.apache.hadoop.hdfs.server.namenode.FSNamesystem: HA Enabled: false
2017-01-23 00:03:49,526 INFO org.apache.hadoop.hdfs.server.namenode.FSNamesystem: Append Enabled: true
2017-01-23 00:03:49,646 INFO org.apache.hadoop.util.GSet: Computing capacity for map INodeMap
2017-01-23 00:03:49,646 INFO org.apache.hadoop.util.GSet: VM type       = 64-bit
2017-01-23 00:03:49,646 INFO org.apache.hadoop.util.GSet: 1.0% max memory 889 MB = 8.9 MB
2017-01-23 00:03:49,646 INFO org.apache.hadoop.util.GSet: capacity      = 2^20 = 1048576 entries
2017-01-23 00:03:49,647 INFO org.apache.hadoop.hdfs.server.namenode.FSDirectory: ACLs enabled? false
2017-01-23 00:03:49,647 INFO org.apache.hadoop.hdfs.server.namenode.FSDirectory: XAttrs enabled? true
2017-01-23 00:03:49,647 INFO org.apache.hadoop.hdfs.server.namenode.FSDirectory: Maximum size of an xattr: 16384
2017-01-23 00:03:49,647 INFO org.apache.hadoop.hdfs.server.namenode.NameNode: Caching file names occuring more than 10 times
2017-01-23 00:03:49,653 INFO org.apache.hadoop.util.GSet: Computing capacity for map cachedBlocks
2017-01-23 00:03:49,653 INFO org.apache.hadoop.util.GSet: VM type       = 64-bit
2017-01-23 00:03:49,653 INFO org.apache.hadoop.util.GSet: 0.25% max memory 889 MB = 2.2 MB
2017-01-23 00:03:49,653 INFO org.apache.hadoop.util.GSet: capacity      = 2^18 = 262144 entries
2017-01-23 00:03:49,654 INFO org.apache.hadoop.hdfs.server.namenode.FSNamesystem: dfs.namenode.safemode.threshold-pct = 0.9990000128746033
2017-01-23 00:03:49,654 INFO org.apache.hadoop.hdfs.server.namenode.FSNamesystem: dfs.namenode.safemode.min.datanodes = 0
2017-01-23 00:03:49,654 INFO org.apache.hadoop.hdfs.server.namenode.FSNamesystem: dfs.namenode.safemode.extension     = 30000
2017-01-23 00:03:49,657 INFO org.apache.hadoop.hdfs.server.namenode.top.metrics.TopMetrics: NNTop conf: dfs.namenode.top.window.num.buckets = 10
2017-01-23 00:03:49,657 INFO org.apache.hadoop.hdfs.server.namenode.top.metrics.TopMetrics: NNTop conf: dfs.namenode.top.num.users = 10
2017-01-23 00:03:49,657 INFO org.apache.hadoop.hdfs.server.namenode.top.metrics.TopMetrics: NNTop conf: dfs.namenode.top.windows.minutes = 1,5,25
2017-01-23 00:03:49,658 INFO org.apache.hadoop.hdfs.server.namenode.FSNamesystem: Retry cache on namenode is enabled
2017-01-23 00:03:49,658 INFO org.apache.hadoop.hdfs.server.namenode.FSNamesystem: Retry cache will use 0.03 of total heap and retry cache entry expiry time is 600000 millis
2017-01-23 00:03:49,660 INFO org.apache.hadoop.util.GSet: Computing capacity for map NameNodeRetryCache
2017-01-23 00:03:49,660 INFO org.apache.hadoop.util.GSet: VM type       = 64-bit
2017-01-23 00:03:49,660 INFO org.apache.hadoop.util.GSet: 0.029999999329447746% max memory 889 MB = 273.1 KB
2017-01-23 00:03:49,660 INFO org.apache.hadoop.util.GSet: capacity      = 2^15 = 32768 entries
2017-01-23 00:03:49,670 INFO org.apache.hadoop.hdfs.server.common.Storage: Lock on /tmp/hadoop-leehongkai/dfs/name/in_use.lock acquired by nodename 7686@lees-macbook-pro-2.local
2017-01-23 00:03:49,723 INFO org.apache.hadoop.hdfs.server.namenode.FileJournalManager: Recovering unfinalized segments in /tmp/hadoop-leehongkai/dfs/name/current
2017-01-23 00:03:49,767 INFO org.apache.hadoop.hdfs.server.namenode.FileJournalManager: Finalizing edits file /tmp/hadoop-leehongkai/dfs/name/current/edits_inprogress_0000000000000000027 -> /tmp/hadoop-leehongkai/dfs/name/current/edits_0000000000000000027-0000000000000000027
2017-01-23 00:03:49,772 INFO org.apache.hadoop.hdfs.server.namenode.FSImage: Planning to load image: FSImageFile(file=/tmp/hadoop-leehongkai/dfs/name/current/fsimage_0000000000000000026, cpktTxId=0000000000000000026)
2017-01-23 00:03:49,804 INFO org.apache.hadoop.hdfs.server.namenode.FSImageFormatPBINode: Loading 10 INodes.
2017-01-23 00:03:49,841 INFO org.apache.hadoop.hdfs.server.namenode.FSImageFormatProtobuf: Loaded FSImage in 0 seconds.
2017-01-23 00:03:49,841 INFO org.apache.hadoop.hdfs.server.namenode.FSImage: Loaded image for txid 26 from /tmp/hadoop-leehongkai/dfs/name/current/fsimage_0000000000000000026
2017-01-23 00:03:49,842 INFO org.apache.hadoop.hdfs.server.namenode.FSImage: Reading org.apache.hadoop.hdfs.server.namenode.RedundantEditLogInputStream@6f3a4d88 expecting start txid #27
2017-01-23 00:03:49,842 INFO org.apache.hadoop.hdfs.server.namenode.FSImage: Start loading edits file /tmp/hadoop-leehongkai/dfs/name/current/edits_0000000000000000027-0000000000000000027
2017-01-23 00:03:49,843 INFO org.apache.hadoop.hdfs.server.namenode.EditLogInputStream: Fast-forwarding stream '/tmp/hadoop-leehongkai/dfs/name/current/edits_0000000000000000027-0000000000000000027' to transaction ID 27
2017-01-23 00:03:49,846 INFO org.apache.hadoop.hdfs.server.namenode.FSImage: Edits file /tmp/hadoop-leehongkai/dfs/name/current/edits_0000000000000000027-0000000000000000027 of size 1048576 edits # 1 loaded in 0 seconds
2017-01-23 00:03:49,850 INFO org.apache.hadoop.hdfs.server.namenode.FSNamesystem: Need to save fs image? false (staleImage=false, haEnabled=false, isRollingUpgrade=false)
2017-01-23 00:03:49,852 INFO org.apache.hadoop.hdfs.server.namenode.FSEditLog: Starting log segment at 28
2017-01-23 00:03:49,890 INFO org.apache.hadoop.hdfs.server.namenode.NameCache: initialized with 0 entries 0 lookups
2017-01-23 00:03:49,891 INFO org.apache.hadoop.hdfs.server.namenode.FSNamesystem: Finished loading FSImage in 229 msecs
2017-01-23 00:03:50,057 INFO org.apache.hadoop.hdfs.server.namenode.NameNode: RPC server is binding to localhost:8020
2017-01-23 00:03:50,063 INFO org.apache.hadoop.ipc.CallQueueManager: Using callQueue class java.util.concurrent.LinkedBlockingQueue
2017-01-23 00:03:50,075 INFO org.apache.hadoop.ipc.Server: Starting Socket Reader #1 for port 8020
2017-01-23 00:03:50,095 INFO org.apache.hadoop.hdfs.server.namenode.NameNode: Clients are to use localhost:8020 to access this namenode/service.
2017-01-23 00:03:50,097 INFO org.apache.hadoop.hdfs.server.namenode.FSNamesystem: Registered FSNamesystemState MBean
2017-01-23 00:03:50,108 INFO org.apache.hadoop.hdfs.server.namenode.LeaseManager: Number of blocks under construction: 0
2017-01-23 00:03:50,109 INFO org.apache.hadoop.hdfs.server.namenode.LeaseManager: Number of blocks under construction: 0
2017-01-23 00:03:50,109 INFO org.apache.hadoop.hdfs.server.namenode.FSNamesystem: initializing replication queues
2017-01-23 00:03:50,109 INFO org.apache.hadoop.hdfs.StateChange: STATE* Leaving safe mode after 0 secs
2017-01-23 00:03:50,109 INFO org.apache.hadoop.hdfs.StateChange: STATE* Network topology has 0 racks and 0 datanodes
2017-01-23 00:03:50,109 INFO org.apache.hadoop.hdfs.StateChange: STATE* UnderReplicatedBlocks has 0 blocks
2017-01-23 00:03:50,115 INFO org.apache.hadoop.hdfs.server.blockmanagement.DatanodeDescriptor: Number of failed storage changes from 0 to 0
2017-01-23 00:03:50,117 INFO org.apache.hadoop.hdfs.server.blockmanagement.BlockManager: Total number of blocks            = 0
2017-01-23 00:03:50,117 INFO org.apache.hadoop.hdfs.server.blockmanagement.BlockManager: Number of invalid blocks          = 0
2017-01-23 00:03:50,117 INFO org.apache.hadoop.hdfs.server.blockmanagement.BlockManager: Number of under-replicated blocks = 0
2017-01-23 00:03:50,117 INFO org.apache.hadoop.hdfs.server.blockmanagement.BlockManager: Number of  over-replicated blocks = 0
2017-01-23 00:03:50,117 INFO org.apache.hadoop.hdfs.server.blockmanagement.BlockManager: Number of blocks being written    = 0
2017-01-23 00:03:50,117 INFO org.apache.hadoop.hdfs.StateChange: STATE* Replication Queue initialization scan for invalid, over- and under-replicated blocks completed in 8 msec
2017-01-23 00:03:50,141 INFO org.apache.hadoop.ipc.Server: IPC Server Responder: starting
2017-01-23 00:03:50,141 INFO org.apache.hadoop.ipc.Server: IPC Server listener on 8020: starting
2017-01-23 00:03:50,143 INFO org.apache.hadoop.hdfs.server.namenode.NameNode: NameNode RPC up at: localhost/127.0.0.1:8020
2017-01-23 00:03:50,143 INFO org.apache.hadoop.hdfs.server.namenode.FSNamesystem: Starting services required for active state
2017-01-23 00:03:50,146 INFO org.apache.hadoop.hdfs.server.blockmanagement.CacheReplicationMonitor: Starting CacheReplicationMonitor with interval 30000 milliseconds
2017-01-23 00:03:54,531 INFO org.apache.hadoop.hdfs.StateChange: BLOCK* registerDatanode: from DatanodeRegistration(127.0.0.1:50010, datanodeUuid=70818bb3-714e-4014-ae52-054ba3d9f9a4, infoPort=50075, infoSecurePort=0, ipcPort=50020, storageInfo=lv=-56;cid=CID-cfbf4670-f7b7-4136-ae85-36ec155a287d;nsid=266246498;c=0) storage 70818bb3-714e-4014-ae52-054ba3d9f9a4
2017-01-23 00:03:54,531 INFO org.apache.hadoop.hdfs.server.blockmanagement.DatanodeDescriptor: Number of failed storage changes from 0 to 0
2017-01-23 00:03:54,532 INFO org.apache.hadoop.net.NetworkTopology: Adding a new node: /default-rack/127.0.0.1:50010
2017-01-23 00:03:54,606 INFO org.apache.hadoop.hdfs.server.blockmanagement.DatanodeDescriptor: Number of failed storage changes from 0 to 0
2017-01-23 00:03:54,606 INFO org.apache.hadoop.hdfs.server.blockmanagement.DatanodeDescriptor: Adding new storage ID DS-164f61ba-3e0b-4b64-bac8-c9d1dd16d566 for DN 127.0.0.1:50010
2017-01-23 00:03:54,642 INFO BlockStateChange: BLOCK* processReport: from storage DS-164f61ba-3e0b-4b64-bac8-c9d1dd16d566 node DatanodeRegistration(127.0.0.1:50010, datanodeUuid=70818bb3-714e-4014-ae52-054ba3d9f9a4, infoPort=50075, infoSecurePort=0, ipcPort=50020, storageInfo=lv=-56;cid=CID-cfbf4670-f7b7-4136-ae85-36ec155a287d;nsid=266246498;c=0), blocks: 0, hasStaleStorage: false, processing time: 1 msecs
2017-01-23 00:05:25,696 ERROR org.apache.hadoop.hdfs.server.namenode.NameNode: RECEIVED SIGNAL 15: SIGTERM
2017-01-23 00:05:25,698 INFO org.apache.hadoop.hdfs.server.namenode.NameNode: SHUTDOWN_MSG: 
/************************************************************
SHUTDOWN_MSG: Shutting down NameNode at lees-macbook-pro-2.local/192.168.1.4
************************************************************/
