2017-01-23 11:50:07,746 INFO org.apache.hadoop.mapreduce.v2.hs.JobHistoryServer: STARTUP_MSG: 
/************************************************************
STARTUP_MSG: Starting JobHistoryServer
STARTUP_MSG:   host = 25-224.priv23.nus.edu.sg/172.23.25.224
STARTUP_MSG:   args = []
STARTUP_MSG:   version = 2.7.3
STARTUP_MSG:   classpath = /usr/local/hadoop-2.7.3/etc/hadoop:/usr/local/hadoop-2.7.3/share/hadoop/common/lib/activation-1.1.jar:/usr/local/hadoop-2.7.3/share/hadoop/common/lib/apacheds-i18n-2.0.0-M15.jar:/usr/local/hadoop-2.7.3/share/hadoop/common/lib/apacheds-kerberos-codec-2.0.0-M15.jar:/usr/local/hadoop-2.7.3/share/hadoop/common/lib/api-asn1-api-1.0.0-M20.jar:/usr/local/hadoop-2.7.3/share/hadoop/common/lib/api-util-1.0.0-M20.jar:/usr/local/hadoop-2.7.3/share/hadoop/common/lib/asm-3.2.jar:/usr/local/hadoop-2.7.3/share/hadoop/common/lib/avro-1.7.4.jar:/usr/local/hadoop-2.7.3/share/hadoop/common/lib/commons-beanutils-1.7.0.jar:/usr/local/hadoop-2.7.3/share/hadoop/common/lib/commons-beanutils-core-1.8.0.jar:/usr/local/hadoop-2.7.3/share/hadoop/common/lib/commons-cli-1.2.jar:/usr/local/hadoop-2.7.3/share/hadoop/common/lib/commons-codec-1.4.jar:/usr/local/hadoop-2.7.3/share/hadoop/common/lib/commons-collections-3.2.2.jar:/usr/local/hadoop-2.7.3/share/hadoop/common/lib/commons-compress-1.4.1.jar:/usr/local/hadoop-2.7.3/share/hadoop/common/lib/commons-configuration-1.6.jar:/usr/local/hadoop-2.7.3/share/hadoop/common/lib/commons-digester-1.8.jar:/usr/local/hadoop-2.7.3/share/hadoop/common/lib/commons-httpclient-3.1.jar:/usr/local/hadoop-2.7.3/share/hadoop/common/lib/commons-io-2.4.jar:/usr/local/hadoop-2.7.3/share/hadoop/common/lib/commons-lang-2.6.jar:/usr/local/hadoop-2.7.3/share/hadoop/common/lib/commons-logging-1.1.3.jar:/usr/local/hadoop-2.7.3/share/hadoop/common/lib/commons-math3-3.1.1.jar:/usr/local/hadoop-2.7.3/share/hadoop/common/lib/commons-net-3.1.jar:/usr/local/hadoop-2.7.3/share/hadoop/common/lib/curator-client-2.7.1.jar:/usr/local/hadoop-2.7.3/share/hadoop/common/lib/curator-framework-2.7.1.jar:/usr/local/hadoop-2.7.3/share/hadoop/common/lib/curator-recipes-2.7.1.jar:/usr/local/hadoop-2.7.3/share/hadoop/common/lib/gson-2.2.4.jar:/usr/local/hadoop-2.7.3/share/hadoop/common/lib/guava-11.0.2.jar:/usr/local/hadoop-2.7.3/share/hadoop/common/lib/hadoop-annotations-2.7.3.jar:/usr/local/hadoop-2.7.3/share/hadoop/common/lib/hadoop-auth-2.7.3.jar:/usr/local/hadoop-2.7.3/share/hadoop/common/lib/hamcrest-core-1.3.jar:/usr/local/hadoop-2.7.3/share/hadoop/common/lib/htrace-core-3.1.0-incubating.jar:/usr/local/hadoop-2.7.3/share/hadoop/common/lib/httpclient-4.2.5.jar:/usr/local/hadoop-2.7.3/share/hadoop/common/lib/httpcore-4.2.5.jar:/usr/local/hadoop-2.7.3/share/hadoop/common/lib/jackson-core-asl-1.9.13.jar:/usr/local/hadoop-2.7.3/share/hadoop/common/lib/jackson-jaxrs-1.9.13.jar:/usr/local/hadoop-2.7.3/share/hadoop/common/lib/jackson-mapper-asl-1.9.13.jar:/usr/local/hadoop-2.7.3/share/hadoop/common/lib/jackson-xc-1.9.13.jar:/usr/local/hadoop-2.7.3/share/hadoop/common/lib/java-xmlbuilder-0.4.jar:/usr/local/hadoop-2.7.3/share/hadoop/common/lib/jaxb-api-2.2.2.jar:/usr/local/hadoop-2.7.3/share/hadoop/common/lib/jaxb-impl-2.2.3-1.jar:/usr/local/hadoop-2.7.3/share/hadoop/common/lib/jersey-core-1.9.jar:/usr/local/hadoop-2.7.3/share/hadoop/common/lib/jersey-json-1.9.jar:/usr/local/hadoop-2.7.3/share/hadoop/common/lib/jersey-server-1.9.jar:/usr/local/hadoop-2.7.3/share/hadoop/common/lib/jets3t-0.9.0.jar:/usr/local/hadoop-2.7.3/share/hadoop/common/lib/jettison-1.1.jar:/usr/local/hadoop-2.7.3/share/hadoop/common/lib/jetty-6.1.26.jar:/usr/local/hadoop-2.7.3/share/hadoop/common/lib/jetty-util-6.1.26.jar:/usr/local/hadoop-2.7.3/share/hadoop/common/lib/jsch-0.1.42.jar:/usr/local/hadoop-2.7.3/share/hadoop/common/lib/jsp-api-2.1.jar:/usr/local/hadoop-2.7.3/share/hadoop/common/lib/jsr305-3.0.0.jar:/usr/local/hadoop-2.7.3/share/hadoop/common/lib/junit-4.11.jar:/usr/local/hadoop-2.7.3/share/hadoop/common/lib/log4j-1.2.17.jar:/usr/local/hadoop-2.7.3/share/hadoop/common/lib/mockito-all-1.8.5.jar:/usr/local/hadoop-2.7.3/share/hadoop/common/lib/netty-3.6.2.Final.jar:/usr/local/hadoop-2.7.3/share/hadoop/common/lib/paranamer-2.3.jar:/usr/local/hadoop-2.7.3/share/hadoop/common/lib/protobuf-java-2.5.0.jar:/usr/local/hadoop-2.7.3/share/hadoop/common/lib/servlet-api-2.5.jar:/usr/local/hadoop-2.7.3/share/hadoop/common/lib/slf4j-api-1.7.10.jar:/usr/local/hadoop-2.7.3/share/hadoop/common/lib/slf4j-log4j12-1.7.10.jar:/usr/local/hadoop-2.7.3/share/hadoop/common/lib/snappy-java-1.0.4.1.jar:/usr/local/hadoop-2.7.3/share/hadoop/common/lib/stax-api-1.0-2.jar:/usr/local/hadoop-2.7.3/share/hadoop/common/lib/xmlenc-0.52.jar:/usr/local/hadoop-2.7.3/share/hadoop/common/lib/xz-1.0.jar:/usr/local/hadoop-2.7.3/share/hadoop/common/lib/zookeeper-3.4.6.jar:/usr/local/hadoop-2.7.3/share/hadoop/common/hadoop-common-2.7.3-tests.jar:/usr/local/hadoop-2.7.3/share/hadoop/common/hadoop-common-2.7.3.jar:/usr/local/hadoop-2.7.3/share/hadoop/common/hadoop-nfs-2.7.3.jar:/usr/local/hadoop-2.7.3/share/hadoop/hdfs:/usr/local/hadoop-2.7.3/share/hadoop/hdfs/lib/asm-3.2.jar:/usr/local/hadoop-2.7.3/share/hadoop/hdfs/lib/commons-cli-1.2.jar:/usr/local/hadoop-2.7.3/share/hadoop/hdfs/lib/commons-codec-1.4.jar:/usr/local/hadoop-2.7.3/share/hadoop/hdfs/lib/commons-daemon-1.0.13.jar:/usr/local/hadoop-2.7.3/share/hadoop/hdfs/lib/commons-io-2.4.jar:/usr/local/hadoop-2.7.3/share/hadoop/hdfs/lib/commons-lang-2.6.jar:/usr/local/hadoop-2.7.3/share/hadoop/hdfs/lib/commons-logging-1.1.3.jar:/usr/local/hadoop-2.7.3/share/hadoop/hdfs/lib/guava-11.0.2.jar:/usr/local/hadoop-2.7.3/share/hadoop/hdfs/lib/htrace-core-3.1.0-incubating.jar:/usr/local/hadoop-2.7.3/share/hadoop/hdfs/lib/jackson-core-asl-1.9.13.jar:/usr/local/hadoop-2.7.3/share/hadoop/hdfs/lib/jackson-mapper-asl-1.9.13.jar:/usr/local/hadoop-2.7.3/share/hadoop/hdfs/lib/jersey-core-1.9.jar:/usr/local/hadoop-2.7.3/share/hadoop/hdfs/lib/jersey-server-1.9.jar:/usr/local/hadoop-2.7.3/share/hadoop/hdfs/lib/jetty-6.1.26.jar:/usr/local/hadoop-2.7.3/share/hadoop/hdfs/lib/jetty-util-6.1.26.jar:/usr/local/hadoop-2.7.3/share/hadoop/hdfs/lib/jsr305-3.0.0.jar:/usr/local/hadoop-2.7.3/share/hadoop/hdfs/lib/leveldbjni-all-1.8.jar:/usr/local/hadoop-2.7.3/share/hadoop/hdfs/lib/log4j-1.2.17.jar:/usr/local/hadoop-2.7.3/share/hadoop/hdfs/lib/netty-3.6.2.Final.jar:/usr/local/hadoop-2.7.3/share/hadoop/hdfs/lib/netty-all-4.0.23.Final.jar:/usr/local/hadoop-2.7.3/share/hadoop/hdfs/lib/protobuf-java-2.5.0.jar:/usr/local/hadoop-2.7.3/share/hadoop/hdfs/lib/servlet-api-2.5.jar:/usr/local/hadoop-2.7.3/share/hadoop/hdfs/lib/xercesImpl-2.9.1.jar:/usr/local/hadoop-2.7.3/share/hadoop/hdfs/lib/xml-apis-1.3.04.jar:/usr/local/hadoop-2.7.3/share/hadoop/hdfs/lib/xmlenc-0.52.jar:/usr/local/hadoop-2.7.3/share/hadoop/hdfs/hadoop-hdfs-2.7.3-tests.jar:/usr/local/hadoop-2.7.3/share/hadoop/hdfs/hadoop-hdfs-2.7.3.jar:/usr/local/hadoop-2.7.3/share/hadoop/hdfs/hadoop-hdfs-nfs-2.7.3.jar:/usr/local/hadoop-2.7.3/share/hadoop/yarn/lib/activation-1.1.jar:/usr/local/hadoop-2.7.3/share/hadoop/yarn/lib/aopalliance-1.0.jar:/usr/local/hadoop-2.7.3/share/hadoop/yarn/lib/asm-3.2.jar:/usr/local/hadoop-2.7.3/share/hadoop/yarn/lib/commons-cli-1.2.jar:/usr/local/hadoop-2.7.3/share/hadoop/yarn/lib/commons-codec-1.4.jar:/usr/local/hadoop-2.7.3/share/hadoop/yarn/lib/commons-collections-3.2.2.jar:/usr/local/hadoop-2.7.3/share/hadoop/yarn/lib/commons-compress-1.4.1.jar:/usr/local/hadoop-2.7.3/share/hadoop/yarn/lib/commons-io-2.4.jar:/usr/local/hadoop-2.7.3/share/hadoop/yarn/lib/commons-lang-2.6.jar:/usr/local/hadoop-2.7.3/share/hadoop/yarn/lib/commons-logging-1.1.3.jar:/usr/local/hadoop-2.7.3/share/hadoop/yarn/lib/guava-11.0.2.jar:/usr/local/hadoop-2.7.3/share/hadoop/yarn/lib/guice-3.0.jar:/usr/local/hadoop-2.7.3/share/hadoop/yarn/lib/guice-servlet-3.0.jar:/usr/local/hadoop-2.7.3/share/hadoop/yarn/lib/jackson-core-asl-1.9.13.jar:/usr/local/hadoop-2.7.3/share/hadoop/yarn/lib/jackson-jaxrs-1.9.13.jar:/usr/local/hadoop-2.7.3/share/hadoop/yarn/lib/jackson-mapper-asl-1.9.13.jar:/usr/local/hadoop-2.7.3/share/hadoop/yarn/lib/jackson-xc-1.9.13.jar:/usr/local/hadoop-2.7.3/share/hadoop/yarn/lib/javax.inject-1.jar:/usr/local/hadoop-2.7.3/share/hadoop/yarn/lib/jaxb-api-2.2.2.jar:/usr/local/hadoop-2.7.3/share/hadoop/yarn/lib/jaxb-impl-2.2.3-1.jar:/usr/local/hadoop-2.7.3/share/hadoop/yarn/lib/jersey-client-1.9.jar:/usr/local/hadoop-2.7.3/share/hadoop/yarn/lib/jersey-core-1.9.jar:/usr/local/hadoop-2.7.3/share/hadoop/yarn/lib/jersey-guice-1.9.jar:/usr/local/hadoop-2.7.3/share/hadoop/yarn/lib/jersey-json-1.9.jar:/usr/local/hadoop-2.7.3/share/hadoop/yarn/lib/jersey-server-1.9.jar:/usr/local/hadoop-2.7.3/share/hadoop/yarn/lib/jettison-1.1.jar:/usr/local/hadoop-2.7.3/share/hadoop/yarn/lib/jetty-6.1.26.jar:/usr/local/hadoop-2.7.3/share/hadoop/yarn/lib/jetty-util-6.1.26.jar:/usr/local/hadoop-2.7.3/share/hadoop/yarn/lib/jsr305-3.0.0.jar:/usr/local/hadoop-2.7.3/share/hadoop/yarn/lib/leveldbjni-all-1.8.jar:/usr/local/hadoop-2.7.3/share/hadoop/yarn/lib/log4j-1.2.17.jar:/usr/local/hadoop-2.7.3/share/hadoop/yarn/lib/netty-3.6.2.Final.jar:/usr/local/hadoop-2.7.3/share/hadoop/yarn/lib/protobuf-java-2.5.0.jar:/usr/local/hadoop-2.7.3/share/hadoop/yarn/lib/servlet-api-2.5.jar:/usr/local/hadoop-2.7.3/share/hadoop/yarn/lib/stax-api-1.0-2.jar:/usr/local/hadoop-2.7.3/share/hadoop/yarn/lib/xz-1.0.jar:/usr/local/hadoop-2.7.3/share/hadoop/yarn/lib/zookeeper-3.4.6-tests.jar:/usr/local/hadoop-2.7.3/share/hadoop/yarn/lib/zookeeper-3.4.6.jar:/usr/local/hadoop-2.7.3/share/hadoop/yarn/hadoop-yarn-api-2.7.3.jar:/usr/local/hadoop-2.7.3/share/hadoop/yarn/hadoop-yarn-applications-distributedshell-2.7.3.jar:/usr/local/hadoop-2.7.3/share/hadoop/yarn/hadoop-yarn-applications-unmanaged-am-launcher-2.7.3.jar:/usr/local/hadoop-2.7.3/share/hadoop/yarn/hadoop-yarn-client-2.7.3.jar:/usr/local/hadoop-2.7.3/share/hadoop/yarn/hadoop-yarn-common-2.7.3.jar:/usr/local/hadoop-2.7.3/share/hadoop/yarn/hadoop-yarn-registry-2.7.3.jar:/usr/local/hadoop-2.7.3/share/hadoop/yarn/hadoop-yarn-server-applicationhistoryservice-2.7.3.jar:/usr/local/hadoop-2.7.3/share/hadoop/yarn/hadoop-yarn-server-common-2.7.3.jar:/usr/local/hadoop-2.7.3/share/hadoop/yarn/hadoop-yarn-server-nodemanager-2.7.3.jar:/usr/local/hadoop-2.7.3/share/hadoop/yarn/hadoop-yarn-server-resourcemanager-2.7.3.jar:/usr/local/hadoop-2.7.3/share/hadoop/yarn/hadoop-yarn-server-sharedcachemanager-2.7.3.jar:/usr/local/hadoop-2.7.3/share/hadoop/yarn/hadoop-yarn-server-tests-2.7.3.jar:/usr/local/hadoop-2.7.3/share/hadoop/yarn/hadoop-yarn-server-web-proxy-2.7.3.jar:/usr/local/hadoop-2.7.3/share/hadoop/mapreduce/lib/aopalliance-1.0.jar:/usr/local/hadoop-2.7.3/share/hadoop/mapreduce/lib/asm-3.2.jar:/usr/local/hadoop-2.7.3/share/hadoop/mapreduce/lib/avro-1.7.4.jar:/usr/local/hadoop-2.7.3/share/hadoop/mapreduce/lib/commons-compress-1.4.1.jar:/usr/local/hadoop-2.7.3/share/hadoop/mapreduce/lib/commons-io-2.4.jar:/usr/local/hadoop-2.7.3/share/hadoop/mapreduce/lib/guice-3.0.jar:/usr/local/hadoop-2.7.3/share/hadoop/mapreduce/lib/guice-servlet-3.0.jar:/usr/local/hadoop-2.7.3/share/hadoop/mapreduce/lib/hadoop-annotations-2.7.3.jar:/usr/local/hadoop-2.7.3/share/hadoop/mapreduce/lib/hamcrest-core-1.3.jar:/usr/local/hadoop-2.7.3/share/hadoop/mapreduce/lib/jackson-core-asl-1.9.13.jar:/usr/local/hadoop-2.7.3/share/hadoop/mapreduce/lib/jackson-mapper-asl-1.9.13.jar:/usr/local/hadoop-2.7.3/share/hadoop/mapreduce/lib/javax.inject-1.jar:/usr/local/hadoop-2.7.3/share/hadoop/mapreduce/lib/jersey-core-1.9.jar:/usr/local/hadoop-2.7.3/share/hadoop/mapreduce/lib/jersey-guice-1.9.jar:/usr/local/hadoop-2.7.3/share/hadoop/mapreduce/lib/jersey-server-1.9.jar:/usr/local/hadoop-2.7.3/share/hadoop/mapreduce/lib/junit-4.11.jar:/usr/local/hadoop-2.7.3/share/hadoop/mapreduce/lib/leveldbjni-all-1.8.jar:/usr/local/hadoop-2.7.3/share/hadoop/mapreduce/lib/log4j-1.2.17.jar:/usr/local/hadoop-2.7.3/share/hadoop/mapreduce/lib/netty-3.6.2.Final.jar:/usr/local/hadoop-2.7.3/share/hadoop/mapreduce/lib/paranamer-2.3.jar:/usr/local/hadoop-2.7.3/share/hadoop/mapreduce/lib/protobuf-java-2.5.0.jar:/usr/local/hadoop-2.7.3/share/hadoop/mapreduce/lib/snappy-java-1.0.4.1.jar:/usr/local/hadoop-2.7.3/share/hadoop/mapreduce/lib/xz-1.0.jar:/usr/local/hadoop-2.7.3/share/hadoop/mapreduce/hadoop-mapreduce-client-app-2.7.3.jar:/usr/local/hadoop-2.7.3/share/hadoop/mapreduce/hadoop-mapreduce-client-common-2.7.3.jar:/usr/local/hadoop-2.7.3/share/hadoop/mapreduce/hadoop-mapreduce-client-core-2.7.3.jar:/usr/local/hadoop-2.7.3/share/hadoop/mapreduce/hadoop-mapreduce-client-hs-2.7.3.jar:/usr/local/hadoop-2.7.3/share/hadoop/mapreduce/hadoop-mapreduce-client-hs-plugins-2.7.3.jar:/usr/local/hadoop-2.7.3/share/hadoop/mapreduce/hadoop-mapreduce-client-jobclient-2.7.3-tests.jar:/usr/local/hadoop-2.7.3/share/hadoop/mapreduce/hadoop-mapreduce-client-jobclient-2.7.3.jar:/usr/local/hadoop-2.7.3/share/hadoop/mapreduce/hadoop-mapreduce-client-shuffle-2.7.3.jar:/usr/local/hadoop-2.7.3/share/hadoop/mapreduce/hadoop-mapreduce-examples-2.7.3.jar:/contrib/capacity-scheduler/*.jar:/contrib/capacity-scheduler/*.jar:/usr/local/hadoop-2.7.3/share/hadoop/mapreduce/hadoop-mapreduce-client-app-2.7.3.jar:/usr/local/hadoop-2.7.3/share/hadoop/mapreduce/hadoop-mapreduce-client-common-2.7.3.jar:/usr/local/hadoop-2.7.3/share/hadoop/mapreduce/hadoop-mapreduce-client-core-2.7.3.jar:/usr/local/hadoop-2.7.3/share/hadoop/mapreduce/hadoop-mapreduce-client-hs-2.7.3.jar:/usr/local/hadoop-2.7.3/share/hadoop/mapreduce/hadoop-mapreduce-client-hs-plugins-2.7.3.jar:/usr/local/hadoop-2.7.3/share/hadoop/mapreduce/hadoop-mapreduce-client-jobclient-2.7.3-tests.jar:/usr/local/hadoop-2.7.3/share/hadoop/mapreduce/hadoop-mapreduce-client-jobclient-2.7.3.jar:/usr/local/hadoop-2.7.3/share/hadoop/mapreduce/hadoop-mapreduce-client-shuffle-2.7.3.jar:/usr/local/hadoop-2.7.3/share/hadoop/mapreduce/hadoop-mapreduce-examples-2.7.3.jar:/usr/local/hadoop-2.7.3/share/hadoop/yarn/hadoop-yarn-api-2.7.3.jar:/usr/local/hadoop-2.7.3/share/hadoop/yarn/hadoop-yarn-applications-distributedshell-2.7.3.jar:/usr/local/hadoop-2.7.3/share/hadoop/yarn/hadoop-yarn-applications-unmanaged-am-launcher-2.7.3.jar:/usr/local/hadoop-2.7.3/share/hadoop/yarn/hadoop-yarn-client-2.7.3.jar:/usr/local/hadoop-2.7.3/share/hadoop/yarn/hadoop-yarn-common-2.7.3.jar:/usr/local/hadoop-2.7.3/share/hadoop/yarn/hadoop-yarn-registry-2.7.3.jar:/usr/local/hadoop-2.7.3/share/hadoop/yarn/hadoop-yarn-server-applicationhistoryservice-2.7.3.jar:/usr/local/hadoop-2.7.3/share/hadoop/yarn/hadoop-yarn-server-common-2.7.3.jar:/usr/local/hadoop-2.7.3/share/hadoop/yarn/hadoop-yarn-server-nodemanager-2.7.3.jar:/usr/local/hadoop-2.7.3/share/hadoop/yarn/hadoop-yarn-server-resourcemanager-2.7.3.jar:/usr/local/hadoop-2.7.3/share/hadoop/yarn/hadoop-yarn-server-sharedcachemanager-2.7.3.jar:/usr/local/hadoop-2.7.3/share/hadoop/yarn/hadoop-yarn-server-tests-2.7.3.jar:/usr/local/hadoop-2.7.3/share/hadoop/yarn/hadoop-yarn-server-web-proxy-2.7.3.jar:/usr/local/hadoop-2.7.3/share/hadoop/mapreduce/lib/aopalliance-1.0.jar:/usr/local/hadoop-2.7.3/share/hadoop/mapreduce/lib/asm-3.2.jar:/usr/local/hadoop-2.7.3/share/hadoop/mapreduce/lib/avro-1.7.4.jar:/usr/local/hadoop-2.7.3/share/hadoop/mapreduce/lib/commons-compress-1.4.1.jar:/usr/local/hadoop-2.7.3/share/hadoop/mapreduce/lib/commons-io-2.4.jar:/usr/local/hadoop-2.7.3/share/hadoop/mapreduce/lib/guice-3.0.jar:/usr/local/hadoop-2.7.3/share/hadoop/mapreduce/lib/guice-servlet-3.0.jar:/usr/local/hadoop-2.7.3/share/hadoop/mapreduce/lib/hadoop-annotations-2.7.3.jar:/usr/local/hadoop-2.7.3/share/hadoop/mapreduce/lib/hamcrest-core-1.3.jar:/usr/local/hadoop-2.7.3/share/hadoop/mapreduce/lib/jackson-core-asl-1.9.13.jar:/usr/local/hadoop-2.7.3/share/hadoop/mapreduce/lib/jackson-mapper-asl-1.9.13.jar:/usr/local/hadoop-2.7.3/share/hadoop/mapreduce/lib/javax.inject-1.jar:/usr/local/hadoop-2.7.3/share/hadoop/mapreduce/lib/jersey-core-1.9.jar:/usr/local/hadoop-2.7.3/share/hadoop/mapreduce/lib/jersey-guice-1.9.jar:/usr/local/hadoop-2.7.3/share/hadoop/mapreduce/lib/jersey-server-1.9.jar:/usr/local/hadoop-2.7.3/share/hadoop/mapreduce/lib/junit-4.11.jar:/usr/local/hadoop-2.7.3/share/hadoop/mapreduce/lib/leveldbjni-all-1.8.jar:/usr/local/hadoop-2.7.3/share/hadoop/mapreduce/lib/log4j-1.2.17.jar:/usr/local/hadoop-2.7.3/share/hadoop/mapreduce/lib/netty-3.6.2.Final.jar:/usr/local/hadoop-2.7.3/share/hadoop/mapreduce/lib/paranamer-2.3.jar:/usr/local/hadoop-2.7.3/share/hadoop/mapreduce/lib/protobuf-java-2.5.0.jar:/usr/local/hadoop-2.7.3/share/hadoop/mapreduce/lib/snappy-java-1.0.4.1.jar:/usr/local/hadoop-2.7.3/share/hadoop/mapreduce/lib/xz-1.0.jar:/usr/local/hadoop-2.7.3/modules/*.jar
STARTUP_MSG:   build = https://git-wip-us.apache.org/repos/asf/hadoop.git -r baa91f7c6bc9cb92be5982de4719c1c8af91ccff; compiled by 'root' on 2016-08-18T01:41Z
STARTUP_MSG:   java = 1.7.0_80
************************************************************/
2017-01-23 11:50:07,755 INFO org.apache.hadoop.mapreduce.v2.hs.JobHistoryServer: registered UNIX signal handlers for [TERM, HUP, INT]
2017-01-23 11:50:08,406 WARN org.apache.hadoop.util.NativeCodeLoader: Unable to load native-hadoop library for your platform... using builtin-java classes where applicable
2017-01-23 11:50:08,650 INFO org.apache.hadoop.mapreduce.v2.hs.JobHistory: JobHistory Init
2017-01-23 11:50:09,156 INFO org.apache.hadoop.mapreduce.v2.jobhistory.JobHistoryUtils: Default file system [hdfs://localhost:8020]
2017-01-23 11:50:09,202 INFO org.apache.hadoop.mapreduce.v2.hs.HistoryFileManager: Waiting for FileSystem at localhost:8020to be available
2017-01-23 11:50:19,234 INFO org.apache.hadoop.mapreduce.v2.jobhistory.JobHistoryUtils: Default file system [hdfs://localhost:8020]
2017-01-23 11:50:29,268 INFO org.apache.hadoop.mapreduce.v2.jobhistory.JobHistoryUtils: Default file system [hdfs://localhost:8020]
2017-01-23 11:50:39,297 INFO org.apache.hadoop.mapreduce.v2.jobhistory.JobHistoryUtils: Default file system [hdfs://localhost:8020]
2017-01-23 11:50:39,302 INFO org.apache.hadoop.mapreduce.v2.hs.HistoryFileManager: Waiting for FileSystem at localhost:8020to be available
2017-01-23 11:50:49,327 INFO org.apache.hadoop.mapreduce.v2.jobhistory.JobHistoryUtils: Default file system [hdfs://localhost:8020]
2017-01-23 11:50:59,351 INFO org.apache.hadoop.mapreduce.v2.jobhistory.JobHistoryUtils: Default file system [hdfs://localhost:8020]
2017-01-23 11:51:09,394 INFO org.apache.hadoop.mapreduce.v2.jobhistory.JobHistoryUtils: Default file system [hdfs://localhost:8020]
2017-01-23 11:51:09,403 INFO org.apache.hadoop.mapreduce.v2.hs.HistoryFileManager: Waiting for FileSystem at localhost:8020to be available
2017-01-23 11:51:19,426 INFO org.apache.hadoop.mapreduce.v2.jobhistory.JobHistoryUtils: Default file system [hdfs://localhost:8020]
2017-01-23 11:51:29,458 INFO org.apache.hadoop.mapreduce.v2.jobhistory.JobHistoryUtils: Default file system [hdfs://localhost:8020]
2017-01-23 11:51:39,489 INFO org.apache.hadoop.mapreduce.v2.jobhistory.JobHistoryUtils: Default file system [hdfs://localhost:8020]
2017-01-23 11:51:39,495 INFO org.apache.hadoop.mapreduce.v2.hs.HistoryFileManager: Waiting for FileSystem at localhost:8020to be available
2017-01-23 11:51:49,534 INFO org.apache.hadoop.mapreduce.v2.jobhistory.JobHistoryUtils: Default file system [hdfs://localhost:8020]
2017-01-23 11:51:59,565 INFO org.apache.hadoop.mapreduce.v2.jobhistory.JobHistoryUtils: Default file system [hdfs://localhost:8020]
2017-01-23 11:52:09,598 INFO org.apache.hadoop.mapreduce.v2.jobhistory.JobHistoryUtils: Default file system [hdfs://localhost:8020]
2017-01-23 11:52:09,602 INFO org.apache.hadoop.mapreduce.v2.hs.HistoryFileManager: Waiting for FileSystem at localhost:8020to be available
2017-01-23 11:52:19,625 INFO org.apache.hadoop.mapreduce.v2.jobhistory.JobHistoryUtils: Default file system [hdfs://localhost:8020]
2017-01-23 11:52:29,651 INFO org.apache.hadoop.mapreduce.v2.jobhistory.JobHistoryUtils: Default file system [hdfs://localhost:8020]
2017-01-23 11:52:39,677 INFO org.apache.hadoop.mapreduce.v2.jobhistory.JobHistoryUtils: Default file system [hdfs://localhost:8020]
2017-01-23 11:52:39,682 INFO org.apache.hadoop.mapreduce.v2.hs.HistoryFileManager: Waiting for FileSystem at localhost:8020to be available
2017-01-23 11:52:49,702 INFO org.apache.hadoop.mapreduce.v2.jobhistory.JobHistoryUtils: Default file system [hdfs://localhost:8020]
2017-01-23 11:52:59,727 INFO org.apache.hadoop.mapreduce.v2.jobhistory.JobHistoryUtils: Default file system [hdfs://localhost:8020]
2017-01-23 11:53:09,750 INFO org.apache.hadoop.mapreduce.v2.jobhistory.JobHistoryUtils: Default file system [hdfs://localhost:8020]
2017-01-23 11:53:09,754 INFO org.apache.hadoop.mapreduce.v2.hs.HistoryFileManager: Waiting for FileSystem at localhost:8020to be available
2017-01-23 11:53:19,775 INFO org.apache.hadoop.mapreduce.v2.jobhistory.JobHistoryUtils: Default file system [hdfs://localhost:8020]
2017-01-23 11:53:29,801 INFO org.apache.hadoop.mapreduce.v2.jobhistory.JobHistoryUtils: Default file system [hdfs://localhost:8020]
2017-01-23 11:53:39,833 INFO org.apache.hadoop.mapreduce.v2.jobhistory.JobHistoryUtils: Default file system [hdfs://localhost:8020]
2017-01-23 11:53:39,837 INFO org.apache.hadoop.mapreduce.v2.hs.HistoryFileManager: Waiting for FileSystem at localhost:8020to be available
2017-01-23 11:53:49,863 INFO org.apache.hadoop.mapreduce.v2.jobhistory.JobHistoryUtils: Default file system [hdfs://localhost:8020]
2017-01-23 11:53:59,892 INFO org.apache.hadoop.mapreduce.v2.jobhistory.JobHistoryUtils: Default file system [hdfs://localhost:8020]
2017-01-23 11:54:09,927 INFO org.apache.hadoop.mapreduce.v2.jobhistory.JobHistoryUtils: Default file system [hdfs://localhost:8020]
2017-01-23 11:54:09,930 INFO org.apache.hadoop.mapreduce.v2.hs.HistoryFileManager: Waiting for FileSystem at localhost:8020to be available
2017-01-23 11:54:19,954 INFO org.apache.hadoop.mapreduce.v2.jobhistory.JobHistoryUtils: Default file system [hdfs://localhost:8020]
2017-01-23 11:54:29,976 INFO org.apache.hadoop.mapreduce.v2.jobhistory.JobHistoryUtils: Default file system [hdfs://localhost:8020]
2017-01-23 11:54:40,002 INFO org.apache.hadoop.mapreduce.v2.jobhistory.JobHistoryUtils: Default file system [hdfs://localhost:8020]
2017-01-23 11:54:40,006 INFO org.apache.hadoop.mapreduce.v2.hs.HistoryFileManager: Waiting for FileSystem at localhost:8020to be available
2017-01-23 11:54:50,027 INFO org.apache.hadoop.mapreduce.v2.jobhistory.JobHistoryUtils: Default file system [hdfs://localhost:8020]
2017-01-23 11:55:00,053 INFO org.apache.hadoop.mapreduce.v2.jobhistory.JobHistoryUtils: Default file system [hdfs://localhost:8020]
2017-01-23 11:55:10,080 INFO org.apache.hadoop.mapreduce.v2.jobhistory.JobHistoryUtils: Default file system [hdfs://localhost:8020]
2017-01-23 11:55:10,083 INFO org.apache.hadoop.mapreduce.v2.hs.HistoryFileManager: Waiting for FileSystem at localhost:8020to be available
2017-01-23 11:55:20,106 INFO org.apache.hadoop.mapreduce.v2.jobhistory.JobHistoryUtils: Default file system [hdfs://localhost:8020]
2017-01-23 11:55:30,132 INFO org.apache.hadoop.mapreduce.v2.jobhistory.JobHistoryUtils: Default file system [hdfs://localhost:8020]
2017-01-23 11:55:40,157 INFO org.apache.hadoop.mapreduce.v2.jobhistory.JobHistoryUtils: Default file system [hdfs://localhost:8020]
2017-01-23 11:55:40,160 INFO org.apache.hadoop.mapreduce.v2.hs.HistoryFileManager: Waiting for FileSystem at localhost:8020to be available
2017-01-23 11:55:50,173 INFO org.apache.hadoop.mapreduce.v2.jobhistory.JobHistoryUtils: Default file system [hdfs://localhost:8020]
2017-01-23 11:56:00,197 INFO org.apache.hadoop.mapreduce.v2.jobhistory.JobHistoryUtils: Default file system [hdfs://localhost:8020]
2017-01-23 11:56:10,234 INFO org.apache.hadoop.mapreduce.v2.jobhistory.JobHistoryUtils: Default file system [hdfs://localhost:8020]
2017-01-23 11:56:10,240 INFO org.apache.hadoop.mapreduce.v2.hs.HistoryFileManager: Waiting for FileSystem at localhost:8020to be available
2017-01-23 11:56:20,258 INFO org.apache.hadoop.mapreduce.v2.jobhistory.JobHistoryUtils: Default file system [hdfs://localhost:8020]
2017-01-23 11:56:30,283 INFO org.apache.hadoop.mapreduce.v2.jobhistory.JobHistoryUtils: Default file system [hdfs://localhost:8020]
2017-01-23 11:56:40,303 INFO org.apache.hadoop.mapreduce.v2.jobhistory.JobHistoryUtils: Default file system [hdfs://localhost:8020]
2017-01-23 11:56:40,306 INFO org.apache.hadoop.mapreduce.v2.hs.HistoryFileManager: Waiting for FileSystem at localhost:8020to be available
2017-01-23 11:56:50,325 INFO org.apache.hadoop.mapreduce.v2.jobhistory.JobHistoryUtils: Default file system [hdfs://localhost:8020]
2017-01-23 11:57:00,354 INFO org.apache.hadoop.mapreduce.v2.jobhistory.JobHistoryUtils: Default file system [hdfs://localhost:8020]
2017-01-23 11:57:10,382 INFO org.apache.hadoop.mapreduce.v2.jobhistory.JobHistoryUtils: Default file system [hdfs://localhost:8020]
2017-01-23 11:57:10,386 INFO org.apache.hadoop.mapreduce.v2.hs.HistoryFileManager: Waiting for FileSystem at localhost:8020to be available
2017-01-23 11:57:20,411 INFO org.apache.hadoop.mapreduce.v2.jobhistory.JobHistoryUtils: Default file system [hdfs://localhost:8020]
2017-01-23 11:57:30,435 INFO org.apache.hadoop.mapreduce.v2.jobhistory.JobHistoryUtils: Default file system [hdfs://localhost:8020]
2017-01-23 11:57:40,464 INFO org.apache.hadoop.mapreduce.v2.jobhistory.JobHistoryUtils: Default file system [hdfs://localhost:8020]
2017-01-23 11:57:40,467 INFO org.apache.hadoop.mapreduce.v2.hs.HistoryFileManager: Waiting for FileSystem at localhost:8020to be available
2017-01-23 11:57:50,489 INFO org.apache.hadoop.mapreduce.v2.jobhistory.JobHistoryUtils: Default file system [hdfs://localhost:8020]
2017-01-23 11:58:00,513 INFO org.apache.hadoop.mapreduce.v2.jobhistory.JobHistoryUtils: Default file system [hdfs://localhost:8020]
2017-01-23 11:58:10,544 INFO org.apache.hadoop.mapreduce.v2.jobhistory.JobHistoryUtils: Default file system [hdfs://localhost:8020]
2017-01-23 11:58:10,547 INFO org.apache.hadoop.mapreduce.v2.hs.HistoryFileManager: Waiting for FileSystem at localhost:8020to be available
2017-01-23 11:58:20,586 INFO org.apache.hadoop.mapreduce.v2.jobhistory.JobHistoryUtils: Default file system [hdfs://localhost:8020]
2017-01-23 11:58:30,617 INFO org.apache.hadoop.mapreduce.v2.jobhistory.JobHistoryUtils: Default file system [hdfs://localhost:8020]
2017-01-23 11:58:40,642 INFO org.apache.hadoop.mapreduce.v2.jobhistory.JobHistoryUtils: Default file system [hdfs://localhost:8020]
2017-01-23 11:58:40,645 INFO org.apache.hadoop.mapreduce.v2.hs.HistoryFileManager: Waiting for FileSystem at localhost:8020to be available
2017-01-23 11:58:50,669 INFO org.apache.hadoop.mapreduce.v2.jobhistory.JobHistoryUtils: Default file system [hdfs://localhost:8020]
2017-01-23 11:59:00,696 INFO org.apache.hadoop.mapreduce.v2.jobhistory.JobHistoryUtils: Default file system [hdfs://localhost:8020]
2017-01-23 11:59:10,735 INFO org.apache.hadoop.mapreduce.v2.jobhistory.JobHistoryUtils: Default file system [hdfs://localhost:8020]
2017-01-23 11:59:10,738 INFO org.apache.hadoop.mapreduce.v2.hs.HistoryFileManager: Waiting for FileSystem at localhost:8020to be available
2017-01-23 11:59:20,757 INFO org.apache.hadoop.mapreduce.v2.jobhistory.JobHistoryUtils: Default file system [hdfs://localhost:8020]
2017-01-23 11:59:30,783 INFO org.apache.hadoop.mapreduce.v2.jobhistory.JobHistoryUtils: Default file system [hdfs://localhost:8020]
2017-01-23 11:59:40,814 INFO org.apache.hadoop.mapreduce.v2.jobhistory.JobHistoryUtils: Default file system [hdfs://localhost:8020]
2017-01-23 11:59:40,817 INFO org.apache.hadoop.mapreduce.v2.hs.HistoryFileManager: Waiting for FileSystem at localhost:8020to be available
2017-01-23 11:59:50,837 INFO org.apache.hadoop.mapreduce.v2.jobhistory.JobHistoryUtils: Default file system [hdfs://localhost:8020]
2017-01-23 12:00:00,860 INFO org.apache.hadoop.mapreduce.v2.jobhistory.JobHistoryUtils: Default file system [hdfs://localhost:8020]
2017-01-23 12:00:10,881 INFO org.apache.hadoop.mapreduce.v2.jobhistory.JobHistoryUtils: Default file system [hdfs://localhost:8020]
2017-01-23 12:00:10,886 INFO org.apache.hadoop.mapreduce.v2.hs.HistoryFileManager: Waiting for FileSystem at localhost:8020to be available
2017-01-23 12:00:20,907 INFO org.apache.hadoop.mapreduce.v2.jobhistory.JobHistoryUtils: Default file system [hdfs://localhost:8020]
2017-01-23 12:00:30,932 INFO org.apache.hadoop.mapreduce.v2.jobhistory.JobHistoryUtils: Default file system [hdfs://localhost:8020]
2017-01-23 12:00:40,959 INFO org.apache.hadoop.mapreduce.v2.jobhistory.JobHistoryUtils: Default file system [hdfs://localhost:8020]
2017-01-23 12:00:40,962 INFO org.apache.hadoop.mapreduce.v2.hs.HistoryFileManager: Waiting for FileSystem at localhost:8020to be available
2017-01-23 12:00:50,985 INFO org.apache.hadoop.mapreduce.v2.jobhistory.JobHistoryUtils: Default file system [hdfs://localhost:8020]
2017-01-23 12:01:01,011 INFO org.apache.hadoop.mapreduce.v2.jobhistory.JobHistoryUtils: Default file system [hdfs://localhost:8020]
2017-01-23 12:01:11,033 INFO org.apache.hadoop.mapreduce.v2.jobhistory.JobHistoryUtils: Default file system [hdfs://localhost:8020]
2017-01-23 12:01:11,037 INFO org.apache.hadoop.mapreduce.v2.hs.HistoryFileManager: Waiting for FileSystem at localhost:8020to be available
2017-01-23 12:01:21,058 INFO org.apache.hadoop.mapreduce.v2.jobhistory.JobHistoryUtils: Default file system [hdfs://localhost:8020]
2017-01-23 12:01:31,082 INFO org.apache.hadoop.mapreduce.v2.jobhistory.JobHistoryUtils: Default file system [hdfs://localhost:8020]
2017-01-23 12:01:41,113 INFO org.apache.hadoop.mapreduce.v2.jobhistory.JobHistoryUtils: Default file system [hdfs://localhost:8020]
2017-01-23 12:01:41,116 INFO org.apache.hadoop.mapreduce.v2.hs.HistoryFileManager: Waiting for FileSystem at localhost:8020to be available
2017-01-23 12:01:51,130 INFO org.apache.hadoop.mapreduce.v2.jobhistory.JobHistoryUtils: Default file system [hdfs://localhost:8020]
2017-01-23 12:02:01,160 INFO org.apache.hadoop.mapreduce.v2.jobhistory.JobHistoryUtils: Default file system [hdfs://localhost:8020]
2017-01-23 12:02:11,186 INFO org.apache.hadoop.mapreduce.v2.jobhistory.JobHistoryUtils: Default file system [hdfs://localhost:8020]
2017-01-23 12:02:11,189 INFO org.apache.hadoop.mapreduce.v2.hs.HistoryFileManager: Waiting for FileSystem at localhost:8020to be available
2017-01-23 12:02:21,216 INFO org.apache.hadoop.mapreduce.v2.jobhistory.JobHistoryUtils: Default file system [hdfs://localhost:8020]
2017-01-23 12:02:31,241 INFO org.apache.hadoop.mapreduce.v2.jobhistory.JobHistoryUtils: Default file system [hdfs://localhost:8020]
2017-01-23 12:02:41,268 INFO org.apache.hadoop.mapreduce.v2.jobhistory.JobHistoryUtils: Default file system [hdfs://localhost:8020]
2017-01-23 12:02:41,270 INFO org.apache.hadoop.mapreduce.v2.hs.HistoryFileManager: Waiting for FileSystem at localhost:8020to be available
2017-01-23 12:02:51,292 INFO org.apache.hadoop.mapreduce.v2.jobhistory.JobHistoryUtils: Default file system [hdfs://localhost:8020]
2017-01-23 12:03:01,323 INFO org.apache.hadoop.mapreduce.v2.jobhistory.JobHistoryUtils: Default file system [hdfs://localhost:8020]
2017-01-23 12:03:11,346 INFO org.apache.hadoop.mapreduce.v2.jobhistory.JobHistoryUtils: Default file system [hdfs://localhost:8020]
2017-01-23 12:03:11,349 INFO org.apache.hadoop.mapreduce.v2.hs.HistoryFileManager: Waiting for FileSystem at localhost:8020to be available
2017-01-23 12:03:21,368 INFO org.apache.hadoop.mapreduce.v2.jobhistory.JobHistoryUtils: Default file system [hdfs://localhost:8020]
2017-01-23 12:03:31,388 INFO org.apache.hadoop.mapreduce.v2.jobhistory.JobHistoryUtils: Default file system [hdfs://localhost:8020]
2017-01-23 12:03:41,412 INFO org.apache.hadoop.mapreduce.v2.jobhistory.JobHistoryUtils: Default file system [hdfs://localhost:8020]
2017-01-23 12:03:41,417 INFO org.apache.hadoop.mapreduce.v2.hs.HistoryFileManager: Waiting for FileSystem at localhost:8020to be available
2017-01-23 12:03:51,456 INFO org.apache.hadoop.mapreduce.v2.jobhistory.JobHistoryUtils: Default file system [hdfs://localhost:8020]
2017-01-23 12:04:01,490 INFO org.apache.hadoop.mapreduce.v2.jobhistory.JobHistoryUtils: Default file system [hdfs://localhost:8020]
2017-01-23 12:04:11,514 INFO org.apache.hadoop.mapreduce.v2.jobhistory.JobHistoryUtils: Default file system [hdfs://localhost:8020]
2017-01-23 12:04:11,517 INFO org.apache.hadoop.mapreduce.v2.hs.HistoryFileManager: Waiting for FileSystem at localhost:8020to be available
2017-01-23 12:04:21,542 INFO org.apache.hadoop.mapreduce.v2.jobhistory.JobHistoryUtils: Default file system [hdfs://localhost:8020]
2017-01-23 12:04:31,573 INFO org.apache.hadoop.mapreduce.v2.jobhistory.JobHistoryUtils: Default file system [hdfs://localhost:8020]
2017-01-23 12:04:41,601 INFO org.apache.hadoop.mapreduce.v2.jobhistory.JobHistoryUtils: Default file system [hdfs://localhost:8020]
2017-01-23 12:04:41,604 INFO org.apache.hadoop.mapreduce.v2.hs.HistoryFileManager: Waiting for FileSystem at localhost:8020to be available
2017-01-23 12:04:51,626 INFO org.apache.hadoop.mapreduce.v2.jobhistory.JobHistoryUtils: Default file system [hdfs://localhost:8020]
2017-01-23 12:05:01,653 INFO org.apache.hadoop.mapreduce.v2.jobhistory.JobHistoryUtils: Default file system [hdfs://localhost:8020]
2017-01-23 12:05:11,675 INFO org.apache.hadoop.mapreduce.v2.jobhistory.JobHistoryUtils: Default file system [hdfs://localhost:8020]
2017-01-23 12:05:11,682 INFO org.apache.hadoop.mapreduce.v2.hs.HistoryFileManager: Waiting for FileSystem at localhost:8020to be available
2017-01-23 12:05:21,704 INFO org.apache.hadoop.mapreduce.v2.jobhistory.JobHistoryUtils: Default file system [hdfs://localhost:8020]
2017-01-23 12:05:31,735 INFO org.apache.hadoop.mapreduce.v2.jobhistory.JobHistoryUtils: Default file system [hdfs://localhost:8020]
2017-01-23 12:05:41,760 INFO org.apache.hadoop.mapreduce.v2.jobhistory.JobHistoryUtils: Default file system [hdfs://localhost:8020]
2017-01-23 12:05:41,762 INFO org.apache.hadoop.mapreduce.v2.hs.HistoryFileManager: Waiting for FileSystem at localhost:8020to be available
2017-01-23 12:05:51,789 INFO org.apache.hadoop.mapreduce.v2.jobhistory.JobHistoryUtils: Default file system [hdfs://localhost:8020]
2017-01-23 12:06:01,816 INFO org.apache.hadoop.mapreduce.v2.jobhistory.JobHistoryUtils: Default file system [hdfs://localhost:8020]
2017-01-23 12:06:11,842 INFO org.apache.hadoop.mapreduce.v2.jobhistory.JobHistoryUtils: Default file system [hdfs://localhost:8020]
2017-01-23 12:06:11,844 INFO org.apache.hadoop.mapreduce.v2.hs.HistoryFileManager: Waiting for FileSystem at localhost:8020to be available
2017-01-23 12:06:21,878 INFO org.apache.hadoop.mapreduce.v2.jobhistory.JobHistoryUtils: Default file system [hdfs://localhost:8020]
2017-01-23 12:06:31,902 INFO org.apache.hadoop.mapreduce.v2.jobhistory.JobHistoryUtils: Default file system [hdfs://localhost:8020]
2017-01-23 12:06:41,924 INFO org.apache.hadoop.mapreduce.v2.jobhistory.JobHistoryUtils: Default file system [hdfs://localhost:8020]
2017-01-23 12:06:41,926 INFO org.apache.hadoop.mapreduce.v2.hs.HistoryFileManager: Waiting for FileSystem at localhost:8020to be available
2017-01-23 12:06:51,950 INFO org.apache.hadoop.mapreduce.v2.jobhistory.JobHistoryUtils: Default file system [hdfs://localhost:8020]
2017-01-23 12:07:01,977 INFO org.apache.hadoop.mapreduce.v2.jobhistory.JobHistoryUtils: Default file system [hdfs://localhost:8020]
2017-01-23 12:07:12,005 INFO org.apache.hadoop.mapreduce.v2.jobhistory.JobHistoryUtils: Default file system [hdfs://localhost:8020]
2017-01-23 12:07:12,009 INFO org.apache.hadoop.mapreduce.v2.hs.HistoryFileManager: Waiting for FileSystem at localhost:8020to be available
2017-01-23 12:07:22,035 INFO org.apache.hadoop.mapreduce.v2.jobhistory.JobHistoryUtils: Default file system [hdfs://localhost:8020]
2017-01-23 12:07:32,059 INFO org.apache.hadoop.mapreduce.v2.jobhistory.JobHistoryUtils: Default file system [hdfs://localhost:8020]
2017-01-23 12:07:42,096 INFO org.apache.hadoop.mapreduce.v2.jobhistory.JobHistoryUtils: Default file system [hdfs://localhost:8020]
2017-01-23 12:07:42,103 INFO org.apache.hadoop.mapreduce.v2.hs.HistoryFileManager: Waiting for FileSystem at localhost:8020to be available
2017-01-23 12:07:52,129 INFO org.apache.hadoop.mapreduce.v2.jobhistory.JobHistoryUtils: Default file system [hdfs://localhost:8020]
2017-01-23 12:08:02,154 INFO org.apache.hadoop.mapreduce.v2.jobhistory.JobHistoryUtils: Default file system [hdfs://localhost:8020]
2017-01-23 12:08:12,172 INFO org.apache.hadoop.mapreduce.v2.jobhistory.JobHistoryUtils: Default file system [hdfs://localhost:8020]
2017-01-23 12:08:12,177 INFO org.apache.hadoop.mapreduce.v2.hs.HistoryFileManager: Waiting for FileSystem at localhost:8020to be available
2017-01-23 12:08:22,200 INFO org.apache.hadoop.mapreduce.v2.jobhistory.JobHistoryUtils: Default file system [hdfs://localhost:8020]
2017-01-23 12:08:32,226 INFO org.apache.hadoop.mapreduce.v2.jobhistory.JobHistoryUtils: Default file system [hdfs://localhost:8020]
2017-01-23 12:08:42,250 INFO org.apache.hadoop.mapreduce.v2.jobhistory.JobHistoryUtils: Default file system [hdfs://localhost:8020]
2017-01-23 12:08:42,256 INFO org.apache.hadoop.mapreduce.v2.hs.HistoryFileManager: Waiting for FileSystem at localhost:8020to be available
2017-01-23 12:08:52,272 INFO org.apache.hadoop.mapreduce.v2.jobhistory.JobHistoryUtils: Default file system [hdfs://localhost:8020]
2017-01-23 12:09:02,297 INFO org.apache.hadoop.mapreduce.v2.jobhistory.JobHistoryUtils: Default file system [hdfs://localhost:8020]
2017-01-23 12:09:12,318 INFO org.apache.hadoop.mapreduce.v2.jobhistory.JobHistoryUtils: Default file system [hdfs://localhost:8020]
2017-01-23 12:09:12,320 INFO org.apache.hadoop.mapreduce.v2.hs.HistoryFileManager: Waiting for FileSystem at localhost:8020to be available
2017-01-23 12:09:22,337 INFO org.apache.hadoop.mapreduce.v2.jobhistory.JobHistoryUtils: Default file system [hdfs://localhost:8020]
2017-01-23 12:09:32,360 INFO org.apache.hadoop.mapreduce.v2.jobhistory.JobHistoryUtils: Default file system [hdfs://localhost:8020]
2017-01-23 12:09:42,379 INFO org.apache.hadoop.mapreduce.v2.jobhistory.JobHistoryUtils: Default file system [hdfs://localhost:8020]
2017-01-23 12:09:42,386 INFO org.apache.hadoop.mapreduce.v2.hs.HistoryFileManager: Waiting for FileSystem at localhost:8020to be available
2017-01-23 12:09:52,402 INFO org.apache.hadoop.mapreduce.v2.jobhistory.JobHistoryUtils: Default file system [hdfs://localhost:8020]
2017-01-23 12:10:02,426 INFO org.apache.hadoop.mapreduce.v2.jobhistory.JobHistoryUtils: Default file system [hdfs://localhost:8020]
2017-01-23 12:10:12,453 INFO org.apache.hadoop.mapreduce.v2.jobhistory.JobHistoryUtils: Default file system [hdfs://localhost:8020]
2017-01-23 12:10:12,456 INFO org.apache.hadoop.mapreduce.v2.hs.HistoryFileManager: Waiting for FileSystem at localhost:8020to be available
2017-01-23 12:10:22,474 INFO org.apache.hadoop.mapreduce.v2.jobhistory.JobHistoryUtils: Default file system [hdfs://localhost:8020]
2017-01-23 12:10:32,494 INFO org.apache.hadoop.mapreduce.v2.jobhistory.JobHistoryUtils: Default file system [hdfs://localhost:8020]
2017-01-23 12:10:42,516 INFO org.apache.hadoop.mapreduce.v2.jobhistory.JobHistoryUtils: Default file system [hdfs://localhost:8020]
2017-01-23 12:10:42,518 INFO org.apache.hadoop.mapreduce.v2.hs.HistoryFileManager: Waiting for FileSystem at localhost:8020to be available
2017-01-23 12:10:52,543 INFO org.apache.hadoop.mapreduce.v2.jobhistory.JobHistoryUtils: Default file system [hdfs://localhost:8020]
2017-01-23 12:11:02,568 INFO org.apache.hadoop.mapreduce.v2.jobhistory.JobHistoryUtils: Default file system [hdfs://localhost:8020]
2017-01-23 12:11:12,597 INFO org.apache.hadoop.mapreduce.v2.jobhistory.JobHistoryUtils: Default file system [hdfs://localhost:8020]
2017-01-23 12:11:12,602 INFO org.apache.hadoop.mapreduce.v2.hs.HistoryFileManager: Waiting for FileSystem at localhost:8020to be available
2017-01-23 12:11:22,624 INFO org.apache.hadoop.mapreduce.v2.jobhistory.JobHistoryUtils: Default file system [hdfs://localhost:8020]
2017-01-23 12:11:32,644 INFO org.apache.hadoop.mapreduce.v2.jobhistory.JobHistoryUtils: Default file system [hdfs://localhost:8020]
2017-01-23 12:11:42,673 INFO org.apache.hadoop.mapreduce.v2.jobhistory.JobHistoryUtils: Default file system [hdfs://localhost:8020]
2017-01-23 12:11:42,676 INFO org.apache.hadoop.mapreduce.v2.hs.HistoryFileManager: Waiting for FileSystem at localhost:8020to be available
2017-01-23 12:11:52,695 INFO org.apache.hadoop.mapreduce.v2.jobhistory.JobHistoryUtils: Default file system [hdfs://localhost:8020]
2017-01-23 12:12:02,720 INFO org.apache.hadoop.mapreduce.v2.jobhistory.JobHistoryUtils: Default file system [hdfs://localhost:8020]
2017-01-23 12:12:12,745 INFO org.apache.hadoop.mapreduce.v2.jobhistory.JobHistoryUtils: Default file system [hdfs://localhost:8020]
2017-01-23 12:12:12,749 INFO org.apache.hadoop.mapreduce.v2.hs.HistoryFileManager: Waiting for FileSystem at localhost:8020to be available
2017-01-23 12:12:22,765 INFO org.apache.hadoop.mapreduce.v2.jobhistory.JobHistoryUtils: Default file system [hdfs://localhost:8020]
2017-01-23 12:12:32,785 INFO org.apache.hadoop.mapreduce.v2.jobhistory.JobHistoryUtils: Default file system [hdfs://localhost:8020]
2017-01-23 12:12:42,819 INFO org.apache.hadoop.mapreduce.v2.jobhistory.JobHistoryUtils: Default file system [hdfs://localhost:8020]
2017-01-23 12:12:42,825 INFO org.apache.hadoop.mapreduce.v2.hs.HistoryFileManager: Waiting for FileSystem at localhost:8020to be available
2017-01-23 12:12:52,841 INFO org.apache.hadoop.mapreduce.v2.jobhistory.JobHistoryUtils: Default file system [hdfs://localhost:8020]
2017-01-23 12:13:02,859 INFO org.apache.hadoop.mapreduce.v2.jobhistory.JobHistoryUtils: Default file system [hdfs://localhost:8020]
2017-01-23 12:13:12,886 INFO org.apache.hadoop.mapreduce.v2.jobhistory.JobHistoryUtils: Default file system [hdfs://localhost:8020]
2017-01-23 12:13:12,889 INFO org.apache.hadoop.mapreduce.v2.hs.HistoryFileManager: Waiting for FileSystem at localhost:8020to be available
2017-01-23 12:13:22,905 INFO org.apache.hadoop.mapreduce.v2.jobhistory.JobHistoryUtils: Default file system [hdfs://localhost:8020]
2017-01-23 12:13:32,926 INFO org.apache.hadoop.mapreduce.v2.jobhistory.JobHistoryUtils: Default file system [hdfs://localhost:8020]
2017-01-23 12:13:42,942 INFO org.apache.hadoop.mapreduce.v2.jobhistory.JobHistoryUtils: Default file system [hdfs://localhost:8020]
2017-01-23 12:13:42,945 INFO org.apache.hadoop.mapreduce.v2.hs.HistoryFileManager: Waiting for FileSystem at localhost:8020to be available
2017-01-23 12:13:52,965 INFO org.apache.hadoop.mapreduce.v2.jobhistory.JobHistoryUtils: Default file system [hdfs://localhost:8020]
2017-01-23 12:14:02,992 INFO org.apache.hadoop.mapreduce.v2.jobhistory.JobHistoryUtils: Default file system [hdfs://localhost:8020]
2017-01-23 12:14:13,017 INFO org.apache.hadoop.mapreduce.v2.jobhistory.JobHistoryUtils: Default file system [hdfs://localhost:8020]
2017-01-23 12:14:13,019 INFO org.apache.hadoop.mapreduce.v2.hs.HistoryFileManager: Waiting for FileSystem at localhost:8020to be available
2017-01-23 12:14:14,106 ERROR org.apache.hadoop.mapreduce.v2.hs.JobHistoryServer: RECEIVED SIGNAL 15: SIGTERM
2017-01-23 12:19:46,752 INFO org.apache.hadoop.mapreduce.v2.hs.JobHistoryServer: STARTUP_MSG: 
/************************************************************
STARTUP_MSG: Starting JobHistoryServer
STARTUP_MSG:   host = 25-224.priv23.nus.edu.sg/172.23.25.224
STARTUP_MSG:   args = []
STARTUP_MSG:   version = 2.7.3
STARTUP_MSG:   classpath = /usr/local/hadoop-2.7.3/etc/hadoop:/usr/local/hadoop-2.7.3/share/hadoop/common/lib/activation-1.1.jar:/usr/local/hadoop-2.7.3/share/hadoop/common/lib/apacheds-i18n-2.0.0-M15.jar:/usr/local/hadoop-2.7.3/share/hadoop/common/lib/apacheds-kerberos-codec-2.0.0-M15.jar:/usr/local/hadoop-2.7.3/share/hadoop/common/lib/api-asn1-api-1.0.0-M20.jar:/usr/local/hadoop-2.7.3/share/hadoop/common/lib/api-util-1.0.0-M20.jar:/usr/local/hadoop-2.7.3/share/hadoop/common/lib/asm-3.2.jar:/usr/local/hadoop-2.7.3/share/hadoop/common/lib/avro-1.7.4.jar:/usr/local/hadoop-2.7.3/share/hadoop/common/lib/commons-beanutils-1.7.0.jar:/usr/local/hadoop-2.7.3/share/hadoop/common/lib/commons-beanutils-core-1.8.0.jar:/usr/local/hadoop-2.7.3/share/hadoop/common/lib/commons-cli-1.2.jar:/usr/local/hadoop-2.7.3/share/hadoop/common/lib/commons-codec-1.4.jar:/usr/local/hadoop-2.7.3/share/hadoop/common/lib/commons-collections-3.2.2.jar:/usr/local/hadoop-2.7.3/share/hadoop/common/lib/commons-compress-1.4.1.jar:/usr/local/hadoop-2.7.3/share/hadoop/common/lib/commons-configuration-1.6.jar:/usr/local/hadoop-2.7.3/share/hadoop/common/lib/commons-digester-1.8.jar:/usr/local/hadoop-2.7.3/share/hadoop/common/lib/commons-httpclient-3.1.jar:/usr/local/hadoop-2.7.3/share/hadoop/common/lib/commons-io-2.4.jar:/usr/local/hadoop-2.7.3/share/hadoop/common/lib/commons-lang-2.6.jar:/usr/local/hadoop-2.7.3/share/hadoop/common/lib/commons-logging-1.1.3.jar:/usr/local/hadoop-2.7.3/share/hadoop/common/lib/commons-math3-3.1.1.jar:/usr/local/hadoop-2.7.3/share/hadoop/common/lib/commons-net-3.1.jar:/usr/local/hadoop-2.7.3/share/hadoop/common/lib/curator-client-2.7.1.jar:/usr/local/hadoop-2.7.3/share/hadoop/common/lib/curator-framework-2.7.1.jar:/usr/local/hadoop-2.7.3/share/hadoop/common/lib/curator-recipes-2.7.1.jar:/usr/local/hadoop-2.7.3/share/hadoop/common/lib/gson-2.2.4.jar:/usr/local/hadoop-2.7.3/share/hadoop/common/lib/guava-11.0.2.jar:/usr/local/hadoop-2.7.3/share/hadoop/common/lib/hadoop-annotations-2.7.3.jar:/usr/local/hadoop-2.7.3/share/hadoop/common/lib/hadoop-auth-2.7.3.jar:/usr/local/hadoop-2.7.3/share/hadoop/common/lib/hamcrest-core-1.3.jar:/usr/local/hadoop-2.7.3/share/hadoop/common/lib/htrace-core-3.1.0-incubating.jar:/usr/local/hadoop-2.7.3/share/hadoop/common/lib/httpclient-4.2.5.jar:/usr/local/hadoop-2.7.3/share/hadoop/common/lib/httpcore-4.2.5.jar:/usr/local/hadoop-2.7.3/share/hadoop/common/lib/jackson-core-asl-1.9.13.jar:/usr/local/hadoop-2.7.3/share/hadoop/common/lib/jackson-jaxrs-1.9.13.jar:/usr/local/hadoop-2.7.3/share/hadoop/common/lib/jackson-mapper-asl-1.9.13.jar:/usr/local/hadoop-2.7.3/share/hadoop/common/lib/jackson-xc-1.9.13.jar:/usr/local/hadoop-2.7.3/share/hadoop/common/lib/java-xmlbuilder-0.4.jar:/usr/local/hadoop-2.7.3/share/hadoop/common/lib/jaxb-api-2.2.2.jar:/usr/local/hadoop-2.7.3/share/hadoop/common/lib/jaxb-impl-2.2.3-1.jar:/usr/local/hadoop-2.7.3/share/hadoop/common/lib/jersey-core-1.9.jar:/usr/local/hadoop-2.7.3/share/hadoop/common/lib/jersey-json-1.9.jar:/usr/local/hadoop-2.7.3/share/hadoop/common/lib/jersey-server-1.9.jar:/usr/local/hadoop-2.7.3/share/hadoop/common/lib/jets3t-0.9.0.jar:/usr/local/hadoop-2.7.3/share/hadoop/common/lib/jettison-1.1.jar:/usr/local/hadoop-2.7.3/share/hadoop/common/lib/jetty-6.1.26.jar:/usr/local/hadoop-2.7.3/share/hadoop/common/lib/jetty-util-6.1.26.jar:/usr/local/hadoop-2.7.3/share/hadoop/common/lib/jsch-0.1.42.jar:/usr/local/hadoop-2.7.3/share/hadoop/common/lib/jsp-api-2.1.jar:/usr/local/hadoop-2.7.3/share/hadoop/common/lib/jsr305-3.0.0.jar:/usr/local/hadoop-2.7.3/share/hadoop/common/lib/junit-4.11.jar:/usr/local/hadoop-2.7.3/share/hadoop/common/lib/log4j-1.2.17.jar:/usr/local/hadoop-2.7.3/share/hadoop/common/lib/mockito-all-1.8.5.jar:/usr/local/hadoop-2.7.3/share/hadoop/common/lib/netty-3.6.2.Final.jar:/usr/local/hadoop-2.7.3/share/hadoop/common/lib/paranamer-2.3.jar:/usr/local/hadoop-2.7.3/share/hadoop/common/lib/protobuf-java-2.5.0.jar:/usr/local/hadoop-2.7.3/share/hadoop/common/lib/servlet-api-2.5.jar:/usr/local/hadoop-2.7.3/share/hadoop/common/lib/slf4j-api-1.7.10.jar:/usr/local/hadoop-2.7.3/share/hadoop/common/lib/slf4j-log4j12-1.7.10.jar:/usr/local/hadoop-2.7.3/share/hadoop/common/lib/snappy-java-1.0.4.1.jar:/usr/local/hadoop-2.7.3/share/hadoop/common/lib/stax-api-1.0-2.jar:/usr/local/hadoop-2.7.3/share/hadoop/common/lib/xmlenc-0.52.jar:/usr/local/hadoop-2.7.3/share/hadoop/common/lib/xz-1.0.jar:/usr/local/hadoop-2.7.3/share/hadoop/common/lib/zookeeper-3.4.6.jar:/usr/local/hadoop-2.7.3/share/hadoop/common/hadoop-common-2.7.3-tests.jar:/usr/local/hadoop-2.7.3/share/hadoop/common/hadoop-common-2.7.3.jar:/usr/local/hadoop-2.7.3/share/hadoop/common/hadoop-nfs-2.7.3.jar:/usr/local/hadoop-2.7.3/share/hadoop/hdfs:/usr/local/hadoop-2.7.3/share/hadoop/hdfs/lib/asm-3.2.jar:/usr/local/hadoop-2.7.3/share/hadoop/hdfs/lib/commons-cli-1.2.jar:/usr/local/hadoop-2.7.3/share/hadoop/hdfs/lib/commons-codec-1.4.jar:/usr/local/hadoop-2.7.3/share/hadoop/hdfs/lib/commons-daemon-1.0.13.jar:/usr/local/hadoop-2.7.3/share/hadoop/hdfs/lib/commons-io-2.4.jar:/usr/local/hadoop-2.7.3/share/hadoop/hdfs/lib/commons-lang-2.6.jar:/usr/local/hadoop-2.7.3/share/hadoop/hdfs/lib/commons-logging-1.1.3.jar:/usr/local/hadoop-2.7.3/share/hadoop/hdfs/lib/guava-11.0.2.jar:/usr/local/hadoop-2.7.3/share/hadoop/hdfs/lib/htrace-core-3.1.0-incubating.jar:/usr/local/hadoop-2.7.3/share/hadoop/hdfs/lib/jackson-core-asl-1.9.13.jar:/usr/local/hadoop-2.7.3/share/hadoop/hdfs/lib/jackson-mapper-asl-1.9.13.jar:/usr/local/hadoop-2.7.3/share/hadoop/hdfs/lib/jersey-core-1.9.jar:/usr/local/hadoop-2.7.3/share/hadoop/hdfs/lib/jersey-server-1.9.jar:/usr/local/hadoop-2.7.3/share/hadoop/hdfs/lib/jetty-6.1.26.jar:/usr/local/hadoop-2.7.3/share/hadoop/hdfs/lib/jetty-util-6.1.26.jar:/usr/local/hadoop-2.7.3/share/hadoop/hdfs/lib/jsr305-3.0.0.jar:/usr/local/hadoop-2.7.3/share/hadoop/hdfs/lib/leveldbjni-all-1.8.jar:/usr/local/hadoop-2.7.3/share/hadoop/hdfs/lib/log4j-1.2.17.jar:/usr/local/hadoop-2.7.3/share/hadoop/hdfs/lib/netty-3.6.2.Final.jar:/usr/local/hadoop-2.7.3/share/hadoop/hdfs/lib/netty-all-4.0.23.Final.jar:/usr/local/hadoop-2.7.3/share/hadoop/hdfs/lib/protobuf-java-2.5.0.jar:/usr/local/hadoop-2.7.3/share/hadoop/hdfs/lib/servlet-api-2.5.jar:/usr/local/hadoop-2.7.3/share/hadoop/hdfs/lib/xercesImpl-2.9.1.jar:/usr/local/hadoop-2.7.3/share/hadoop/hdfs/lib/xml-apis-1.3.04.jar:/usr/local/hadoop-2.7.3/share/hadoop/hdfs/lib/xmlenc-0.52.jar:/usr/local/hadoop-2.7.3/share/hadoop/hdfs/hadoop-hdfs-2.7.3-tests.jar:/usr/local/hadoop-2.7.3/share/hadoop/hdfs/hadoop-hdfs-2.7.3.jar:/usr/local/hadoop-2.7.3/share/hadoop/hdfs/hadoop-hdfs-nfs-2.7.3.jar:/usr/local/hadoop-2.7.3/share/hadoop/yarn/lib/activation-1.1.jar:/usr/local/hadoop-2.7.3/share/hadoop/yarn/lib/aopalliance-1.0.jar:/usr/local/hadoop-2.7.3/share/hadoop/yarn/lib/asm-3.2.jar:/usr/local/hadoop-2.7.3/share/hadoop/yarn/lib/commons-cli-1.2.jar:/usr/local/hadoop-2.7.3/share/hadoop/yarn/lib/commons-codec-1.4.jar:/usr/local/hadoop-2.7.3/share/hadoop/yarn/lib/commons-collections-3.2.2.jar:/usr/local/hadoop-2.7.3/share/hadoop/yarn/lib/commons-compress-1.4.1.jar:/usr/local/hadoop-2.7.3/share/hadoop/yarn/lib/commons-io-2.4.jar:/usr/local/hadoop-2.7.3/share/hadoop/yarn/lib/commons-lang-2.6.jar:/usr/local/hadoop-2.7.3/share/hadoop/yarn/lib/commons-logging-1.1.3.jar:/usr/local/hadoop-2.7.3/share/hadoop/yarn/lib/guava-11.0.2.jar:/usr/local/hadoop-2.7.3/share/hadoop/yarn/lib/guice-3.0.jar:/usr/local/hadoop-2.7.3/share/hadoop/yarn/lib/guice-servlet-3.0.jar:/usr/local/hadoop-2.7.3/share/hadoop/yarn/lib/jackson-core-asl-1.9.13.jar:/usr/local/hadoop-2.7.3/share/hadoop/yarn/lib/jackson-jaxrs-1.9.13.jar:/usr/local/hadoop-2.7.3/share/hadoop/yarn/lib/jackson-mapper-asl-1.9.13.jar:/usr/local/hadoop-2.7.3/share/hadoop/yarn/lib/jackson-xc-1.9.13.jar:/usr/local/hadoop-2.7.3/share/hadoop/yarn/lib/javax.inject-1.jar:/usr/local/hadoop-2.7.3/share/hadoop/yarn/lib/jaxb-api-2.2.2.jar:/usr/local/hadoop-2.7.3/share/hadoop/yarn/lib/jaxb-impl-2.2.3-1.jar:/usr/local/hadoop-2.7.3/share/hadoop/yarn/lib/jersey-client-1.9.jar:/usr/local/hadoop-2.7.3/share/hadoop/yarn/lib/jersey-core-1.9.jar:/usr/local/hadoop-2.7.3/share/hadoop/yarn/lib/jersey-guice-1.9.jar:/usr/local/hadoop-2.7.3/share/hadoop/yarn/lib/jersey-json-1.9.jar:/usr/local/hadoop-2.7.3/share/hadoop/yarn/lib/jersey-server-1.9.jar:/usr/local/hadoop-2.7.3/share/hadoop/yarn/lib/jettison-1.1.jar:/usr/local/hadoop-2.7.3/share/hadoop/yarn/lib/jetty-6.1.26.jar:/usr/local/hadoop-2.7.3/share/hadoop/yarn/lib/jetty-util-6.1.26.jar:/usr/local/hadoop-2.7.3/share/hadoop/yarn/lib/jsr305-3.0.0.jar:/usr/local/hadoop-2.7.3/share/hadoop/yarn/lib/leveldbjni-all-1.8.jar:/usr/local/hadoop-2.7.3/share/hadoop/yarn/lib/log4j-1.2.17.jar:/usr/local/hadoop-2.7.3/share/hadoop/yarn/lib/netty-3.6.2.Final.jar:/usr/local/hadoop-2.7.3/share/hadoop/yarn/lib/protobuf-java-2.5.0.jar:/usr/local/hadoop-2.7.3/share/hadoop/yarn/lib/servlet-api-2.5.jar:/usr/local/hadoop-2.7.3/share/hadoop/yarn/lib/stax-api-1.0-2.jar:/usr/local/hadoop-2.7.3/share/hadoop/yarn/lib/xz-1.0.jar:/usr/local/hadoop-2.7.3/share/hadoop/yarn/lib/zookeeper-3.4.6-tests.jar:/usr/local/hadoop-2.7.3/share/hadoop/yarn/lib/zookeeper-3.4.6.jar:/usr/local/hadoop-2.7.3/share/hadoop/yarn/hadoop-yarn-api-2.7.3.jar:/usr/local/hadoop-2.7.3/share/hadoop/yarn/hadoop-yarn-applications-distributedshell-2.7.3.jar:/usr/local/hadoop-2.7.3/share/hadoop/yarn/hadoop-yarn-applications-unmanaged-am-launcher-2.7.3.jar:/usr/local/hadoop-2.7.3/share/hadoop/yarn/hadoop-yarn-client-2.7.3.jar:/usr/local/hadoop-2.7.3/share/hadoop/yarn/hadoop-yarn-common-2.7.3.jar:/usr/local/hadoop-2.7.3/share/hadoop/yarn/hadoop-yarn-registry-2.7.3.jar:/usr/local/hadoop-2.7.3/share/hadoop/yarn/hadoop-yarn-server-applicationhistoryservice-2.7.3.jar:/usr/local/hadoop-2.7.3/share/hadoop/yarn/hadoop-yarn-server-common-2.7.3.jar:/usr/local/hadoop-2.7.3/share/hadoop/yarn/hadoop-yarn-server-nodemanager-2.7.3.jar:/usr/local/hadoop-2.7.3/share/hadoop/yarn/hadoop-yarn-server-resourcemanager-2.7.3.jar:/usr/local/hadoop-2.7.3/share/hadoop/yarn/hadoop-yarn-server-sharedcachemanager-2.7.3.jar:/usr/local/hadoop-2.7.3/share/hadoop/yarn/hadoop-yarn-server-tests-2.7.3.jar:/usr/local/hadoop-2.7.3/share/hadoop/yarn/hadoop-yarn-server-web-proxy-2.7.3.jar:/usr/local/hadoop-2.7.3/share/hadoop/mapreduce/lib/aopalliance-1.0.jar:/usr/local/hadoop-2.7.3/share/hadoop/mapreduce/lib/asm-3.2.jar:/usr/local/hadoop-2.7.3/share/hadoop/mapreduce/lib/avro-1.7.4.jar:/usr/local/hadoop-2.7.3/share/hadoop/mapreduce/lib/commons-compress-1.4.1.jar:/usr/local/hadoop-2.7.3/share/hadoop/mapreduce/lib/commons-io-2.4.jar:/usr/local/hadoop-2.7.3/share/hadoop/mapreduce/lib/guice-3.0.jar:/usr/local/hadoop-2.7.3/share/hadoop/mapreduce/lib/guice-servlet-3.0.jar:/usr/local/hadoop-2.7.3/share/hadoop/mapreduce/lib/hadoop-annotations-2.7.3.jar:/usr/local/hadoop-2.7.3/share/hadoop/mapreduce/lib/hamcrest-core-1.3.jar:/usr/local/hadoop-2.7.3/share/hadoop/mapreduce/lib/jackson-core-asl-1.9.13.jar:/usr/local/hadoop-2.7.3/share/hadoop/mapreduce/lib/jackson-mapper-asl-1.9.13.jar:/usr/local/hadoop-2.7.3/share/hadoop/mapreduce/lib/javax.inject-1.jar:/usr/local/hadoop-2.7.3/share/hadoop/mapreduce/lib/jersey-core-1.9.jar:/usr/local/hadoop-2.7.3/share/hadoop/mapreduce/lib/jersey-guice-1.9.jar:/usr/local/hadoop-2.7.3/share/hadoop/mapreduce/lib/jersey-server-1.9.jar:/usr/local/hadoop-2.7.3/share/hadoop/mapreduce/lib/junit-4.11.jar:/usr/local/hadoop-2.7.3/share/hadoop/mapreduce/lib/leveldbjni-all-1.8.jar:/usr/local/hadoop-2.7.3/share/hadoop/mapreduce/lib/log4j-1.2.17.jar:/usr/local/hadoop-2.7.3/share/hadoop/mapreduce/lib/netty-3.6.2.Final.jar:/usr/local/hadoop-2.7.3/share/hadoop/mapreduce/lib/paranamer-2.3.jar:/usr/local/hadoop-2.7.3/share/hadoop/mapreduce/lib/protobuf-java-2.5.0.jar:/usr/local/hadoop-2.7.3/share/hadoop/mapreduce/lib/snappy-java-1.0.4.1.jar:/usr/local/hadoop-2.7.3/share/hadoop/mapreduce/lib/xz-1.0.jar:/usr/local/hadoop-2.7.3/share/hadoop/mapreduce/hadoop-mapreduce-client-app-2.7.3.jar:/usr/local/hadoop-2.7.3/share/hadoop/mapreduce/hadoop-mapreduce-client-common-2.7.3.jar:/usr/local/hadoop-2.7.3/share/hadoop/mapreduce/hadoop-mapreduce-client-core-2.7.3.jar:/usr/local/hadoop-2.7.3/share/hadoop/mapreduce/hadoop-mapreduce-client-hs-2.7.3.jar:/usr/local/hadoop-2.7.3/share/hadoop/mapreduce/hadoop-mapreduce-client-hs-plugins-2.7.3.jar:/usr/local/hadoop-2.7.3/share/hadoop/mapreduce/hadoop-mapreduce-client-jobclient-2.7.3-tests.jar:/usr/local/hadoop-2.7.3/share/hadoop/mapreduce/hadoop-mapreduce-client-jobclient-2.7.3.jar:/usr/local/hadoop-2.7.3/share/hadoop/mapreduce/hadoop-mapreduce-client-shuffle-2.7.3.jar:/usr/local/hadoop-2.7.3/share/hadoop/mapreduce/hadoop-mapreduce-examples-2.7.3.jar:/usr/local/hadoop-2.7.3//contrib/capacity-scheduler/*.jar:/usr/local/hadoop-2.7.3//contrib/capacity-scheduler/*.jar:/usr/local/hadoop-2.7.3/share/hadoop/mapreduce/hadoop-mapreduce-client-app-2.7.3.jar:/usr/local/hadoop-2.7.3/share/hadoop/mapreduce/hadoop-mapreduce-client-common-2.7.3.jar:/usr/local/hadoop-2.7.3/share/hadoop/mapreduce/hadoop-mapreduce-client-core-2.7.3.jar:/usr/local/hadoop-2.7.3/share/hadoop/mapreduce/hadoop-mapreduce-client-hs-2.7.3.jar:/usr/local/hadoop-2.7.3/share/hadoop/mapreduce/hadoop-mapreduce-client-hs-plugins-2.7.3.jar:/usr/local/hadoop-2.7.3/share/hadoop/mapreduce/hadoop-mapreduce-client-jobclient-2.7.3-tests.jar:/usr/local/hadoop-2.7.3/share/hadoop/mapreduce/hadoop-mapreduce-client-jobclient-2.7.3.jar:/usr/local/hadoop-2.7.3/share/hadoop/mapreduce/hadoop-mapreduce-client-shuffle-2.7.3.jar:/usr/local/hadoop-2.7.3/share/hadoop/mapreduce/hadoop-mapreduce-examples-2.7.3.jar:/usr/local/hadoop-2.7.3/share/hadoop/yarn/hadoop-yarn-api-2.7.3.jar:/usr/local/hadoop-2.7.3/share/hadoop/yarn/hadoop-yarn-applications-distributedshell-2.7.3.jar:/usr/local/hadoop-2.7.3/share/hadoop/yarn/hadoop-yarn-applications-unmanaged-am-launcher-2.7.3.jar:/usr/local/hadoop-2.7.3/share/hadoop/yarn/hadoop-yarn-client-2.7.3.jar:/usr/local/hadoop-2.7.3/share/hadoop/yarn/hadoop-yarn-common-2.7.3.jar:/usr/local/hadoop-2.7.3/share/hadoop/yarn/hadoop-yarn-registry-2.7.3.jar:/usr/local/hadoop-2.7.3/share/hadoop/yarn/hadoop-yarn-server-applicationhistoryservice-2.7.3.jar:/usr/local/hadoop-2.7.3/share/hadoop/yarn/hadoop-yarn-server-common-2.7.3.jar:/usr/local/hadoop-2.7.3/share/hadoop/yarn/hadoop-yarn-server-nodemanager-2.7.3.jar:/usr/local/hadoop-2.7.3/share/hadoop/yarn/hadoop-yarn-server-resourcemanager-2.7.3.jar:/usr/local/hadoop-2.7.3/share/hadoop/yarn/hadoop-yarn-server-sharedcachemanager-2.7.3.jar:/usr/local/hadoop-2.7.3/share/hadoop/yarn/hadoop-yarn-server-tests-2.7.3.jar:/usr/local/hadoop-2.7.3/share/hadoop/yarn/hadoop-yarn-server-web-proxy-2.7.3.jar:/usr/local/hadoop-2.7.3/share/hadoop/mapreduce/lib/aopalliance-1.0.jar:/usr/local/hadoop-2.7.3/share/hadoop/mapreduce/lib/asm-3.2.jar:/usr/local/hadoop-2.7.3/share/hadoop/mapreduce/lib/avro-1.7.4.jar:/usr/local/hadoop-2.7.3/share/hadoop/mapreduce/lib/commons-compress-1.4.1.jar:/usr/local/hadoop-2.7.3/share/hadoop/mapreduce/lib/commons-io-2.4.jar:/usr/local/hadoop-2.7.3/share/hadoop/mapreduce/lib/guice-3.0.jar:/usr/local/hadoop-2.7.3/share/hadoop/mapreduce/lib/guice-servlet-3.0.jar:/usr/local/hadoop-2.7.3/share/hadoop/mapreduce/lib/hadoop-annotations-2.7.3.jar:/usr/local/hadoop-2.7.3/share/hadoop/mapreduce/lib/hamcrest-core-1.3.jar:/usr/local/hadoop-2.7.3/share/hadoop/mapreduce/lib/jackson-core-asl-1.9.13.jar:/usr/local/hadoop-2.7.3/share/hadoop/mapreduce/lib/jackson-mapper-asl-1.9.13.jar:/usr/local/hadoop-2.7.3/share/hadoop/mapreduce/lib/javax.inject-1.jar:/usr/local/hadoop-2.7.3/share/hadoop/mapreduce/lib/jersey-core-1.9.jar:/usr/local/hadoop-2.7.3/share/hadoop/mapreduce/lib/jersey-guice-1.9.jar:/usr/local/hadoop-2.7.3/share/hadoop/mapreduce/lib/jersey-server-1.9.jar:/usr/local/hadoop-2.7.3/share/hadoop/mapreduce/lib/junit-4.11.jar:/usr/local/hadoop-2.7.3/share/hadoop/mapreduce/lib/leveldbjni-all-1.8.jar:/usr/local/hadoop-2.7.3/share/hadoop/mapreduce/lib/log4j-1.2.17.jar:/usr/local/hadoop-2.7.3/share/hadoop/mapreduce/lib/netty-3.6.2.Final.jar:/usr/local/hadoop-2.7.3/share/hadoop/mapreduce/lib/paranamer-2.3.jar:/usr/local/hadoop-2.7.3/share/hadoop/mapreduce/lib/protobuf-java-2.5.0.jar:/usr/local/hadoop-2.7.3/share/hadoop/mapreduce/lib/snappy-java-1.0.4.1.jar:/usr/local/hadoop-2.7.3/share/hadoop/mapreduce/lib/xz-1.0.jar:/usr/local/hadoop-2.7.3/modules/*.jar
STARTUP_MSG:   build = https://git-wip-us.apache.org/repos/asf/hadoop.git -r baa91f7c6bc9cb92be5982de4719c1c8af91ccff; compiled by 'root' on 2016-08-18T01:41Z
STARTUP_MSG:   java = 1.7.0_80
************************************************************/
2017-01-23 12:19:46,761 INFO org.apache.hadoop.mapreduce.v2.hs.JobHistoryServer: registered UNIX signal handlers for [TERM, HUP, INT]
2017-01-23 12:19:47,395 WARN org.apache.hadoop.util.NativeCodeLoader: Unable to load native-hadoop library for your platform... using builtin-java classes where applicable
2017-01-23 12:19:47,652 INFO org.apache.hadoop.mapreduce.v2.hs.JobHistory: JobHistory Init
2017-01-23 12:19:48,122 INFO org.apache.hadoop.mapreduce.v2.jobhistory.JobHistoryUtils: Default file system [hdfs://localhost:8020]
2017-01-23 12:19:48,165 INFO org.apache.hadoop.mapreduce.v2.hs.HistoryFileManager: Waiting for FileSystem at localhost:8020to be available
2017-01-23 12:19:58,186 INFO org.apache.hadoop.mapreduce.v2.jobhistory.JobHistoryUtils: Default file system [hdfs://localhost:8020]
2017-01-23 12:20:08,221 INFO org.apache.hadoop.mapreduce.v2.jobhistory.JobHistoryUtils: Default file system [hdfs://localhost:8020]
2017-01-23 12:20:18,254 INFO org.apache.hadoop.mapreduce.v2.jobhistory.JobHistoryUtils: Default file system [hdfs://localhost:8020]
2017-01-23 12:20:18,259 INFO org.apache.hadoop.mapreduce.v2.hs.HistoryFileManager: Waiting for FileSystem at localhost:8020to be available
2017-01-23 12:20:28,289 INFO org.apache.hadoop.mapreduce.v2.jobhistory.JobHistoryUtils: Default file system [hdfs://localhost:8020]
2017-01-23 12:20:38,321 INFO org.apache.hadoop.mapreduce.v2.jobhistory.JobHistoryUtils: Default file system [hdfs://localhost:8020]
2017-01-23 12:20:48,360 INFO org.apache.hadoop.mapreduce.v2.jobhistory.JobHistoryUtils: Default file system [hdfs://localhost:8020]
2017-01-23 12:20:48,364 INFO org.apache.hadoop.mapreduce.v2.hs.HistoryFileManager: Waiting for FileSystem at localhost:8020to be available
2017-01-23 12:20:58,392 INFO org.apache.hadoop.mapreduce.v2.jobhistory.JobHistoryUtils: Default file system [hdfs://localhost:8020]
2017-01-23 12:21:08,427 INFO org.apache.hadoop.mapreduce.v2.jobhistory.JobHistoryUtils: Default file system [hdfs://localhost:8020]
2017-01-23 12:21:18,454 INFO org.apache.hadoop.mapreduce.v2.jobhistory.JobHistoryUtils: Default file system [hdfs://localhost:8020]
2017-01-23 12:21:18,463 INFO org.apache.hadoop.mapreduce.v2.hs.HistoryFileManager: Waiting for FileSystem at localhost:8020to be available
2017-01-23 12:21:28,502 INFO org.apache.hadoop.mapreduce.v2.jobhistory.JobHistoryUtils: Default file system [hdfs://localhost:8020]
2017-01-23 12:21:38,529 INFO org.apache.hadoop.mapreduce.v2.jobhistory.JobHistoryUtils: Default file system [hdfs://localhost:8020]
2017-01-23 12:21:48,556 INFO org.apache.hadoop.mapreduce.v2.jobhistory.JobHistoryUtils: Default file system [hdfs://localhost:8020]
2017-01-23 12:21:48,559 INFO org.apache.hadoop.mapreduce.v2.hs.HistoryFileManager: Waiting for FileSystem at localhost:8020to be available
2017-01-23 12:21:58,579 INFO org.apache.hadoop.mapreduce.v2.jobhistory.JobHistoryUtils: Default file system [hdfs://localhost:8020]
2017-01-23 12:22:08,604 INFO org.apache.hadoop.mapreduce.v2.jobhistory.JobHistoryUtils: Default file system [hdfs://localhost:8020]
2017-01-23 12:22:18,631 INFO org.apache.hadoop.mapreduce.v2.jobhistory.JobHistoryUtils: Default file system [hdfs://localhost:8020]
2017-01-23 12:22:18,636 INFO org.apache.hadoop.mapreduce.v2.hs.HistoryFileManager: Waiting for FileSystem at localhost:8020to be available
2017-01-23 12:22:28,660 INFO org.apache.hadoop.mapreduce.v2.jobhistory.JobHistoryUtils: Default file system [hdfs://localhost:8020]
2017-01-23 12:22:38,682 INFO org.apache.hadoop.mapreduce.v2.jobhistory.JobHistoryUtils: Default file system [hdfs://localhost:8020]
2017-01-23 12:22:48,708 INFO org.apache.hadoop.mapreduce.v2.jobhistory.JobHistoryUtils: Default file system [hdfs://localhost:8020]
2017-01-23 12:22:48,714 INFO org.apache.hadoop.mapreduce.v2.hs.HistoryFileManager: Waiting for FileSystem at localhost:8020to be available
2017-01-23 12:22:58,741 INFO org.apache.hadoop.mapreduce.v2.jobhistory.JobHistoryUtils: Default file system [hdfs://localhost:8020]
2017-01-23 12:23:08,765 INFO org.apache.hadoop.mapreduce.v2.jobhistory.JobHistoryUtils: Default file system [hdfs://localhost:8020]
2017-01-23 12:23:18,792 INFO org.apache.hadoop.mapreduce.v2.jobhistory.JobHistoryUtils: Default file system [hdfs://localhost:8020]
2017-01-23 12:23:18,796 INFO org.apache.hadoop.mapreduce.v2.hs.HistoryFileManager: Waiting for FileSystem at localhost:8020to be available
2017-01-23 12:23:28,820 INFO org.apache.hadoop.mapreduce.v2.jobhistory.JobHistoryUtils: Default file system [hdfs://localhost:8020]
2017-01-23 12:23:38,842 INFO org.apache.hadoop.mapreduce.v2.jobhistory.JobHistoryUtils: Default file system [hdfs://localhost:8020]
2017-01-23 12:23:39,171 INFO org.apache.hadoop.mapreduce.v2.hs.HistoryFileManager: Perms after creating 504, Expected: 504
2017-01-23 12:23:39,202 INFO org.apache.hadoop.mapreduce.v2.jobhistory.JobHistoryUtils: Default file system [hdfs://localhost:8020]
2017-01-23 12:23:39,224 INFO org.apache.hadoop.mapreduce.v2.hs.HistoryFileManager: Perms after creating 493, Expected: 1023
2017-01-23 12:23:39,224 INFO org.apache.hadoop.mapreduce.v2.hs.HistoryFileManager: Explicitly setting permissions to : 1023, rwxrwxrwt
2017-01-23 12:23:49,248 INFO org.apache.hadoop.mapreduce.v2.hs.HistoryFileManager: Initializing Existing Jobs...
2017-01-23 12:23:49,264 INFO org.apache.hadoop.mapreduce.v2.hs.CachedHistoryStorage: CachedHistoryStorage Init
2017-01-23 12:23:49,290 INFO org.apache.hadoop.ipc.CallQueueManager: Using callQueue class java.util.concurrent.LinkedBlockingQueue
2017-01-23 12:23:49,298 INFO org.apache.hadoop.ipc.Server: Starting Socket Reader #1 for port 10033
2017-01-23 12:23:49,348 INFO org.apache.hadoop.metrics2.impl.MetricsConfig: loaded properties from hadoop-metrics2.properties
2017-01-23 12:23:49,394 INFO org.apache.hadoop.metrics2.impl.MetricsSystemImpl: Scheduled snapshot period at 10 second(s).
2017-01-23 12:23:49,394 INFO org.apache.hadoop.metrics2.impl.MetricsSystemImpl: JobHistoryServer metrics system started
2017-01-23 12:23:49,401 INFO org.apache.hadoop.security.token.delegation.AbstractDelegationTokenSecretManager: Updating the current master key for generating delegation tokens
2017-01-23 12:23:49,402 INFO org.apache.hadoop.security.token.delegation.AbstractDelegationTokenSecretManager: Starting expired delegation token remover thread, tokenRemoverScanInterval=60 min(s)
2017-01-23 12:23:49,402 INFO org.apache.hadoop.security.token.delegation.AbstractDelegationTokenSecretManager: Updating the current master key for generating delegation tokens
2017-01-23 12:23:49,473 INFO org.mortbay.log: Logging to org.slf4j.impl.Log4jLoggerAdapter(org.mortbay.log) via org.mortbay.log.Slf4jLog
2017-01-23 12:23:49,481 INFO org.apache.hadoop.security.authentication.server.AuthenticationFilter: Unable to initialize FileSignerSecretProvider, falling back to use random secrets.
2017-01-23 12:23:49,486 INFO org.apache.hadoop.http.HttpRequestLog: Http request log for http.requests.jobhistory is not defined
2017-01-23 12:23:49,497 INFO org.apache.hadoop.http.HttpServer2: Added global filter 'safety' (class=org.apache.hadoop.http.HttpServer2$QuotingInputFilter)
2017-01-23 12:23:49,499 INFO org.apache.hadoop.http.HttpServer2: Added filter static_user_filter (class=org.apache.hadoop.http.lib.StaticUserWebFilter$StaticUserFilter) to context jobhistory
2017-01-23 12:23:49,499 INFO org.apache.hadoop.http.HttpServer2: Added filter static_user_filter (class=org.apache.hadoop.http.lib.StaticUserWebFilter$StaticUserFilter) to context logs
2017-01-23 12:23:49,499 INFO org.apache.hadoop.http.HttpServer2: Added filter static_user_filter (class=org.apache.hadoop.http.lib.StaticUserWebFilter$StaticUserFilter) to context static
2017-01-23 12:23:49,503 INFO org.apache.hadoop.http.HttpServer2: adding path spec: /jobhistory/*
2017-01-23 12:23:49,503 INFO org.apache.hadoop.http.HttpServer2: adding path spec: /ws/*
2017-01-23 12:23:49,846 INFO org.apache.hadoop.yarn.webapp.WebApps: Registered webapp guice modules
2017-01-23 12:23:49,848 INFO org.apache.hadoop.http.HttpServer2: Jetty bound to port 19888
2017-01-23 12:23:49,848 INFO org.mortbay.log: jetty-6.1.26
2017-01-23 12:23:49,873 INFO org.mortbay.log: Extract jar:file:/usr/local/hadoop-2.7.3/share/hadoop/yarn/hadoop-yarn-common-2.7.3.jar!/webapps/jobhistory to /var/folders/vr/rg44m3fx30d5pmj3442nllwc0000gn/T/Jetty_0_0_0_0_19888_jobhistory____.djq1tw/webapp
2017-01-23 12:23:50,868 INFO org.mortbay.log: Started HttpServer2$SelectChannelConnectorWithSafeStartup@0.0.0.0:19888
2017-01-23 12:23:50,868 INFO org.apache.hadoop.yarn.webapp.WebApps: Web app jobhistory started at 19888
2017-01-23 12:23:50,881 INFO org.apache.hadoop.ipc.CallQueueManager: Using callQueue class java.util.concurrent.LinkedBlockingQueue
2017-01-23 12:23:50,886 INFO org.apache.hadoop.ipc.Server: Starting Socket Reader #1 for port 10020
2017-01-23 12:23:50,891 INFO org.apache.hadoop.yarn.factories.impl.pb.RpcServerFactoryPBImpl: Adding protocol org.apache.hadoop.mapreduce.v2.api.HSClientProtocolPB to the server
2017-01-23 12:23:50,891 INFO org.apache.hadoop.ipc.Server: IPC Server Responder: starting
2017-01-23 12:23:50,891 INFO org.apache.hadoop.ipc.Server: IPC Server listener on 10020: starting
2017-01-23 12:23:50,894 INFO org.apache.hadoop.mapreduce.v2.hs.HistoryClientService: Instantiated HistoryClientService at 25-224.priv23.nus.edu.sg/172.23.25.224:10020
2017-01-23 12:23:50,894 INFO org.apache.hadoop.ipc.Server: IPC Server Responder: starting
2017-01-23 12:23:50,895 INFO org.apache.hadoop.ipc.Server: IPC Server listener on 10033: starting
2017-01-23 12:23:55,096 INFO org.apache.hadoop.yarn.webapp.View: Getting list of all Jobs.
2017-01-23 12:24:19,406 INFO org.apache.hadoop.mapreduce.v2.hs.JobHistory: History Cleaner started
2017-01-23 12:24:19,412 INFO org.apache.hadoop.mapreduce.v2.hs.JobHistory: History Cleaner complete
2017-01-23 12:26:49,410 INFO org.apache.hadoop.mapreduce.v2.hs.JobHistory: Starting scan to move intermediate done files
2017-01-23 12:29:49,409 INFO org.apache.hadoop.mapreduce.v2.hs.JobHistory: Starting scan to move intermediate done files
2017-01-23 12:29:49,418 ERROR org.apache.hadoop.mapreduce.v2.hs.JobHistory: Error while scanning intermediate done dir 
java.net.ConnectException: Call From 25-224.priv23.nus.edu.sg/172.23.25.224 to localhost:8020 failed on connection exception: java.net.ConnectException: Connection refused; For more details see:  http://wiki.apache.org/hadoop/ConnectionRefused
	at sun.reflect.GeneratedConstructorAccessor11.newInstance(Unknown Source)
	at sun.reflect.DelegatingConstructorAccessorImpl.newInstance(DelegatingConstructorAccessorImpl.java:45)
	at java.lang.reflect.Constructor.newInstance(Constructor.java:526)
	at org.apache.hadoop.net.NetUtils.wrapWithMessage(NetUtils.java:792)
	at org.apache.hadoop.net.NetUtils.wrapException(NetUtils.java:732)
	at org.apache.hadoop.ipc.Client.call(Client.java:1479)
	at org.apache.hadoop.ipc.Client.call(Client.java:1412)
	at org.apache.hadoop.ipc.ProtobufRpcEngine$Invoker.invoke(ProtobufRpcEngine.java:229)
	at com.sun.proxy.$Proxy9.getListing(Unknown Source)
	at org.apache.hadoop.hdfs.protocolPB.ClientNamenodeProtocolTranslatorPB.getListing(ClientNamenodeProtocolTranslatorPB.java:573)
	at sun.reflect.NativeMethodAccessorImpl.invoke0(Native Method)
	at sun.reflect.NativeMethodAccessorImpl.invoke(NativeMethodAccessorImpl.java:57)
	at sun.reflect.DelegatingMethodAccessorImpl.invoke(DelegatingMethodAccessorImpl.java:43)
	at java.lang.reflect.Method.invoke(Method.java:606)
	at org.apache.hadoop.io.retry.RetryInvocationHandler.invokeMethod(RetryInvocationHandler.java:191)
	at org.apache.hadoop.io.retry.RetryInvocationHandler.invoke(RetryInvocationHandler.java:102)
	at com.sun.proxy.$Proxy10.getListing(Unknown Source)
	at org.apache.hadoop.hdfs.DFSClient.listPaths(DFSClient.java:2086)
	at org.apache.hadoop.fs.Hdfs$DirListingIterator.<init>(Hdfs.java:208)
	at org.apache.hadoop.fs.Hdfs$DirListingIterator.<init>(Hdfs.java:195)
	at org.apache.hadoop.fs.Hdfs$2.<init>(Hdfs.java:177)
	at org.apache.hadoop.fs.Hdfs.listStatusIterator(Hdfs.java:177)
	at org.apache.hadoop.fs.FileContext$22.next(FileContext.java:1494)
	at org.apache.hadoop.fs.FileContext$22.next(FileContext.java:1489)
	at org.apache.hadoop.fs.FSLinkResolver.resolve(FSLinkResolver.java:90)
	at org.apache.hadoop.fs.FileContext.listStatus(FileContext.java:1489)
	at org.apache.hadoop.mapreduce.v2.jobhistory.JobHistoryUtils.listFilteredStatus(JobHistoryUtils.java:505)
	at org.apache.hadoop.mapreduce.v2.jobhistory.JobHistoryUtils.localGlobber(JobHistoryUtils.java:452)
	at org.apache.hadoop.mapreduce.v2.jobhistory.JobHistoryUtils.localGlobber(JobHistoryUtils.java:444)
	at org.apache.hadoop.mapreduce.v2.jobhistory.JobHistoryUtils.localGlobber(JobHistoryUtils.java:439)
	at org.apache.hadoop.mapreduce.v2.hs.HistoryFileManager.scanIntermediateDirectory(HistoryFileManager.java:839)
	at org.apache.hadoop.mapreduce.v2.hs.JobHistory$MoveIntermediateToDoneRunnable.run(JobHistory.java:189)
	at java.util.concurrent.Executors$RunnableAdapter.call(Executors.java:471)
	at java.util.concurrent.FutureTask.runAndReset(FutureTask.java:304)
	at java.util.concurrent.ScheduledThreadPoolExecutor$ScheduledFutureTask.access$301(ScheduledThreadPoolExecutor.java:178)
	at java.util.concurrent.ScheduledThreadPoolExecutor$ScheduledFutureTask.run(ScheduledThreadPoolExecutor.java:293)
	at java.util.concurrent.ThreadPoolExecutor.runWorker(ThreadPoolExecutor.java:1145)
	at java.util.concurrent.ThreadPoolExecutor$Worker.run(ThreadPoolExecutor.java:615)
	at java.lang.Thread.run(Thread.java:745)
Caused by: java.net.ConnectException: Connection refused
	at sun.nio.ch.SocketChannelImpl.checkConnect(Native Method)
	at sun.nio.ch.SocketChannelImpl.finishConnect(SocketChannelImpl.java:744)
	at org.apache.hadoop.net.SocketIOWithTimeout.connect(SocketIOWithTimeout.java:206)
	at org.apache.hadoop.net.NetUtils.connect(NetUtils.java:531)
	at org.apache.hadoop.net.NetUtils.connect(NetUtils.java:495)
	at org.apache.hadoop.ipc.Client$Connection.setupConnection(Client.java:614)
	at org.apache.hadoop.ipc.Client$Connection.setupIOstreams(Client.java:712)
	at org.apache.hadoop.ipc.Client$Connection.access$2900(Client.java:375)
	at org.apache.hadoop.ipc.Client.getConnection(Client.java:1528)
	at org.apache.hadoop.ipc.Client.call(Client.java:1451)
	... 33 more
2017-01-23 12:32:49,410 INFO org.apache.hadoop.mapreduce.v2.hs.JobHistory: Starting scan to move intermediate done files
2017-01-23 12:32:49,455 ERROR org.apache.hadoop.mapreduce.v2.hs.JobHistory: Error while scanning intermediate done dir 
java.io.FileNotFoundException: File /tmp/hadoop-yarn/staging/history/done_intermediate does not exist.
	at org.apache.hadoop.fs.Hdfs$DirListingIterator.<init>(Hdfs.java:211)
	at org.apache.hadoop.fs.Hdfs$DirListingIterator.<init>(Hdfs.java:195)
	at org.apache.hadoop.fs.Hdfs$2.<init>(Hdfs.java:177)
	at org.apache.hadoop.fs.Hdfs.listStatusIterator(Hdfs.java:177)
	at org.apache.hadoop.fs.FileContext$22.next(FileContext.java:1494)
	at org.apache.hadoop.fs.FileContext$22.next(FileContext.java:1489)
	at org.apache.hadoop.fs.FSLinkResolver.resolve(FSLinkResolver.java:90)
	at org.apache.hadoop.fs.FileContext.listStatus(FileContext.java:1489)
	at org.apache.hadoop.mapreduce.v2.jobhistory.JobHistoryUtils.listFilteredStatus(JobHistoryUtils.java:505)
	at org.apache.hadoop.mapreduce.v2.jobhistory.JobHistoryUtils.localGlobber(JobHistoryUtils.java:452)
	at org.apache.hadoop.mapreduce.v2.jobhistory.JobHistoryUtils.localGlobber(JobHistoryUtils.java:444)
	at org.apache.hadoop.mapreduce.v2.jobhistory.JobHistoryUtils.localGlobber(JobHistoryUtils.java:439)
	at org.apache.hadoop.mapreduce.v2.hs.HistoryFileManager.scanIntermediateDirectory(HistoryFileManager.java:839)
	at org.apache.hadoop.mapreduce.v2.hs.JobHistory$MoveIntermediateToDoneRunnable.run(JobHistory.java:189)
	at java.util.concurrent.Executors$RunnableAdapter.call(Executors.java:471)
	at java.util.concurrent.FutureTask.runAndReset(FutureTask.java:304)
	at java.util.concurrent.ScheduledThreadPoolExecutor$ScheduledFutureTask.access$301(ScheduledThreadPoolExecutor.java:178)
	at java.util.concurrent.ScheduledThreadPoolExecutor$ScheduledFutureTask.run(ScheduledThreadPoolExecutor.java:293)
	at java.util.concurrent.ThreadPoolExecutor.runWorker(ThreadPoolExecutor.java:1145)
	at java.util.concurrent.ThreadPoolExecutor$Worker.run(ThreadPoolExecutor.java:615)
	at java.lang.Thread.run(Thread.java:745)
