2017-01-22 17:18:10,351 INFO org.apache.hadoop.yarn.server.resourcemanager.ResourceManager: STARTUP_MSG: 
/************************************************************
STARTUP_MSG: Starting ResourceManager
STARTUP_MSG:   host = 27-41.priv23.nus.edu.sg/172.23.27.41
STARTUP_MSG:   args = []
STARTUP_MSG:   version = 2.7.3
STARTUP_MSG:   classpath = /usr/local/hadoop-2.7.3/etc/hadoop:/usr/local/hadoop-2.7.3/etc/hadoop:/usr/local/hadoop-2.7.3/etc/hadoop:/usr/local/hadoop-2.7.3/share/hadoop/common/lib/activation-1.1.jar:/usr/local/hadoop-2.7.3/share/hadoop/common/lib/apacheds-i18n-2.0.0-M15.jar:/usr/local/hadoop-2.7.3/share/hadoop/common/lib/apacheds-kerberos-codec-2.0.0-M15.jar:/usr/local/hadoop-2.7.3/share/hadoop/common/lib/api-asn1-api-1.0.0-M20.jar:/usr/local/hadoop-2.7.3/share/hadoop/common/lib/api-util-1.0.0-M20.jar:/usr/local/hadoop-2.7.3/share/hadoop/common/lib/asm-3.2.jar:/usr/local/hadoop-2.7.3/share/hadoop/common/lib/avro-1.7.4.jar:/usr/local/hadoop-2.7.3/share/hadoop/common/lib/commons-beanutils-1.7.0.jar:/usr/local/hadoop-2.7.3/share/hadoop/common/lib/commons-beanutils-core-1.8.0.jar:/usr/local/hadoop-2.7.3/share/hadoop/common/lib/commons-cli-1.2.jar:/usr/local/hadoop-2.7.3/share/hadoop/common/lib/commons-codec-1.4.jar:/usr/local/hadoop-2.7.3/share/hadoop/common/lib/commons-collections-3.2.2.jar:/usr/local/hadoop-2.7.3/share/hadoop/common/lib/commons-compress-1.4.1.jar:/usr/local/hadoop-2.7.3/share/hadoop/common/lib/commons-configuration-1.6.jar:/usr/local/hadoop-2.7.3/share/hadoop/common/lib/commons-digester-1.8.jar:/usr/local/hadoop-2.7.3/share/hadoop/common/lib/commons-httpclient-3.1.jar:/usr/local/hadoop-2.7.3/share/hadoop/common/lib/commons-io-2.4.jar:/usr/local/hadoop-2.7.3/share/hadoop/common/lib/commons-lang-2.6.jar:/usr/local/hadoop-2.7.3/share/hadoop/common/lib/commons-logging-1.1.3.jar:/usr/local/hadoop-2.7.3/share/hadoop/common/lib/commons-math3-3.1.1.jar:/usr/local/hadoop-2.7.3/share/hadoop/common/lib/commons-net-3.1.jar:/usr/local/hadoop-2.7.3/share/hadoop/common/lib/curator-client-2.7.1.jar:/usr/local/hadoop-2.7.3/share/hadoop/common/lib/curator-framework-2.7.1.jar:/usr/local/hadoop-2.7.3/share/hadoop/common/lib/curator-recipes-2.7.1.jar:/usr/local/hadoop-2.7.3/share/hadoop/common/lib/gson-2.2.4.jar:/usr/local/hadoop-2.7.3/share/hadoop/common/lib/guava-11.0.2.jar:/usr/local/hadoop-2.7.3/share/hadoop/common/lib/hadoop-annotations-2.7.3.jar:/usr/local/hadoop-2.7.3/share/hadoop/common/lib/hadoop-auth-2.7.3.jar:/usr/local/hadoop-2.7.3/share/hadoop/common/lib/hamcrest-core-1.3.jar:/usr/local/hadoop-2.7.3/share/hadoop/common/lib/htrace-core-3.1.0-incubating.jar:/usr/local/hadoop-2.7.3/share/hadoop/common/lib/httpclient-4.2.5.jar:/usr/local/hadoop-2.7.3/share/hadoop/common/lib/httpcore-4.2.5.jar:/usr/local/hadoop-2.7.3/share/hadoop/common/lib/jackson-core-asl-1.9.13.jar:/usr/local/hadoop-2.7.3/share/hadoop/common/lib/jackson-jaxrs-1.9.13.jar:/usr/local/hadoop-2.7.3/share/hadoop/common/lib/jackson-mapper-asl-1.9.13.jar:/usr/local/hadoop-2.7.3/share/hadoop/common/lib/jackson-xc-1.9.13.jar:/usr/local/hadoop-2.7.3/share/hadoop/common/lib/java-xmlbuilder-0.4.jar:/usr/local/hadoop-2.7.3/share/hadoop/common/lib/jaxb-api-2.2.2.jar:/usr/local/hadoop-2.7.3/share/hadoop/common/lib/jaxb-impl-2.2.3-1.jar:/usr/local/hadoop-2.7.3/share/hadoop/common/lib/jersey-core-1.9.jar:/usr/local/hadoop-2.7.3/share/hadoop/common/lib/jersey-json-1.9.jar:/usr/local/hadoop-2.7.3/share/hadoop/common/lib/jersey-server-1.9.jar:/usr/local/hadoop-2.7.3/share/hadoop/common/lib/jets3t-0.9.0.jar:/usr/local/hadoop-2.7.3/share/hadoop/common/lib/jettison-1.1.jar:/usr/local/hadoop-2.7.3/share/hadoop/common/lib/jetty-6.1.26.jar:/usr/local/hadoop-2.7.3/share/hadoop/common/lib/jetty-util-6.1.26.jar:/usr/local/hadoop-2.7.3/share/hadoop/common/lib/jsch-0.1.42.jar:/usr/local/hadoop-2.7.3/share/hadoop/common/lib/jsp-api-2.1.jar:/usr/local/hadoop-2.7.3/share/hadoop/common/lib/jsr305-3.0.0.jar:/usr/local/hadoop-2.7.3/share/hadoop/common/lib/junit-4.11.jar:/usr/local/hadoop-2.7.3/share/hadoop/common/lib/log4j-1.2.17.jar:/usr/local/hadoop-2.7.3/share/hadoop/common/lib/mockito-all-1.8.5.jar:/usr/local/hadoop-2.7.3/share/hadoop/common/lib/netty-3.6.2.Final.jar:/usr/local/hadoop-2.7.3/share/hadoop/common/lib/paranamer-2.3.jar:/usr/local/hadoop-2.7.3/share/hadoop/common/lib/protobuf-java-2.5.0.jar:/usr/local/hadoop-2.7.3/share/hadoop/common/lib/servlet-api-2.5.jar:/usr/local/hadoop-2.7.3/share/hadoop/common/lib/slf4j-api-1.7.10.jar:/usr/local/hadoop-2.7.3/share/hadoop/common/lib/slf4j-log4j12-1.7.10.jar:/usr/local/hadoop-2.7.3/share/hadoop/common/lib/snappy-java-1.0.4.1.jar:/usr/local/hadoop-2.7.3/share/hadoop/common/lib/stax-api-1.0-2.jar:/usr/local/hadoop-2.7.3/share/hadoop/common/lib/xmlenc-0.52.jar:/usr/local/hadoop-2.7.3/share/hadoop/common/lib/xz-1.0.jar:/usr/local/hadoop-2.7.3/share/hadoop/common/lib/zookeeper-3.4.6.jar:/usr/local/hadoop-2.7.3/share/hadoop/common/hadoop-common-2.7.3-tests.jar:/usr/local/hadoop-2.7.3/share/hadoop/common/hadoop-common-2.7.3.jar:/usr/local/hadoop-2.7.3/share/hadoop/common/hadoop-nfs-2.7.3.jar:/usr/local/hadoop-2.7.3/share/hadoop/hdfs:/usr/local/hadoop-2.7.3/share/hadoop/hdfs/lib/asm-3.2.jar:/usr/local/hadoop-2.7.3/share/hadoop/hdfs/lib/commons-cli-1.2.jar:/usr/local/hadoop-2.7.3/share/hadoop/hdfs/lib/commons-codec-1.4.jar:/usr/local/hadoop-2.7.3/share/hadoop/hdfs/lib/commons-daemon-1.0.13.jar:/usr/local/hadoop-2.7.3/share/hadoop/hdfs/lib/commons-io-2.4.jar:/usr/local/hadoop-2.7.3/share/hadoop/hdfs/lib/commons-lang-2.6.jar:/usr/local/hadoop-2.7.3/share/hadoop/hdfs/lib/commons-logging-1.1.3.jar:/usr/local/hadoop-2.7.3/share/hadoop/hdfs/lib/guava-11.0.2.jar:/usr/local/hadoop-2.7.3/share/hadoop/hdfs/lib/htrace-core-3.1.0-incubating.jar:/usr/local/hadoop-2.7.3/share/hadoop/hdfs/lib/jackson-core-asl-1.9.13.jar:/usr/local/hadoop-2.7.3/share/hadoop/hdfs/lib/jackson-mapper-asl-1.9.13.jar:/usr/local/hadoop-2.7.3/share/hadoop/hdfs/lib/jersey-core-1.9.jar:/usr/local/hadoop-2.7.3/share/hadoop/hdfs/lib/jersey-server-1.9.jar:/usr/local/hadoop-2.7.3/share/hadoop/hdfs/lib/jetty-6.1.26.jar:/usr/local/hadoop-2.7.3/share/hadoop/hdfs/lib/jetty-util-6.1.26.jar:/usr/local/hadoop-2.7.3/share/hadoop/hdfs/lib/jsr305-3.0.0.jar:/usr/local/hadoop-2.7.3/share/hadoop/hdfs/lib/leveldbjni-all-1.8.jar:/usr/local/hadoop-2.7.3/share/hadoop/hdfs/lib/log4j-1.2.17.jar:/usr/local/hadoop-2.7.3/share/hadoop/hdfs/lib/netty-3.6.2.Final.jar:/usr/local/hadoop-2.7.3/share/hadoop/hdfs/lib/netty-all-4.0.23.Final.jar:/usr/local/hadoop-2.7.3/share/hadoop/hdfs/lib/protobuf-java-2.5.0.jar:/usr/local/hadoop-2.7.3/share/hadoop/hdfs/lib/servlet-api-2.5.jar:/usr/local/hadoop-2.7.3/share/hadoop/hdfs/lib/xercesImpl-2.9.1.jar:/usr/local/hadoop-2.7.3/share/hadoop/hdfs/lib/xml-apis-1.3.04.jar:/usr/local/hadoop-2.7.3/share/hadoop/hdfs/lib/xmlenc-0.52.jar:/usr/local/hadoop-2.7.3/share/hadoop/hdfs/hadoop-hdfs-2.7.3-tests.jar:/usr/local/hadoop-2.7.3/share/hadoop/hdfs/hadoop-hdfs-2.7.3.jar:/usr/local/hadoop-2.7.3/share/hadoop/hdfs/hadoop-hdfs-nfs-2.7.3.jar:/usr/local/hadoop-2.7.3/share/hadoop/yarn/lib/activation-1.1.jar:/usr/local/hadoop-2.7.3/share/hadoop/yarn/lib/aopalliance-1.0.jar:/usr/local/hadoop-2.7.3/share/hadoop/yarn/lib/asm-3.2.jar:/usr/local/hadoop-2.7.3/share/hadoop/yarn/lib/commons-cli-1.2.jar:/usr/local/hadoop-2.7.3/share/hadoop/yarn/lib/commons-codec-1.4.jar:/usr/local/hadoop-2.7.3/share/hadoop/yarn/lib/commons-collections-3.2.2.jar:/usr/local/hadoop-2.7.3/share/hadoop/yarn/lib/commons-compress-1.4.1.jar:/usr/local/hadoop-2.7.3/share/hadoop/yarn/lib/commons-io-2.4.jar:/usr/local/hadoop-2.7.3/share/hadoop/yarn/lib/commons-lang-2.6.jar:/usr/local/hadoop-2.7.3/share/hadoop/yarn/lib/commons-logging-1.1.3.jar:/usr/local/hadoop-2.7.3/share/hadoop/yarn/lib/guava-11.0.2.jar:/usr/local/hadoop-2.7.3/share/hadoop/yarn/lib/guice-3.0.jar:/usr/local/hadoop-2.7.3/share/hadoop/yarn/lib/guice-servlet-3.0.jar:/usr/local/hadoop-2.7.3/share/hadoop/yarn/lib/jackson-core-asl-1.9.13.jar:/usr/local/hadoop-2.7.3/share/hadoop/yarn/lib/jackson-jaxrs-1.9.13.jar:/usr/local/hadoop-2.7.3/share/hadoop/yarn/lib/jackson-mapper-asl-1.9.13.jar:/usr/local/hadoop-2.7.3/share/hadoop/yarn/lib/jackson-xc-1.9.13.jar:/usr/local/hadoop-2.7.3/share/hadoop/yarn/lib/javax.inject-1.jar:/usr/local/hadoop-2.7.3/share/hadoop/yarn/lib/jaxb-api-2.2.2.jar:/usr/local/hadoop-2.7.3/share/hadoop/yarn/lib/jaxb-impl-2.2.3-1.jar:/usr/local/hadoop-2.7.3/share/hadoop/yarn/lib/jersey-client-1.9.jar:/usr/local/hadoop-2.7.3/share/hadoop/yarn/lib/jersey-core-1.9.jar:/usr/local/hadoop-2.7.3/share/hadoop/yarn/lib/jersey-guice-1.9.jar:/usr/local/hadoop-2.7.3/share/hadoop/yarn/lib/jersey-json-1.9.jar:/usr/local/hadoop-2.7.3/share/hadoop/yarn/lib/jersey-server-1.9.jar:/usr/local/hadoop-2.7.3/share/hadoop/yarn/lib/jettison-1.1.jar:/usr/local/hadoop-2.7.3/share/hadoop/yarn/lib/jetty-6.1.26.jar:/usr/local/hadoop-2.7.3/share/hadoop/yarn/lib/jetty-util-6.1.26.jar:/usr/local/hadoop-2.7.3/share/hadoop/yarn/lib/jsr305-3.0.0.jar:/usr/local/hadoop-2.7.3/share/hadoop/yarn/lib/leveldbjni-all-1.8.jar:/usr/local/hadoop-2.7.3/share/hadoop/yarn/lib/log4j-1.2.17.jar:/usr/local/hadoop-2.7.3/share/hadoop/yarn/lib/netty-3.6.2.Final.jar:/usr/local/hadoop-2.7.3/share/hadoop/yarn/lib/protobuf-java-2.5.0.jar:/usr/local/hadoop-2.7.3/share/hadoop/yarn/lib/servlet-api-2.5.jar:/usr/local/hadoop-2.7.3/share/hadoop/yarn/lib/stax-api-1.0-2.jar:/usr/local/hadoop-2.7.3/share/hadoop/yarn/lib/xz-1.0.jar:/usr/local/hadoop-2.7.3/share/hadoop/yarn/lib/zookeeper-3.4.6-tests.jar:/usr/local/hadoop-2.7.3/share/hadoop/yarn/lib/zookeeper-3.4.6.jar:/usr/local/hadoop-2.7.3/share/hadoop/yarn/hadoop-yarn-api-2.7.3.jar:/usr/local/hadoop-2.7.3/share/hadoop/yarn/hadoop-yarn-applications-distributedshell-2.7.3.jar:/usr/local/hadoop-2.7.3/share/hadoop/yarn/hadoop-yarn-applications-unmanaged-am-launcher-2.7.3.jar:/usr/local/hadoop-2.7.3/share/hadoop/yarn/hadoop-yarn-client-2.7.3.jar:/usr/local/hadoop-2.7.3/share/hadoop/yarn/hadoop-yarn-common-2.7.3.jar:/usr/local/hadoop-2.7.3/share/hadoop/yarn/hadoop-yarn-registry-2.7.3.jar:/usr/local/hadoop-2.7.3/share/hadoop/yarn/hadoop-yarn-server-applicationhistoryservice-2.7.3.jar:/usr/local/hadoop-2.7.3/share/hadoop/yarn/hadoop-yarn-server-common-2.7.3.jar:/usr/local/hadoop-2.7.3/share/hadoop/yarn/hadoop-yarn-server-nodemanager-2.7.3.jar:/usr/local/hadoop-2.7.3/share/hadoop/yarn/hadoop-yarn-server-resourcemanager-2.7.3.jar:/usr/local/hadoop-2.7.3/share/hadoop/yarn/hadoop-yarn-server-sharedcachemanager-2.7.3.jar:/usr/local/hadoop-2.7.3/share/hadoop/yarn/hadoop-yarn-server-tests-2.7.3.jar:/usr/local/hadoop-2.7.3/share/hadoop/yarn/hadoop-yarn-server-web-proxy-2.7.3.jar:/usr/local/hadoop-2.7.3/share/hadoop/mapreduce/lib/aopalliance-1.0.jar:/usr/local/hadoop-2.7.3/share/hadoop/mapreduce/lib/asm-3.2.jar:/usr/local/hadoop-2.7.3/share/hadoop/mapreduce/lib/avro-1.7.4.jar:/usr/local/hadoop-2.7.3/share/hadoop/mapreduce/lib/commons-compress-1.4.1.jar:/usr/local/hadoop-2.7.3/share/hadoop/mapreduce/lib/commons-io-2.4.jar:/usr/local/hadoop-2.7.3/share/hadoop/mapreduce/lib/guice-3.0.jar:/usr/local/hadoop-2.7.3/share/hadoop/mapreduce/lib/guice-servlet-3.0.jar:/usr/local/hadoop-2.7.3/share/hadoop/mapreduce/lib/hadoop-annotations-2.7.3.jar:/usr/local/hadoop-2.7.3/share/hadoop/mapreduce/lib/hamcrest-core-1.3.jar:/usr/local/hadoop-2.7.3/share/hadoop/mapreduce/lib/jackson-core-asl-1.9.13.jar:/usr/local/hadoop-2.7.3/share/hadoop/mapreduce/lib/jackson-mapper-asl-1.9.13.jar:/usr/local/hadoop-2.7.3/share/hadoop/mapreduce/lib/javax.inject-1.jar:/usr/local/hadoop-2.7.3/share/hadoop/mapreduce/lib/jersey-core-1.9.jar:/usr/local/hadoop-2.7.3/share/hadoop/mapreduce/lib/jersey-guice-1.9.jar:/usr/local/hadoop-2.7.3/share/hadoop/mapreduce/lib/jersey-server-1.9.jar:/usr/local/hadoop-2.7.3/share/hadoop/mapreduce/lib/junit-4.11.jar:/usr/local/hadoop-2.7.3/share/hadoop/mapreduce/lib/leveldbjni-all-1.8.jar:/usr/local/hadoop-2.7.3/share/hadoop/mapreduce/lib/log4j-1.2.17.jar:/usr/local/hadoop-2.7.3/share/hadoop/mapreduce/lib/netty-3.6.2.Final.jar:/usr/local/hadoop-2.7.3/share/hadoop/mapreduce/lib/paranamer-2.3.jar:/usr/local/hadoop-2.7.3/share/hadoop/mapreduce/lib/protobuf-java-2.5.0.jar:/usr/local/hadoop-2.7.3/share/hadoop/mapreduce/lib/snappy-java-1.0.4.1.jar:/usr/local/hadoop-2.7.3/share/hadoop/mapreduce/lib/xz-1.0.jar:/usr/local/hadoop-2.7.3/share/hadoop/mapreduce/hadoop-mapreduce-client-app-2.7.3.jar:/usr/local/hadoop-2.7.3/share/hadoop/mapreduce/hadoop-mapreduce-client-common-2.7.3.jar:/usr/local/hadoop-2.7.3/share/hadoop/mapreduce/hadoop-mapreduce-client-core-2.7.3.jar:/usr/local/hadoop-2.7.3/share/hadoop/mapreduce/hadoop-mapreduce-client-hs-2.7.3.jar:/usr/local/hadoop-2.7.3/share/hadoop/mapreduce/hadoop-mapreduce-client-hs-plugins-2.7.3.jar:/usr/local/hadoop-2.7.3/share/hadoop/mapreduce/hadoop-mapreduce-client-jobclient-2.7.3-tests.jar:/usr/local/hadoop-2.7.3/share/hadoop/mapreduce/hadoop-mapreduce-client-jobclient-2.7.3.jar:/usr/local/hadoop-2.7.3/share/hadoop/mapreduce/hadoop-mapreduce-client-shuffle-2.7.3.jar:/usr/local/hadoop-2.7.3/share/hadoop/mapreduce/hadoop-mapreduce-examples-2.7.3.jar:/contrib/capacity-scheduler/*.jar:/contrib/capacity-scheduler/*.jar:/contrib/capacity-scheduler/*.jar:/usr/local/hadoop-2.7.3/share/hadoop/yarn/hadoop-yarn-api-2.7.3.jar:/usr/local/hadoop-2.7.3/share/hadoop/yarn/hadoop-yarn-applications-distributedshell-2.7.3.jar:/usr/local/hadoop-2.7.3/share/hadoop/yarn/hadoop-yarn-applications-unmanaged-am-launcher-2.7.3.jar:/usr/local/hadoop-2.7.3/share/hadoop/yarn/hadoop-yarn-client-2.7.3.jar:/usr/local/hadoop-2.7.3/share/hadoop/yarn/hadoop-yarn-common-2.7.3.jar:/usr/local/hadoop-2.7.3/share/hadoop/yarn/hadoop-yarn-registry-2.7.3.jar:/usr/local/hadoop-2.7.3/share/hadoop/yarn/hadoop-yarn-server-applicationhistoryservice-2.7.3.jar:/usr/local/hadoop-2.7.3/share/hadoop/yarn/hadoop-yarn-server-common-2.7.3.jar:/usr/local/hadoop-2.7.3/share/hadoop/yarn/hadoop-yarn-server-nodemanager-2.7.3.jar:/usr/local/hadoop-2.7.3/share/hadoop/yarn/hadoop-yarn-server-resourcemanager-2.7.3.jar:/usr/local/hadoop-2.7.3/share/hadoop/yarn/hadoop-yarn-server-sharedcachemanager-2.7.3.jar:/usr/local/hadoop-2.7.3/share/hadoop/yarn/hadoop-yarn-server-tests-2.7.3.jar:/usr/local/hadoop-2.7.3/share/hadoop/yarn/hadoop-yarn-server-web-proxy-2.7.3.jar:/usr/local/hadoop-2.7.3/share/hadoop/yarn/lib/activation-1.1.jar:/usr/local/hadoop-2.7.3/share/hadoop/yarn/lib/aopalliance-1.0.jar:/usr/local/hadoop-2.7.3/share/hadoop/yarn/lib/asm-3.2.jar:/usr/local/hadoop-2.7.3/share/hadoop/yarn/lib/commons-cli-1.2.jar:/usr/local/hadoop-2.7.3/share/hadoop/yarn/lib/commons-codec-1.4.jar:/usr/local/hadoop-2.7.3/share/hadoop/yarn/lib/commons-collections-3.2.2.jar:/usr/local/hadoop-2.7.3/share/hadoop/yarn/lib/commons-compress-1.4.1.jar:/usr/local/hadoop-2.7.3/share/hadoop/yarn/lib/commons-io-2.4.jar:/usr/local/hadoop-2.7.3/share/hadoop/yarn/lib/commons-lang-2.6.jar:/usr/local/hadoop-2.7.3/share/hadoop/yarn/lib/commons-logging-1.1.3.jar:/usr/local/hadoop-2.7.3/share/hadoop/yarn/lib/guava-11.0.2.jar:/usr/local/hadoop-2.7.3/share/hadoop/yarn/lib/guice-3.0.jar:/usr/local/hadoop-2.7.3/share/hadoop/yarn/lib/guice-servlet-3.0.jar:/usr/local/hadoop-2.7.3/share/hadoop/yarn/lib/jackson-core-asl-1.9.13.jar:/usr/local/hadoop-2.7.3/share/hadoop/yarn/lib/jackson-jaxrs-1.9.13.jar:/usr/local/hadoop-2.7.3/share/hadoop/yarn/lib/jackson-mapper-asl-1.9.13.jar:/usr/local/hadoop-2.7.3/share/hadoop/yarn/lib/jackson-xc-1.9.13.jar:/usr/local/hadoop-2.7.3/share/hadoop/yarn/lib/javax.inject-1.jar:/usr/local/hadoop-2.7.3/share/hadoop/yarn/lib/jaxb-api-2.2.2.jar:/usr/local/hadoop-2.7.3/share/hadoop/yarn/lib/jaxb-impl-2.2.3-1.jar:/usr/local/hadoop-2.7.3/share/hadoop/yarn/lib/jersey-client-1.9.jar:/usr/local/hadoop-2.7.3/share/hadoop/yarn/lib/jersey-core-1.9.jar:/usr/local/hadoop-2.7.3/share/hadoop/yarn/lib/jersey-guice-1.9.jar:/usr/local/hadoop-2.7.3/share/hadoop/yarn/lib/jersey-json-1.9.jar:/usr/local/hadoop-2.7.3/share/hadoop/yarn/lib/jersey-server-1.9.jar:/usr/local/hadoop-2.7.3/share/hadoop/yarn/lib/jettison-1.1.jar:/usr/local/hadoop-2.7.3/share/hadoop/yarn/lib/jetty-6.1.26.jar:/usr/local/hadoop-2.7.3/share/hadoop/yarn/lib/jetty-util-6.1.26.jar:/usr/local/hadoop-2.7.3/share/hadoop/yarn/lib/jsr305-3.0.0.jar:/usr/local/hadoop-2.7.3/share/hadoop/yarn/lib/leveldbjni-all-1.8.jar:/usr/local/hadoop-2.7.3/share/hadoop/yarn/lib/log4j-1.2.17.jar:/usr/local/hadoop-2.7.3/share/hadoop/yarn/lib/netty-3.6.2.Final.jar:/usr/local/hadoop-2.7.3/share/hadoop/yarn/lib/protobuf-java-2.5.0.jar:/usr/local/hadoop-2.7.3/share/hadoop/yarn/lib/servlet-api-2.5.jar:/usr/local/hadoop-2.7.3/share/hadoop/yarn/lib/stax-api-1.0-2.jar:/usr/local/hadoop-2.7.3/share/hadoop/yarn/lib/xz-1.0.jar:/usr/local/hadoop-2.7.3/share/hadoop/yarn/lib/zookeeper-3.4.6-tests.jar:/usr/local/hadoop-2.7.3/share/hadoop/yarn/lib/zookeeper-3.4.6.jar:/usr/local/hadoop-2.7.3/etc/hadoop/rm-config/log4j.properties
STARTUP_MSG:   build = https://git-wip-us.apache.org/repos/asf/hadoop.git -r baa91f7c6bc9cb92be5982de4719c1c8af91ccff; compiled by 'root' on 2016-08-18T01:41Z
STARTUP_MSG:   java = 1.8.0_112
************************************************************/
2017-01-22 17:18:10,360 INFO org.apache.hadoop.yarn.server.resourcemanager.ResourceManager: registered UNIX signal handlers for [TERM, HUP, INT]
2017-01-22 17:18:10,581 INFO org.apache.hadoop.conf.Configuration: found resource core-site.xml at file:/usr/local/hadoop-2.7.3/etc/hadoop/core-site.xml
2017-01-22 17:18:10,621 WARN org.apache.hadoop.util.NativeCodeLoader: Unable to load native-hadoop library for your platform... using builtin-java classes where applicable
2017-01-22 17:18:10,645 INFO org.apache.hadoop.security.Groups: clearing userToGroupsMap cache
2017-01-22 17:18:10,701 INFO org.apache.hadoop.conf.Configuration: found resource yarn-site.xml at file:/usr/local/hadoop-2.7.3/etc/hadoop/yarn-site.xml
2017-01-22 17:18:10,825 INFO org.apache.hadoop.yarn.event.AsyncDispatcher: Registering class org.apache.hadoop.yarn.server.resourcemanager.RMFatalEventType for class org.apache.hadoop.yarn.server.resourcemanager.ResourceManager$RMFatalEventDispatcher
2017-01-22 17:18:10,974 INFO org.apache.hadoop.yarn.server.resourcemanager.security.NMTokenSecretManagerInRM: NMTokenKeyRollingInterval: 86400000ms and NMTokenKeyActivationDelay: 900000ms
2017-01-22 17:18:10,979 INFO org.apache.hadoop.yarn.server.resourcemanager.security.RMContainerTokenSecretManager: ContainerTokenKeyRollingInterval: 86400000ms and ContainerTokenKeyActivationDelay: 900000ms
2017-01-22 17:18:10,985 INFO org.apache.hadoop.yarn.server.resourcemanager.security.AMRMTokenSecretManager: AMRMTokenKeyRollingInterval: 86400000ms and AMRMTokenKeyActivationDelay: 900000 ms
2017-01-22 17:18:11,027 INFO org.apache.hadoop.yarn.event.AsyncDispatcher: Registering class org.apache.hadoop.yarn.server.resourcemanager.recovery.RMStateStoreEventType for class org.apache.hadoop.yarn.server.resourcemanager.recovery.RMStateStore$ForwardingEventHandler
2017-01-22 17:18:11,032 INFO org.apache.hadoop.yarn.event.AsyncDispatcher: Registering class org.apache.hadoop.yarn.server.resourcemanager.NodesListManagerEventType for class org.apache.hadoop.yarn.server.resourcemanager.NodesListManager
2017-01-22 17:18:11,033 INFO org.apache.hadoop.yarn.server.resourcemanager.ResourceManager: Using Scheduler: org.apache.hadoop.yarn.server.resourcemanager.scheduler.capacity.CapacityScheduler
2017-01-22 17:18:11,063 INFO org.apache.hadoop.yarn.event.AsyncDispatcher: Registering class org.apache.hadoop.yarn.server.resourcemanager.scheduler.event.SchedulerEventType for class org.apache.hadoop.yarn.server.resourcemanager.ResourceManager$SchedulerEventDispatcher
2017-01-22 17:18:11,064 INFO org.apache.hadoop.yarn.event.AsyncDispatcher: Registering class org.apache.hadoop.yarn.server.resourcemanager.rmapp.RMAppEventType for class org.apache.hadoop.yarn.server.resourcemanager.ResourceManager$ApplicationEventDispatcher
2017-01-22 17:18:11,064 INFO org.apache.hadoop.yarn.event.AsyncDispatcher: Registering class org.apache.hadoop.yarn.server.resourcemanager.rmapp.attempt.RMAppAttemptEventType for class org.apache.hadoop.yarn.server.resourcemanager.ResourceManager$ApplicationAttemptEventDispatcher
2017-01-22 17:18:11,065 INFO org.apache.hadoop.yarn.event.AsyncDispatcher: Registering class org.apache.hadoop.yarn.server.resourcemanager.rmnode.RMNodeEventType for class org.apache.hadoop.yarn.server.resourcemanager.ResourceManager$NodeEventDispatcher
2017-01-22 17:18:11,121 INFO org.apache.hadoop.metrics2.impl.MetricsConfig: loaded properties from hadoop-metrics2.properties
2017-01-22 17:18:11,182 INFO org.apache.hadoop.metrics2.impl.MetricsSystemImpl: Scheduled snapshot period at 10 second(s).
2017-01-22 17:18:11,182 INFO org.apache.hadoop.metrics2.impl.MetricsSystemImpl: ResourceManager metrics system started
2017-01-22 17:18:11,195 INFO org.apache.hadoop.yarn.event.AsyncDispatcher: Registering class org.apache.hadoop.yarn.server.resourcemanager.RMAppManagerEventType for class org.apache.hadoop.yarn.server.resourcemanager.RMAppManager
2017-01-22 17:18:11,200 INFO org.apache.hadoop.yarn.event.AsyncDispatcher: Registering class org.apache.hadoop.yarn.server.resourcemanager.amlauncher.AMLauncherEventType for class org.apache.hadoop.yarn.server.resourcemanager.amlauncher.ApplicationMasterLauncher
2017-01-22 17:18:11,201 INFO org.apache.hadoop.yarn.server.resourcemanager.RMNMInfo: Registered RMNMInfo MBean
2017-01-22 17:18:11,203 INFO org.apache.hadoop.yarn.security.YarnAuthorizationProvider: org.apache.hadoop.yarn.security.ConfiguredYarnAuthorizer is instiantiated.
2017-01-22 17:18:11,204 INFO org.apache.hadoop.util.HostsFileReader: Refreshing hosts (include/exclude) list
2017-01-22 17:18:11,205 INFO org.apache.hadoop.conf.Configuration: found resource capacity-scheduler.xml at file:/usr/local/hadoop-2.7.3/etc/hadoop/capacity-scheduler.xml
2017-01-22 17:18:11,247 INFO org.apache.hadoop.yarn.server.resourcemanager.scheduler.capacity.CapacitySchedulerConfiguration: max alloc mb per queue for root is undefined
2017-01-22 17:18:11,247 INFO org.apache.hadoop.yarn.server.resourcemanager.scheduler.capacity.CapacitySchedulerConfiguration: max alloc vcore per queue for root is undefined
2017-01-22 17:18:11,250 INFO org.apache.hadoop.yarn.server.resourcemanager.scheduler.capacity.ParentQueue: root, capacity=1.0, asboluteCapacity=1.0, maxCapacity=1.0, asboluteMaxCapacity=1.0, state=RUNNING, acls=ADMINISTER_QUEUE:*SUBMIT_APP:*, labels=*,
, reservationsContinueLooking=true
2017-01-22 17:18:11,250 INFO org.apache.hadoop.yarn.server.resourcemanager.scheduler.capacity.ParentQueue: Initialized parent-queue root name=root, fullname=root
2017-01-22 17:18:11,257 INFO org.apache.hadoop.yarn.server.resourcemanager.scheduler.capacity.CapacitySchedulerConfiguration: max alloc mb per queue for root.default is undefined
2017-01-22 17:18:11,257 INFO org.apache.hadoop.yarn.server.resourcemanager.scheduler.capacity.CapacitySchedulerConfiguration: max alloc vcore per queue for root.default is undefined
2017-01-22 17:18:11,258 INFO org.apache.hadoop.yarn.server.resourcemanager.scheduler.capacity.LeafQueue: Initializing default
capacity = 1.0 [= (float) configuredCapacity / 100 ]
asboluteCapacity = 1.0 [= parentAbsoluteCapacity * capacity ]
maxCapacity = 1.0 [= configuredMaxCapacity ]
absoluteMaxCapacity = 1.0 [= 1.0 maximumCapacity undefined, (parentAbsoluteMaxCapacity * maximumCapacity) / 100 otherwise ]
userLimit = 100 [= configuredUserLimit ]
userLimitFactor = 1.0 [= configuredUserLimitFactor ]
maxApplications = 10000 [= configuredMaximumSystemApplicationsPerQueue or (int)(configuredMaximumSystemApplications * absoluteCapacity)]
maxApplicationsPerUser = 10000 [= (int)(maxApplications * (userLimit / 100.0f) * userLimitFactor) ]
usedCapacity = 0.0 [= usedResourcesMemory / (clusterResourceMemory * absoluteCapacity)]
absoluteUsedCapacity = 0.0 [= usedResourcesMemory / clusterResourceMemory]
maxAMResourcePerQueuePercent = 0.1 [= configuredMaximumAMResourcePercent ]
minimumAllocationFactor = 0.875 [= (float)(maximumAllocationMemory - minimumAllocationMemory) / maximumAllocationMemory ]
maximumAllocation = <memory:8192, vCores:32> [= configuredMaxAllocation ]
numContainers = 0 [= currentNumContainers ]
state = RUNNING [= configuredState ]
acls = ADMINISTER_QUEUE:*SUBMIT_APP:* [= configuredAcls ]
nodeLocalityDelay = 40
labels=*,
nodeLocalityDelay = 40
reservationsContinueLooking = true
preemptionDisabled = true

2017-01-22 17:18:11,258 INFO org.apache.hadoop.yarn.server.resourcemanager.scheduler.capacity.CapacityScheduler: Initialized queue: default: capacity=1.0, absoluteCapacity=1.0, usedResources=<memory:0, vCores:0>, usedCapacity=0.0, absoluteUsedCapacity=0.0, numApps=0, numContainers=0
2017-01-22 17:18:11,259 INFO org.apache.hadoop.yarn.server.resourcemanager.scheduler.capacity.CapacityScheduler: Initialized queue: root: numChildQueue= 1, capacity=1.0, absoluteCapacity=1.0, usedResources=<memory:0, vCores:0>usedCapacity=0.0, numApps=0, numContainers=0
2017-01-22 17:18:11,259 INFO org.apache.hadoop.yarn.server.resourcemanager.scheduler.capacity.CapacityScheduler: Initialized root queue root: numChildQueue= 1, capacity=1.0, absoluteCapacity=1.0, usedResources=<memory:0, vCores:0>usedCapacity=0.0, numApps=0, numContainers=0
2017-01-22 17:18:11,259 INFO org.apache.hadoop.yarn.server.resourcemanager.scheduler.capacity.CapacityScheduler: Initialized queue mappings, override: false
2017-01-22 17:18:11,259 INFO org.apache.hadoop.yarn.server.resourcemanager.scheduler.capacity.CapacityScheduler: Initialized CapacityScheduler with calculator=class org.apache.hadoop.yarn.util.resource.DefaultResourceCalculator, minimumAllocation=<<memory:1024, vCores:1>>, maximumAllocation=<<memory:8192, vCores:32>>, asynchronousScheduling=false, asyncScheduleInterval=5ms
2017-01-22 17:18:11,269 INFO org.apache.hadoop.yarn.server.resourcemanager.metrics.SystemMetricsPublisher: YARN system metrics publishing service is not enabled
2017-01-22 17:18:11,269 INFO org.apache.hadoop.yarn.server.resourcemanager.ResourceManager: Transitioning to active state
2017-01-22 17:18:11,282 INFO org.apache.hadoop.yarn.server.resourcemanager.recovery.RMStateStore: Updating AMRMToken
2017-01-22 17:18:11,282 INFO org.apache.hadoop.yarn.server.resourcemanager.security.RMContainerTokenSecretManager: Rolling master-key for container-tokens
2017-01-22 17:18:11,282 INFO org.apache.hadoop.yarn.server.resourcemanager.security.NMTokenSecretManagerInRM: Rolling master-key for nm-tokens
2017-01-22 17:18:11,282 INFO org.apache.hadoop.security.token.delegation.AbstractDelegationTokenSecretManager: Updating the current master key for generating delegation tokens
2017-01-22 17:18:11,282 INFO org.apache.hadoop.yarn.server.resourcemanager.security.RMDelegationTokenSecretManager: storing master key with keyID 1
2017-01-22 17:18:11,282 INFO org.apache.hadoop.yarn.server.resourcemanager.recovery.RMStateStore: Storing RMDTMasterKey.
2017-01-22 17:18:11,284 INFO org.apache.hadoop.security.token.delegation.AbstractDelegationTokenSecretManager: Starting expired delegation token remover thread, tokenRemoverScanInterval=60 min(s)
2017-01-22 17:18:11,284 INFO org.apache.hadoop.security.token.delegation.AbstractDelegationTokenSecretManager: Updating the current master key for generating delegation tokens
2017-01-22 17:18:11,284 INFO org.apache.hadoop.yarn.server.resourcemanager.security.RMDelegationTokenSecretManager: storing master key with keyID 2
2017-01-22 17:18:11,284 INFO org.apache.hadoop.yarn.server.resourcemanager.recovery.RMStateStore: Storing RMDTMasterKey.
2017-01-22 17:18:11,285 INFO org.apache.hadoop.yarn.event.AsyncDispatcher: Registering class org.apache.hadoop.yarn.nodelabels.event.NodeLabelsStoreEventType for class org.apache.hadoop.yarn.nodelabels.CommonNodeLabelsManager$ForwardingEventHandler
2017-01-22 17:18:11,306 INFO org.apache.hadoop.ipc.CallQueueManager: Using callQueue class java.util.concurrent.LinkedBlockingQueue
2017-01-22 17:18:11,331 INFO org.apache.hadoop.ipc.Server: Starting Socket Reader #1 for port 8031
2017-01-22 17:18:11,344 INFO org.apache.hadoop.yarn.factories.impl.pb.RpcServerFactoryPBImpl: Adding protocol org.apache.hadoop.yarn.server.api.ResourceTrackerPB to the server
2017-01-22 17:18:11,344 INFO org.apache.hadoop.ipc.Server: IPC Server Responder: starting
2017-01-22 17:18:11,344 INFO org.apache.hadoop.ipc.Server: IPC Server listener on 8031: starting
2017-01-22 17:18:11,377 INFO org.apache.hadoop.ipc.CallQueueManager: Using callQueue class java.util.concurrent.LinkedBlockingQueue
2017-01-22 17:18:11,382 INFO org.apache.hadoop.ipc.Server: Starting Socket Reader #1 for port 8030
2017-01-22 17:18:11,388 INFO org.apache.hadoop.yarn.factories.impl.pb.RpcServerFactoryPBImpl: Adding protocol org.apache.hadoop.yarn.api.ApplicationMasterProtocolPB to the server
2017-01-22 17:18:11,388 INFO org.apache.hadoop.ipc.Server: IPC Server Responder: starting
2017-01-22 17:18:11,388 INFO org.apache.hadoop.ipc.Server: IPC Server listener on 8030: starting
2017-01-22 17:18:11,443 INFO org.apache.hadoop.ipc.CallQueueManager: Using callQueue class java.util.concurrent.LinkedBlockingQueue
2017-01-22 17:18:11,444 INFO org.apache.hadoop.ipc.Server: Starting Socket Reader #1 for port 8032
2017-01-22 17:18:11,445 INFO org.apache.hadoop.yarn.factories.impl.pb.RpcServerFactoryPBImpl: Adding protocol org.apache.hadoop.yarn.api.ApplicationClientProtocolPB to the server
2017-01-22 17:18:11,446 INFO org.apache.hadoop.ipc.Server: IPC Server Responder: starting
2017-01-22 17:18:11,447 INFO org.apache.hadoop.ipc.Server: IPC Server listener on 8032: starting
2017-01-22 17:18:11,454 INFO org.apache.hadoop.yarn.server.resourcemanager.ResourceManager: Transitioned to active state
2017-01-22 17:18:11,541 INFO org.mortbay.log: Logging to org.slf4j.impl.Log4jLoggerAdapter(org.mortbay.log) via org.mortbay.log.Slf4jLog
2017-01-22 17:18:11,547 INFO org.apache.hadoop.security.authentication.server.AuthenticationFilter: Unable to initialize FileSignerSecretProvider, falling back to use random secrets.
2017-01-22 17:18:11,553 INFO org.apache.hadoop.http.HttpRequestLog: Http request log for http.requests.resourcemanager is not defined
2017-01-22 17:18:11,559 INFO org.apache.hadoop.http.HttpServer2: Added global filter 'safety' (class=org.apache.hadoop.http.HttpServer2$QuotingInputFilter)
2017-01-22 17:18:11,565 INFO org.apache.hadoop.http.HttpServer2: Added filter RMAuthenticationFilter (class=org.apache.hadoop.yarn.server.security.http.RMAuthenticationFilter) to context cluster
2017-01-22 17:18:11,565 INFO org.apache.hadoop.http.HttpServer2: Added filter RMAuthenticationFilter (class=org.apache.hadoop.yarn.server.security.http.RMAuthenticationFilter) to context static
2017-01-22 17:18:11,565 INFO org.apache.hadoop.http.HttpServer2: Added filter RMAuthenticationFilter (class=org.apache.hadoop.yarn.server.security.http.RMAuthenticationFilter) to context logs
2017-01-22 17:18:11,566 INFO org.apache.hadoop.http.HttpServer2: Added filter static_user_filter (class=org.apache.hadoop.http.lib.StaticUserWebFilter$StaticUserFilter) to context cluster
2017-01-22 17:18:11,566 INFO org.apache.hadoop.http.HttpServer2: Added filter static_user_filter (class=org.apache.hadoop.http.lib.StaticUserWebFilter$StaticUserFilter) to context static
2017-01-22 17:18:11,566 INFO org.apache.hadoop.http.HttpServer2: Added filter static_user_filter (class=org.apache.hadoop.http.lib.StaticUserWebFilter$StaticUserFilter) to context logs
2017-01-22 17:18:11,569 INFO org.apache.hadoop.http.HttpServer2: adding path spec: /cluster/*
2017-01-22 17:18:11,569 INFO org.apache.hadoop.http.HttpServer2: adding path spec: /ws/*
2017-01-22 17:18:12,072 INFO org.apache.hadoop.yarn.webapp.WebApps: Registered webapp guice modules
2017-01-22 17:18:12,075 INFO org.apache.hadoop.http.HttpServer2: Jetty bound to port 8088
2017-01-22 17:18:12,075 INFO org.mortbay.log: jetty-6.1.26
2017-01-22 17:18:12,105 INFO org.mortbay.log: Extract jar:file:/usr/local/hadoop-2.7.3/share/hadoop/yarn/hadoop-yarn-common-2.7.3.jar!/webapps/cluster to /var/folders/vr/rg44m3fx30d5pmj3442nllwc0000gn/T/Jetty_localhost_8088_cluster____.3j26f5/webapp
2017-01-22 17:18:12,365 INFO org.apache.hadoop.security.token.delegation.AbstractDelegationTokenSecretManager: Updating the current master key for generating delegation tokens
2017-01-22 17:18:12,365 INFO org.apache.hadoop.security.token.delegation.AbstractDelegationTokenSecretManager: Starting expired delegation token remover thread, tokenRemoverScanInterval=60 min(s)
2017-01-22 17:18:12,365 INFO org.apache.hadoop.security.token.delegation.AbstractDelegationTokenSecretManager: Updating the current master key for generating delegation tokens
2017-01-22 17:18:13,550 INFO org.mortbay.log: Started HttpServer2$SelectChannelConnectorWithSafeStartup@localhost:8088
2017-01-22 17:18:13,550 INFO org.apache.hadoop.yarn.webapp.WebApps: Web app cluster started at 8088
2017-01-22 17:18:13,579 INFO org.apache.hadoop.ipc.CallQueueManager: Using callQueue class java.util.concurrent.LinkedBlockingQueue
2017-01-22 17:18:13,579 INFO org.apache.hadoop.ipc.Server: Starting Socket Reader #1 for port 8033
2017-01-22 17:18:13,580 INFO org.apache.hadoop.yarn.factories.impl.pb.RpcServerFactoryPBImpl: Adding protocol org.apache.hadoop.yarn.server.api.ResourceManagerAdministrationProtocolPB to the server
2017-01-22 17:18:13,580 INFO org.apache.hadoop.ipc.Server: IPC Server Responder: starting
2017-01-22 17:18:13,581 INFO org.apache.hadoop.ipc.Server: IPC Server listener on 8033: starting
2017-01-22 17:18:14,544 INFO org.apache.hadoop.yarn.util.RackResolver: Resolved 27-41.priv23.nus.edu.sg to /default-rack
2017-01-22 17:18:14,546 INFO org.apache.hadoop.yarn.server.resourcemanager.ResourceTrackerService: NodeManager from node 27-41.priv23.nus.edu.sg(cmPort: 49485 httpPort: 8042) registered with capability: <memory:8192, vCores:8>, assigned nodeId 27-41.priv23.nus.edu.sg:49485
2017-01-22 17:18:14,549 INFO org.apache.hadoop.yarn.server.resourcemanager.rmnode.RMNodeImpl: 27-41.priv23.nus.edu.sg:49485 Node Transitioned from NEW to RUNNING
2017-01-22 17:18:14,552 INFO org.apache.hadoop.yarn.server.resourcemanager.scheduler.capacity.CapacityScheduler: Added node 27-41.priv23.nus.edu.sg:49485 clusterResource: <memory:8192, vCores:8>
2017-01-22 17:28:17,463 INFO org.apache.hadoop.yarn.server.resourcemanager.scheduler.AbstractYarnScheduler: Release request cache is cleaned up
2017-01-22 18:15:13,126 ERROR org.apache.hadoop.yarn.server.resourcemanager.ResourceManager: RECEIVED SIGNAL 15: SIGTERM
2017-01-22 18:15:13,131 ERROR org.apache.hadoop.security.token.delegation.AbstractDelegationTokenSecretManager: ExpiredTokenRemover received java.lang.InterruptedException: sleep interrupted
2017-01-22 18:15:13,134 INFO org.mortbay.log: Stopped HttpServer2$SelectChannelConnectorWithSafeStartup@localhost:8088
2017-01-22 18:15:13,140 INFO org.apache.hadoop.ipc.Server: Stopping server on 8032
2017-01-22 18:15:13,141 INFO org.apache.hadoop.ipc.Server: Stopping IPC Server listener on 8032
2017-01-22 18:15:13,141 INFO org.apache.hadoop.ipc.Server: Stopping IPC Server Responder
2017-01-22 18:15:13,141 INFO org.apache.hadoop.ipc.Server: Stopping server on 8033
2017-01-22 18:15:13,142 INFO org.apache.hadoop.ipc.Server: Stopping IPC Server listener on 8033
2017-01-22 18:15:13,142 INFO org.apache.hadoop.ipc.Server: Stopping IPC Server Responder
2017-01-22 18:15:13,145 INFO org.apache.hadoop.yarn.server.resourcemanager.ResourceManager: Transitioning to standby state
2017-01-22 18:15:13,146 WARN org.apache.hadoop.yarn.server.resourcemanager.amlauncher.ApplicationMasterLauncher: org.apache.hadoop.yarn.server.resourcemanager.amlauncher.ApplicationMasterLauncher$LauncherThread interrupted. Returning.
2017-01-22 18:15:13,146 INFO org.apache.hadoop.ipc.Server: Stopping server on 8030
2017-01-22 18:15:13,148 INFO org.apache.hadoop.ipc.Server: Stopping IPC Server listener on 8030
2017-01-22 18:15:13,148 INFO org.apache.hadoop.ipc.Server: Stopping server on 8031
2017-01-22 18:15:13,148 INFO org.apache.hadoop.ipc.Server: Stopping IPC Server Responder
2017-01-22 18:15:13,149 INFO org.apache.hadoop.ipc.Server: Stopping IPC Server listener on 8031
2017-01-22 18:15:13,149 INFO org.apache.hadoop.ipc.Server: Stopping IPC Server Responder
2017-01-22 18:15:13,149 INFO org.apache.hadoop.yarn.util.AbstractLivelinessMonitor: NMLivelinessMonitor thread interrupted
2017-01-22 18:15:13,155 ERROR org.apache.hadoop.yarn.server.resourcemanager.ResourceManager: Returning, interrupted : java.lang.InterruptedException
2017-01-22 18:15:13,155 INFO org.apache.hadoop.yarn.event.AsyncDispatcher: AsyncDispatcher is draining to stop, igonring any new events.
2017-01-22 18:15:13,155 INFO org.apache.hadoop.yarn.util.AbstractLivelinessMonitor: AMLivelinessMonitor thread interrupted
2017-01-22 18:15:13,155 INFO org.apache.hadoop.yarn.util.AbstractLivelinessMonitor: AMLivelinessMonitor thread interrupted
2017-01-22 18:15:13,156 INFO org.apache.hadoop.yarn.util.AbstractLivelinessMonitor: org.apache.hadoop.yarn.server.resourcemanager.rmcontainer.ContainerAllocationExpirer thread interrupted
2017-01-22 18:15:13,156 ERROR org.apache.hadoop.security.token.delegation.AbstractDelegationTokenSecretManager: ExpiredTokenRemover received java.lang.InterruptedException: sleep interrupted
2017-01-22 18:15:13,156 INFO org.apache.hadoop.metrics2.impl.MetricsSystemImpl: Stopping ResourceManager metrics system...
2017-01-22 18:15:13,157 INFO org.apache.hadoop.metrics2.impl.MetricsSystemImpl: ResourceManager metrics system stopped.
2017-01-22 18:15:13,157 INFO org.apache.hadoop.metrics2.impl.MetricsSystemImpl: ResourceManager metrics system shutdown complete.
2017-01-22 18:15:13,157 INFO org.apache.hadoop.yarn.event.AsyncDispatcher: AsyncDispatcher is draining to stop, igonring any new events.
2017-01-22 18:15:13,157 INFO org.apache.hadoop.yarn.server.resourcemanager.ResourceManager: Transitioned to standby state
2017-01-22 18:15:13,157 INFO org.apache.hadoop.yarn.server.resourcemanager.ResourceManager: SHUTDOWN_MSG: 
/************************************************************
SHUTDOWN_MSG: Shutting down ResourceManager at 27-41.priv23.nus.edu.sg/172.23.27.41
************************************************************/
2017-01-22 18:20:23,835 INFO org.apache.hadoop.yarn.server.resourcemanager.ResourceManager: STARTUP_MSG: 
/************************************************************
STARTUP_MSG: Starting ResourceManager
STARTUP_MSG:   host = 27-41.priv23.nus.edu.sg/172.23.27.41
STARTUP_MSG:   args = []
STARTUP_MSG:   version = 2.7.3
STARTUP_MSG:   classpath = /usr/local/hadoop-2.7.3/etc/hadoop:/usr/local/hadoop-2.7.3/etc/hadoop:/usr/local/hadoop-2.7.3/etc/hadoop:/usr/local/hadoop-2.7.3/share/hadoop/common/lib/activation-1.1.jar:/usr/local/hadoop-2.7.3/share/hadoop/common/lib/apacheds-i18n-2.0.0-M15.jar:/usr/local/hadoop-2.7.3/share/hadoop/common/lib/apacheds-kerberos-codec-2.0.0-M15.jar:/usr/local/hadoop-2.7.3/share/hadoop/common/lib/api-asn1-api-1.0.0-M20.jar:/usr/local/hadoop-2.7.3/share/hadoop/common/lib/api-util-1.0.0-M20.jar:/usr/local/hadoop-2.7.3/share/hadoop/common/lib/asm-3.2.jar:/usr/local/hadoop-2.7.3/share/hadoop/common/lib/avro-1.7.4.jar:/usr/local/hadoop-2.7.3/share/hadoop/common/lib/commons-beanutils-1.7.0.jar:/usr/local/hadoop-2.7.3/share/hadoop/common/lib/commons-beanutils-core-1.8.0.jar:/usr/local/hadoop-2.7.3/share/hadoop/common/lib/commons-cli-1.2.jar:/usr/local/hadoop-2.7.3/share/hadoop/common/lib/commons-codec-1.4.jar:/usr/local/hadoop-2.7.3/share/hadoop/common/lib/commons-collections-3.2.2.jar:/usr/local/hadoop-2.7.3/share/hadoop/common/lib/commons-compress-1.4.1.jar:/usr/local/hadoop-2.7.3/share/hadoop/common/lib/commons-configuration-1.6.jar:/usr/local/hadoop-2.7.3/share/hadoop/common/lib/commons-digester-1.8.jar:/usr/local/hadoop-2.7.3/share/hadoop/common/lib/commons-httpclient-3.1.jar:/usr/local/hadoop-2.7.3/share/hadoop/common/lib/commons-io-2.4.jar:/usr/local/hadoop-2.7.3/share/hadoop/common/lib/commons-lang-2.6.jar:/usr/local/hadoop-2.7.3/share/hadoop/common/lib/commons-logging-1.1.3.jar:/usr/local/hadoop-2.7.3/share/hadoop/common/lib/commons-math3-3.1.1.jar:/usr/local/hadoop-2.7.3/share/hadoop/common/lib/commons-net-3.1.jar:/usr/local/hadoop-2.7.3/share/hadoop/common/lib/curator-client-2.7.1.jar:/usr/local/hadoop-2.7.3/share/hadoop/common/lib/curator-framework-2.7.1.jar:/usr/local/hadoop-2.7.3/share/hadoop/common/lib/curator-recipes-2.7.1.jar:/usr/local/hadoop-2.7.3/share/hadoop/common/lib/gson-2.2.4.jar:/usr/local/hadoop-2.7.3/share/hadoop/common/lib/guava-11.0.2.jar:/usr/local/hadoop-2.7.3/share/hadoop/common/lib/hadoop-annotations-2.7.3.jar:/usr/local/hadoop-2.7.3/share/hadoop/common/lib/hadoop-auth-2.7.3.jar:/usr/local/hadoop-2.7.3/share/hadoop/common/lib/hamcrest-core-1.3.jar:/usr/local/hadoop-2.7.3/share/hadoop/common/lib/htrace-core-3.1.0-incubating.jar:/usr/local/hadoop-2.7.3/share/hadoop/common/lib/httpclient-4.2.5.jar:/usr/local/hadoop-2.7.3/share/hadoop/common/lib/httpcore-4.2.5.jar:/usr/local/hadoop-2.7.3/share/hadoop/common/lib/jackson-core-asl-1.9.13.jar:/usr/local/hadoop-2.7.3/share/hadoop/common/lib/jackson-jaxrs-1.9.13.jar:/usr/local/hadoop-2.7.3/share/hadoop/common/lib/jackson-mapper-asl-1.9.13.jar:/usr/local/hadoop-2.7.3/share/hadoop/common/lib/jackson-xc-1.9.13.jar:/usr/local/hadoop-2.7.3/share/hadoop/common/lib/java-xmlbuilder-0.4.jar:/usr/local/hadoop-2.7.3/share/hadoop/common/lib/jaxb-api-2.2.2.jar:/usr/local/hadoop-2.7.3/share/hadoop/common/lib/jaxb-impl-2.2.3-1.jar:/usr/local/hadoop-2.7.3/share/hadoop/common/lib/jersey-core-1.9.jar:/usr/local/hadoop-2.7.3/share/hadoop/common/lib/jersey-json-1.9.jar:/usr/local/hadoop-2.7.3/share/hadoop/common/lib/jersey-server-1.9.jar:/usr/local/hadoop-2.7.3/share/hadoop/common/lib/jets3t-0.9.0.jar:/usr/local/hadoop-2.7.3/share/hadoop/common/lib/jettison-1.1.jar:/usr/local/hadoop-2.7.3/share/hadoop/common/lib/jetty-6.1.26.jar:/usr/local/hadoop-2.7.3/share/hadoop/common/lib/jetty-util-6.1.26.jar:/usr/local/hadoop-2.7.3/share/hadoop/common/lib/jsch-0.1.42.jar:/usr/local/hadoop-2.7.3/share/hadoop/common/lib/jsp-api-2.1.jar:/usr/local/hadoop-2.7.3/share/hadoop/common/lib/jsr305-3.0.0.jar:/usr/local/hadoop-2.7.3/share/hadoop/common/lib/junit-4.11.jar:/usr/local/hadoop-2.7.3/share/hadoop/common/lib/log4j-1.2.17.jar:/usr/local/hadoop-2.7.3/share/hadoop/common/lib/mockito-all-1.8.5.jar:/usr/local/hadoop-2.7.3/share/hadoop/common/lib/netty-3.6.2.Final.jar:/usr/local/hadoop-2.7.3/share/hadoop/common/lib/paranamer-2.3.jar:/usr/local/hadoop-2.7.3/share/hadoop/common/lib/protobuf-java-2.5.0.jar:/usr/local/hadoop-2.7.3/share/hadoop/common/lib/servlet-api-2.5.jar:/usr/local/hadoop-2.7.3/share/hadoop/common/lib/slf4j-api-1.7.10.jar:/usr/local/hadoop-2.7.3/share/hadoop/common/lib/slf4j-log4j12-1.7.10.jar:/usr/local/hadoop-2.7.3/share/hadoop/common/lib/snappy-java-1.0.4.1.jar:/usr/local/hadoop-2.7.3/share/hadoop/common/lib/stax-api-1.0-2.jar:/usr/local/hadoop-2.7.3/share/hadoop/common/lib/xmlenc-0.52.jar:/usr/local/hadoop-2.7.3/share/hadoop/common/lib/xz-1.0.jar:/usr/local/hadoop-2.7.3/share/hadoop/common/lib/zookeeper-3.4.6.jar:/usr/local/hadoop-2.7.3/share/hadoop/common/hadoop-common-2.7.3-tests.jar:/usr/local/hadoop-2.7.3/share/hadoop/common/hadoop-common-2.7.3.jar:/usr/local/hadoop-2.7.3/share/hadoop/common/hadoop-nfs-2.7.3.jar:/usr/local/hadoop-2.7.3/share/hadoop/hdfs:/usr/local/hadoop-2.7.3/share/hadoop/hdfs/lib/asm-3.2.jar:/usr/local/hadoop-2.7.3/share/hadoop/hdfs/lib/commons-cli-1.2.jar:/usr/local/hadoop-2.7.3/share/hadoop/hdfs/lib/commons-codec-1.4.jar:/usr/local/hadoop-2.7.3/share/hadoop/hdfs/lib/commons-daemon-1.0.13.jar:/usr/local/hadoop-2.7.3/share/hadoop/hdfs/lib/commons-io-2.4.jar:/usr/local/hadoop-2.7.3/share/hadoop/hdfs/lib/commons-lang-2.6.jar:/usr/local/hadoop-2.7.3/share/hadoop/hdfs/lib/commons-logging-1.1.3.jar:/usr/local/hadoop-2.7.3/share/hadoop/hdfs/lib/guava-11.0.2.jar:/usr/local/hadoop-2.7.3/share/hadoop/hdfs/lib/htrace-core-3.1.0-incubating.jar:/usr/local/hadoop-2.7.3/share/hadoop/hdfs/lib/jackson-core-asl-1.9.13.jar:/usr/local/hadoop-2.7.3/share/hadoop/hdfs/lib/jackson-mapper-asl-1.9.13.jar:/usr/local/hadoop-2.7.3/share/hadoop/hdfs/lib/jersey-core-1.9.jar:/usr/local/hadoop-2.7.3/share/hadoop/hdfs/lib/jersey-server-1.9.jar:/usr/local/hadoop-2.7.3/share/hadoop/hdfs/lib/jetty-6.1.26.jar:/usr/local/hadoop-2.7.3/share/hadoop/hdfs/lib/jetty-util-6.1.26.jar:/usr/local/hadoop-2.7.3/share/hadoop/hdfs/lib/jsr305-3.0.0.jar:/usr/local/hadoop-2.7.3/share/hadoop/hdfs/lib/leveldbjni-all-1.8.jar:/usr/local/hadoop-2.7.3/share/hadoop/hdfs/lib/log4j-1.2.17.jar:/usr/local/hadoop-2.7.3/share/hadoop/hdfs/lib/netty-3.6.2.Final.jar:/usr/local/hadoop-2.7.3/share/hadoop/hdfs/lib/netty-all-4.0.23.Final.jar:/usr/local/hadoop-2.7.3/share/hadoop/hdfs/lib/protobuf-java-2.5.0.jar:/usr/local/hadoop-2.7.3/share/hadoop/hdfs/lib/servlet-api-2.5.jar:/usr/local/hadoop-2.7.3/share/hadoop/hdfs/lib/xercesImpl-2.9.1.jar:/usr/local/hadoop-2.7.3/share/hadoop/hdfs/lib/xml-apis-1.3.04.jar:/usr/local/hadoop-2.7.3/share/hadoop/hdfs/lib/xmlenc-0.52.jar:/usr/local/hadoop-2.7.3/share/hadoop/hdfs/hadoop-hdfs-2.7.3-tests.jar:/usr/local/hadoop-2.7.3/share/hadoop/hdfs/hadoop-hdfs-2.7.3.jar:/usr/local/hadoop-2.7.3/share/hadoop/hdfs/hadoop-hdfs-nfs-2.7.3.jar:/usr/local/hadoop-2.7.3/share/hadoop/yarn/lib/activation-1.1.jar:/usr/local/hadoop-2.7.3/share/hadoop/yarn/lib/aopalliance-1.0.jar:/usr/local/hadoop-2.7.3/share/hadoop/yarn/lib/asm-3.2.jar:/usr/local/hadoop-2.7.3/share/hadoop/yarn/lib/commons-cli-1.2.jar:/usr/local/hadoop-2.7.3/share/hadoop/yarn/lib/commons-codec-1.4.jar:/usr/local/hadoop-2.7.3/share/hadoop/yarn/lib/commons-collections-3.2.2.jar:/usr/local/hadoop-2.7.3/share/hadoop/yarn/lib/commons-compress-1.4.1.jar:/usr/local/hadoop-2.7.3/share/hadoop/yarn/lib/commons-io-2.4.jar:/usr/local/hadoop-2.7.3/share/hadoop/yarn/lib/commons-lang-2.6.jar:/usr/local/hadoop-2.7.3/share/hadoop/yarn/lib/commons-logging-1.1.3.jar:/usr/local/hadoop-2.7.3/share/hadoop/yarn/lib/guava-11.0.2.jar:/usr/local/hadoop-2.7.3/share/hadoop/yarn/lib/guice-3.0.jar:/usr/local/hadoop-2.7.3/share/hadoop/yarn/lib/guice-servlet-3.0.jar:/usr/local/hadoop-2.7.3/share/hadoop/yarn/lib/jackson-core-asl-1.9.13.jar:/usr/local/hadoop-2.7.3/share/hadoop/yarn/lib/jackson-jaxrs-1.9.13.jar:/usr/local/hadoop-2.7.3/share/hadoop/yarn/lib/jackson-mapper-asl-1.9.13.jar:/usr/local/hadoop-2.7.3/share/hadoop/yarn/lib/jackson-xc-1.9.13.jar:/usr/local/hadoop-2.7.3/share/hadoop/yarn/lib/javax.inject-1.jar:/usr/local/hadoop-2.7.3/share/hadoop/yarn/lib/jaxb-api-2.2.2.jar:/usr/local/hadoop-2.7.3/share/hadoop/yarn/lib/jaxb-impl-2.2.3-1.jar:/usr/local/hadoop-2.7.3/share/hadoop/yarn/lib/jersey-client-1.9.jar:/usr/local/hadoop-2.7.3/share/hadoop/yarn/lib/jersey-core-1.9.jar:/usr/local/hadoop-2.7.3/share/hadoop/yarn/lib/jersey-guice-1.9.jar:/usr/local/hadoop-2.7.3/share/hadoop/yarn/lib/jersey-json-1.9.jar:/usr/local/hadoop-2.7.3/share/hadoop/yarn/lib/jersey-server-1.9.jar:/usr/local/hadoop-2.7.3/share/hadoop/yarn/lib/jettison-1.1.jar:/usr/local/hadoop-2.7.3/share/hadoop/yarn/lib/jetty-6.1.26.jar:/usr/local/hadoop-2.7.3/share/hadoop/yarn/lib/jetty-util-6.1.26.jar:/usr/local/hadoop-2.7.3/share/hadoop/yarn/lib/jsr305-3.0.0.jar:/usr/local/hadoop-2.7.3/share/hadoop/yarn/lib/leveldbjni-all-1.8.jar:/usr/local/hadoop-2.7.3/share/hadoop/yarn/lib/log4j-1.2.17.jar:/usr/local/hadoop-2.7.3/share/hadoop/yarn/lib/netty-3.6.2.Final.jar:/usr/local/hadoop-2.7.3/share/hadoop/yarn/lib/protobuf-java-2.5.0.jar:/usr/local/hadoop-2.7.3/share/hadoop/yarn/lib/servlet-api-2.5.jar:/usr/local/hadoop-2.7.3/share/hadoop/yarn/lib/stax-api-1.0-2.jar:/usr/local/hadoop-2.7.3/share/hadoop/yarn/lib/xz-1.0.jar:/usr/local/hadoop-2.7.3/share/hadoop/yarn/lib/zookeeper-3.4.6-tests.jar:/usr/local/hadoop-2.7.3/share/hadoop/yarn/lib/zookeeper-3.4.6.jar:/usr/local/hadoop-2.7.3/share/hadoop/yarn/hadoop-yarn-api-2.7.3.jar:/usr/local/hadoop-2.7.3/share/hadoop/yarn/hadoop-yarn-applications-distributedshell-2.7.3.jar:/usr/local/hadoop-2.7.3/share/hadoop/yarn/hadoop-yarn-applications-unmanaged-am-launcher-2.7.3.jar:/usr/local/hadoop-2.7.3/share/hadoop/yarn/hadoop-yarn-client-2.7.3.jar:/usr/local/hadoop-2.7.3/share/hadoop/yarn/hadoop-yarn-common-2.7.3.jar:/usr/local/hadoop-2.7.3/share/hadoop/yarn/hadoop-yarn-registry-2.7.3.jar:/usr/local/hadoop-2.7.3/share/hadoop/yarn/hadoop-yarn-server-applicationhistoryservice-2.7.3.jar:/usr/local/hadoop-2.7.3/share/hadoop/yarn/hadoop-yarn-server-common-2.7.3.jar:/usr/local/hadoop-2.7.3/share/hadoop/yarn/hadoop-yarn-server-nodemanager-2.7.3.jar:/usr/local/hadoop-2.7.3/share/hadoop/yarn/hadoop-yarn-server-resourcemanager-2.7.3.jar:/usr/local/hadoop-2.7.3/share/hadoop/yarn/hadoop-yarn-server-sharedcachemanager-2.7.3.jar:/usr/local/hadoop-2.7.3/share/hadoop/yarn/hadoop-yarn-server-tests-2.7.3.jar:/usr/local/hadoop-2.7.3/share/hadoop/yarn/hadoop-yarn-server-web-proxy-2.7.3.jar:/usr/local/hadoop-2.7.3/share/hadoop/mapreduce/lib/aopalliance-1.0.jar:/usr/local/hadoop-2.7.3/share/hadoop/mapreduce/lib/asm-3.2.jar:/usr/local/hadoop-2.7.3/share/hadoop/mapreduce/lib/avro-1.7.4.jar:/usr/local/hadoop-2.7.3/share/hadoop/mapreduce/lib/commons-compress-1.4.1.jar:/usr/local/hadoop-2.7.3/share/hadoop/mapreduce/lib/commons-io-2.4.jar:/usr/local/hadoop-2.7.3/share/hadoop/mapreduce/lib/guice-3.0.jar:/usr/local/hadoop-2.7.3/share/hadoop/mapreduce/lib/guice-servlet-3.0.jar:/usr/local/hadoop-2.7.3/share/hadoop/mapreduce/lib/hadoop-annotations-2.7.3.jar:/usr/local/hadoop-2.7.3/share/hadoop/mapreduce/lib/hamcrest-core-1.3.jar:/usr/local/hadoop-2.7.3/share/hadoop/mapreduce/lib/jackson-core-asl-1.9.13.jar:/usr/local/hadoop-2.7.3/share/hadoop/mapreduce/lib/jackson-mapper-asl-1.9.13.jar:/usr/local/hadoop-2.7.3/share/hadoop/mapreduce/lib/javax.inject-1.jar:/usr/local/hadoop-2.7.3/share/hadoop/mapreduce/lib/jersey-core-1.9.jar:/usr/local/hadoop-2.7.3/share/hadoop/mapreduce/lib/jersey-guice-1.9.jar:/usr/local/hadoop-2.7.3/share/hadoop/mapreduce/lib/jersey-server-1.9.jar:/usr/local/hadoop-2.7.3/share/hadoop/mapreduce/lib/junit-4.11.jar:/usr/local/hadoop-2.7.3/share/hadoop/mapreduce/lib/leveldbjni-all-1.8.jar:/usr/local/hadoop-2.7.3/share/hadoop/mapreduce/lib/log4j-1.2.17.jar:/usr/local/hadoop-2.7.3/share/hadoop/mapreduce/lib/netty-3.6.2.Final.jar:/usr/local/hadoop-2.7.3/share/hadoop/mapreduce/lib/paranamer-2.3.jar:/usr/local/hadoop-2.7.3/share/hadoop/mapreduce/lib/protobuf-java-2.5.0.jar:/usr/local/hadoop-2.7.3/share/hadoop/mapreduce/lib/snappy-java-1.0.4.1.jar:/usr/local/hadoop-2.7.3/share/hadoop/mapreduce/lib/xz-1.0.jar:/usr/local/hadoop-2.7.3/share/hadoop/mapreduce/hadoop-mapreduce-client-app-2.7.3.jar:/usr/local/hadoop-2.7.3/share/hadoop/mapreduce/hadoop-mapreduce-client-common-2.7.3.jar:/usr/local/hadoop-2.7.3/share/hadoop/mapreduce/hadoop-mapreduce-client-core-2.7.3.jar:/usr/local/hadoop-2.7.3/share/hadoop/mapreduce/hadoop-mapreduce-client-hs-2.7.3.jar:/usr/local/hadoop-2.7.3/share/hadoop/mapreduce/hadoop-mapreduce-client-hs-plugins-2.7.3.jar:/usr/local/hadoop-2.7.3/share/hadoop/mapreduce/hadoop-mapreduce-client-jobclient-2.7.3-tests.jar:/usr/local/hadoop-2.7.3/share/hadoop/mapreduce/hadoop-mapreduce-client-jobclient-2.7.3.jar:/usr/local/hadoop-2.7.3/share/hadoop/mapreduce/hadoop-mapreduce-client-shuffle-2.7.3.jar:/usr/local/hadoop-2.7.3/share/hadoop/mapreduce/hadoop-mapreduce-examples-2.7.3.jar:/contrib/capacity-scheduler/*.jar:/contrib/capacity-scheduler/*.jar:/contrib/capacity-scheduler/*.jar:/usr/local/hadoop-2.7.3/share/hadoop/yarn/hadoop-yarn-api-2.7.3.jar:/usr/local/hadoop-2.7.3/share/hadoop/yarn/hadoop-yarn-applications-distributedshell-2.7.3.jar:/usr/local/hadoop-2.7.3/share/hadoop/yarn/hadoop-yarn-applications-unmanaged-am-launcher-2.7.3.jar:/usr/local/hadoop-2.7.3/share/hadoop/yarn/hadoop-yarn-client-2.7.3.jar:/usr/local/hadoop-2.7.3/share/hadoop/yarn/hadoop-yarn-common-2.7.3.jar:/usr/local/hadoop-2.7.3/share/hadoop/yarn/hadoop-yarn-registry-2.7.3.jar:/usr/local/hadoop-2.7.3/share/hadoop/yarn/hadoop-yarn-server-applicationhistoryservice-2.7.3.jar:/usr/local/hadoop-2.7.3/share/hadoop/yarn/hadoop-yarn-server-common-2.7.3.jar:/usr/local/hadoop-2.7.3/share/hadoop/yarn/hadoop-yarn-server-nodemanager-2.7.3.jar:/usr/local/hadoop-2.7.3/share/hadoop/yarn/hadoop-yarn-server-resourcemanager-2.7.3.jar:/usr/local/hadoop-2.7.3/share/hadoop/yarn/hadoop-yarn-server-sharedcachemanager-2.7.3.jar:/usr/local/hadoop-2.7.3/share/hadoop/yarn/hadoop-yarn-server-tests-2.7.3.jar:/usr/local/hadoop-2.7.3/share/hadoop/yarn/hadoop-yarn-server-web-proxy-2.7.3.jar:/usr/local/hadoop-2.7.3/share/hadoop/yarn/lib/activation-1.1.jar:/usr/local/hadoop-2.7.3/share/hadoop/yarn/lib/aopalliance-1.0.jar:/usr/local/hadoop-2.7.3/share/hadoop/yarn/lib/asm-3.2.jar:/usr/local/hadoop-2.7.3/share/hadoop/yarn/lib/commons-cli-1.2.jar:/usr/local/hadoop-2.7.3/share/hadoop/yarn/lib/commons-codec-1.4.jar:/usr/local/hadoop-2.7.3/share/hadoop/yarn/lib/commons-collections-3.2.2.jar:/usr/local/hadoop-2.7.3/share/hadoop/yarn/lib/commons-compress-1.4.1.jar:/usr/local/hadoop-2.7.3/share/hadoop/yarn/lib/commons-io-2.4.jar:/usr/local/hadoop-2.7.3/share/hadoop/yarn/lib/commons-lang-2.6.jar:/usr/local/hadoop-2.7.3/share/hadoop/yarn/lib/commons-logging-1.1.3.jar:/usr/local/hadoop-2.7.3/share/hadoop/yarn/lib/guava-11.0.2.jar:/usr/local/hadoop-2.7.3/share/hadoop/yarn/lib/guice-3.0.jar:/usr/local/hadoop-2.7.3/share/hadoop/yarn/lib/guice-servlet-3.0.jar:/usr/local/hadoop-2.7.3/share/hadoop/yarn/lib/jackson-core-asl-1.9.13.jar:/usr/local/hadoop-2.7.3/share/hadoop/yarn/lib/jackson-jaxrs-1.9.13.jar:/usr/local/hadoop-2.7.3/share/hadoop/yarn/lib/jackson-mapper-asl-1.9.13.jar:/usr/local/hadoop-2.7.3/share/hadoop/yarn/lib/jackson-xc-1.9.13.jar:/usr/local/hadoop-2.7.3/share/hadoop/yarn/lib/javax.inject-1.jar:/usr/local/hadoop-2.7.3/share/hadoop/yarn/lib/jaxb-api-2.2.2.jar:/usr/local/hadoop-2.7.3/share/hadoop/yarn/lib/jaxb-impl-2.2.3-1.jar:/usr/local/hadoop-2.7.3/share/hadoop/yarn/lib/jersey-client-1.9.jar:/usr/local/hadoop-2.7.3/share/hadoop/yarn/lib/jersey-core-1.9.jar:/usr/local/hadoop-2.7.3/share/hadoop/yarn/lib/jersey-guice-1.9.jar:/usr/local/hadoop-2.7.3/share/hadoop/yarn/lib/jersey-json-1.9.jar:/usr/local/hadoop-2.7.3/share/hadoop/yarn/lib/jersey-server-1.9.jar:/usr/local/hadoop-2.7.3/share/hadoop/yarn/lib/jettison-1.1.jar:/usr/local/hadoop-2.7.3/share/hadoop/yarn/lib/jetty-6.1.26.jar:/usr/local/hadoop-2.7.3/share/hadoop/yarn/lib/jetty-util-6.1.26.jar:/usr/local/hadoop-2.7.3/share/hadoop/yarn/lib/jsr305-3.0.0.jar:/usr/local/hadoop-2.7.3/share/hadoop/yarn/lib/leveldbjni-all-1.8.jar:/usr/local/hadoop-2.7.3/share/hadoop/yarn/lib/log4j-1.2.17.jar:/usr/local/hadoop-2.7.3/share/hadoop/yarn/lib/netty-3.6.2.Final.jar:/usr/local/hadoop-2.7.3/share/hadoop/yarn/lib/protobuf-java-2.5.0.jar:/usr/local/hadoop-2.7.3/share/hadoop/yarn/lib/servlet-api-2.5.jar:/usr/local/hadoop-2.7.3/share/hadoop/yarn/lib/stax-api-1.0-2.jar:/usr/local/hadoop-2.7.3/share/hadoop/yarn/lib/xz-1.0.jar:/usr/local/hadoop-2.7.3/share/hadoop/yarn/lib/zookeeper-3.4.6-tests.jar:/usr/local/hadoop-2.7.3/share/hadoop/yarn/lib/zookeeper-3.4.6.jar:/usr/local/hadoop-2.7.3/etc/hadoop/rm-config/log4j.properties
STARTUP_MSG:   build = https://git-wip-us.apache.org/repos/asf/hadoop.git -r baa91f7c6bc9cb92be5982de4719c1c8af91ccff; compiled by 'root' on 2016-08-18T01:41Z
STARTUP_MSG:   java = 1.7.0_80
************************************************************/
2017-01-22 18:20:23,844 INFO org.apache.hadoop.yarn.server.resourcemanager.ResourceManager: registered UNIX signal handlers for [TERM, HUP, INT]
2017-01-22 18:20:24,125 INFO org.apache.hadoop.conf.Configuration: found resource core-site.xml at file:/usr/local/hadoop-2.7.3/etc/hadoop/core-site.xml
2017-01-22 18:20:24,221 WARN org.apache.hadoop.util.NativeCodeLoader: Unable to load native-hadoop library for your platform... using builtin-java classes where applicable
2017-01-22 18:20:24,257 INFO org.apache.hadoop.security.Groups: clearing userToGroupsMap cache
2017-01-22 18:20:24,327 INFO org.apache.hadoop.conf.Configuration: found resource yarn-site.xml at file:/usr/local/hadoop-2.7.3/etc/hadoop/yarn-site.xml
2017-01-22 18:20:24,548 INFO org.apache.hadoop.yarn.event.AsyncDispatcher: Registering class org.apache.hadoop.yarn.server.resourcemanager.RMFatalEventType for class org.apache.hadoop.yarn.server.resourcemanager.ResourceManager$RMFatalEventDispatcher
2017-01-22 18:20:24,733 INFO org.apache.hadoop.yarn.server.resourcemanager.security.NMTokenSecretManagerInRM: NMTokenKeyRollingInterval: 86400000ms and NMTokenKeyActivationDelay: 900000ms
2017-01-22 18:20:24,736 INFO org.apache.hadoop.yarn.server.resourcemanager.security.RMContainerTokenSecretManager: ContainerTokenKeyRollingInterval: 86400000ms and ContainerTokenKeyActivationDelay: 900000ms
2017-01-22 18:20:24,741 INFO org.apache.hadoop.yarn.server.resourcemanager.security.AMRMTokenSecretManager: AMRMTokenKeyRollingInterval: 86400000ms and AMRMTokenKeyActivationDelay: 900000 ms
2017-01-22 18:20:24,768 INFO org.apache.hadoop.yarn.event.AsyncDispatcher: Registering class org.apache.hadoop.yarn.server.resourcemanager.recovery.RMStateStoreEventType for class org.apache.hadoop.yarn.server.resourcemanager.recovery.RMStateStore$ForwardingEventHandler
2017-01-22 18:20:24,770 INFO org.apache.hadoop.yarn.event.AsyncDispatcher: Registering class org.apache.hadoop.yarn.server.resourcemanager.NodesListManagerEventType for class org.apache.hadoop.yarn.server.resourcemanager.NodesListManager
2017-01-22 18:20:24,770 INFO org.apache.hadoop.yarn.server.resourcemanager.ResourceManager: Using Scheduler: org.apache.hadoop.yarn.server.resourcemanager.scheduler.capacity.CapacityScheduler
2017-01-22 18:20:24,789 INFO org.apache.hadoop.yarn.event.AsyncDispatcher: Registering class org.apache.hadoop.yarn.server.resourcemanager.scheduler.event.SchedulerEventType for class org.apache.hadoop.yarn.server.resourcemanager.ResourceManager$SchedulerEventDispatcher
2017-01-22 18:20:24,790 INFO org.apache.hadoop.yarn.event.AsyncDispatcher: Registering class org.apache.hadoop.yarn.server.resourcemanager.rmapp.RMAppEventType for class org.apache.hadoop.yarn.server.resourcemanager.ResourceManager$ApplicationEventDispatcher
2017-01-22 18:20:24,791 INFO org.apache.hadoop.yarn.event.AsyncDispatcher: Registering class org.apache.hadoop.yarn.server.resourcemanager.rmapp.attempt.RMAppAttemptEventType for class org.apache.hadoop.yarn.server.resourcemanager.ResourceManager$ApplicationAttemptEventDispatcher
2017-01-22 18:20:24,792 INFO org.apache.hadoop.yarn.event.AsyncDispatcher: Registering class org.apache.hadoop.yarn.server.resourcemanager.rmnode.RMNodeEventType for class org.apache.hadoop.yarn.server.resourcemanager.ResourceManager$NodeEventDispatcher
2017-01-22 18:20:24,866 INFO org.apache.hadoop.metrics2.impl.MetricsConfig: loaded properties from hadoop-metrics2.properties
2017-01-22 18:20:24,919 INFO org.apache.hadoop.metrics2.impl.MetricsSystemImpl: Scheduled snapshot period at 10 second(s).
2017-01-22 18:20:24,919 INFO org.apache.hadoop.metrics2.impl.MetricsSystemImpl: ResourceManager metrics system started
2017-01-22 18:20:24,937 INFO org.apache.hadoop.yarn.event.AsyncDispatcher: Registering class org.apache.hadoop.yarn.server.resourcemanager.RMAppManagerEventType for class org.apache.hadoop.yarn.server.resourcemanager.RMAppManager
2017-01-22 18:20:24,946 INFO org.apache.hadoop.yarn.event.AsyncDispatcher: Registering class org.apache.hadoop.yarn.server.resourcemanager.amlauncher.AMLauncherEventType for class org.apache.hadoop.yarn.server.resourcemanager.amlauncher.ApplicationMasterLauncher
2017-01-22 18:20:24,947 INFO org.apache.hadoop.yarn.server.resourcemanager.RMNMInfo: Registered RMNMInfo MBean
2017-01-22 18:20:24,949 INFO org.apache.hadoop.yarn.security.YarnAuthorizationProvider: org.apache.hadoop.yarn.security.ConfiguredYarnAuthorizer is instiantiated.
2017-01-22 18:20:24,950 INFO org.apache.hadoop.util.HostsFileReader: Refreshing hosts (include/exclude) list
2017-01-22 18:20:24,952 INFO org.apache.hadoop.conf.Configuration: found resource capacity-scheduler.xml at file:/usr/local/hadoop-2.7.3/etc/hadoop/capacity-scheduler.xml
2017-01-22 18:20:25,007 INFO org.apache.hadoop.yarn.server.resourcemanager.scheduler.capacity.CapacitySchedulerConfiguration: max alloc mb per queue for root is undefined
2017-01-22 18:20:25,007 INFO org.apache.hadoop.yarn.server.resourcemanager.scheduler.capacity.CapacitySchedulerConfiguration: max alloc vcore per queue for root is undefined
2017-01-22 18:20:25,012 INFO org.apache.hadoop.yarn.server.resourcemanager.scheduler.capacity.ParentQueue: root, capacity=1.0, asboluteCapacity=1.0, maxCapacity=1.0, asboluteMaxCapacity=1.0, state=RUNNING, acls=SUBMIT_APP:*ADMINISTER_QUEUE:*, labels=*,
, reservationsContinueLooking=true
2017-01-22 18:20:25,012 INFO org.apache.hadoop.yarn.server.resourcemanager.scheduler.capacity.ParentQueue: Initialized parent-queue root name=root, fullname=root
2017-01-22 18:20:25,026 INFO org.apache.hadoop.yarn.server.resourcemanager.scheduler.capacity.CapacitySchedulerConfiguration: max alloc mb per queue for root.default is undefined
2017-01-22 18:20:25,026 INFO org.apache.hadoop.yarn.server.resourcemanager.scheduler.capacity.CapacitySchedulerConfiguration: max alloc vcore per queue for root.default is undefined
2017-01-22 18:20:25,028 INFO org.apache.hadoop.yarn.server.resourcemanager.scheduler.capacity.LeafQueue: Initializing default
capacity = 1.0 [= (float) configuredCapacity / 100 ]
asboluteCapacity = 1.0 [= parentAbsoluteCapacity * capacity ]
maxCapacity = 1.0 [= configuredMaxCapacity ]
absoluteMaxCapacity = 1.0 [= 1.0 maximumCapacity undefined, (parentAbsoluteMaxCapacity * maximumCapacity) / 100 otherwise ]
userLimit = 100 [= configuredUserLimit ]
userLimitFactor = 1.0 [= configuredUserLimitFactor ]
maxApplications = 10000 [= configuredMaximumSystemApplicationsPerQueue or (int)(configuredMaximumSystemApplications * absoluteCapacity)]
maxApplicationsPerUser = 10000 [= (int)(maxApplications * (userLimit / 100.0f) * userLimitFactor) ]
usedCapacity = 0.0 [= usedResourcesMemory / (clusterResourceMemory * absoluteCapacity)]
absoluteUsedCapacity = 0.0 [= usedResourcesMemory / clusterResourceMemory]
maxAMResourcePerQueuePercent = 0.1 [= configuredMaximumAMResourcePercent ]
minimumAllocationFactor = 0.875 [= (float)(maximumAllocationMemory - minimumAllocationMemory) / maximumAllocationMemory ]
maximumAllocation = <memory:8192, vCores:32> [= configuredMaxAllocation ]
numContainers = 0 [= currentNumContainers ]
state = RUNNING [= configuredState ]
acls = SUBMIT_APP:*ADMINISTER_QUEUE:* [= configuredAcls ]
nodeLocalityDelay = 40
labels=*,
nodeLocalityDelay = 40
reservationsContinueLooking = true
preemptionDisabled = true

2017-01-22 18:20:25,028 INFO org.apache.hadoop.yarn.server.resourcemanager.scheduler.capacity.CapacityScheduler: Initialized queue: default: capacity=1.0, absoluteCapacity=1.0, usedResources=<memory:0, vCores:0>, usedCapacity=0.0, absoluteUsedCapacity=0.0, numApps=0, numContainers=0
2017-01-22 18:20:25,028 INFO org.apache.hadoop.yarn.server.resourcemanager.scheduler.capacity.CapacityScheduler: Initialized queue: root: numChildQueue= 1, capacity=1.0, absoluteCapacity=1.0, usedResources=<memory:0, vCores:0>usedCapacity=0.0, numApps=0, numContainers=0
2017-01-22 18:20:25,029 INFO org.apache.hadoop.yarn.server.resourcemanager.scheduler.capacity.CapacityScheduler: Initialized root queue root: numChildQueue= 1, capacity=1.0, absoluteCapacity=1.0, usedResources=<memory:0, vCores:0>usedCapacity=0.0, numApps=0, numContainers=0
2017-01-22 18:20:25,029 INFO org.apache.hadoop.yarn.server.resourcemanager.scheduler.capacity.CapacityScheduler: Initialized queue mappings, override: false
2017-01-22 18:20:25,029 INFO org.apache.hadoop.yarn.server.resourcemanager.scheduler.capacity.CapacityScheduler: Initialized CapacityScheduler with calculator=class org.apache.hadoop.yarn.util.resource.DefaultResourceCalculator, minimumAllocation=<<memory:1024, vCores:1>>, maximumAllocation=<<memory:8192, vCores:32>>, asynchronousScheduling=false, asyncScheduleInterval=5ms
2017-01-22 18:20:25,041 INFO org.apache.hadoop.yarn.server.resourcemanager.metrics.SystemMetricsPublisher: YARN system metrics publishing service is not enabled
2017-01-22 18:20:25,041 INFO org.apache.hadoop.yarn.server.resourcemanager.ResourceManager: Transitioning to active state
2017-01-22 18:20:25,058 INFO org.apache.hadoop.yarn.server.resourcemanager.recovery.RMStateStore: Updating AMRMToken
2017-01-22 18:20:25,058 INFO org.apache.hadoop.yarn.server.resourcemanager.security.RMContainerTokenSecretManager: Rolling master-key for container-tokens
2017-01-22 18:20:25,058 INFO org.apache.hadoop.yarn.server.resourcemanager.security.NMTokenSecretManagerInRM: Rolling master-key for nm-tokens
2017-01-22 18:20:25,058 INFO org.apache.hadoop.security.token.delegation.AbstractDelegationTokenSecretManager: Updating the current master key for generating delegation tokens
2017-01-22 18:20:25,059 INFO org.apache.hadoop.yarn.server.resourcemanager.security.RMDelegationTokenSecretManager: storing master key with keyID 1
2017-01-22 18:20:25,059 INFO org.apache.hadoop.yarn.server.resourcemanager.recovery.RMStateStore: Storing RMDTMasterKey.
2017-01-22 18:20:25,061 INFO org.apache.hadoop.security.token.delegation.AbstractDelegationTokenSecretManager: Starting expired delegation token remover thread, tokenRemoverScanInterval=60 min(s)
2017-01-22 18:20:25,061 INFO org.apache.hadoop.security.token.delegation.AbstractDelegationTokenSecretManager: Updating the current master key for generating delegation tokens
2017-01-22 18:20:25,061 INFO org.apache.hadoop.yarn.server.resourcemanager.security.RMDelegationTokenSecretManager: storing master key with keyID 2
2017-01-22 18:20:25,061 INFO org.apache.hadoop.yarn.server.resourcemanager.recovery.RMStateStore: Storing RMDTMasterKey.
2017-01-22 18:20:25,064 INFO org.apache.hadoop.yarn.event.AsyncDispatcher: Registering class org.apache.hadoop.yarn.nodelabels.event.NodeLabelsStoreEventType for class org.apache.hadoop.yarn.nodelabels.CommonNodeLabelsManager$ForwardingEventHandler
2017-01-22 18:20:25,122 INFO org.apache.hadoop.ipc.CallQueueManager: Using callQueue class java.util.concurrent.LinkedBlockingQueue
2017-01-22 18:20:25,140 INFO org.apache.hadoop.ipc.Server: Starting Socket Reader #1 for port 8031
2017-01-22 18:20:25,160 INFO org.apache.hadoop.yarn.factories.impl.pb.RpcServerFactoryPBImpl: Adding protocol org.apache.hadoop.yarn.server.api.ResourceTrackerPB to the server
2017-01-22 18:20:25,160 INFO org.apache.hadoop.ipc.Server: IPC Server Responder: starting
2017-01-22 18:20:25,160 INFO org.apache.hadoop.ipc.Server: IPC Server listener on 8031: starting
2017-01-22 18:20:25,214 INFO org.apache.hadoop.ipc.CallQueueManager: Using callQueue class java.util.concurrent.LinkedBlockingQueue
2017-01-22 18:20:25,221 INFO org.apache.hadoop.ipc.Server: Starting Socket Reader #1 for port 8030
2017-01-22 18:20:25,232 INFO org.apache.hadoop.yarn.factories.impl.pb.RpcServerFactoryPBImpl: Adding protocol org.apache.hadoop.yarn.api.ApplicationMasterProtocolPB to the server
2017-01-22 18:20:25,232 INFO org.apache.hadoop.ipc.Server: IPC Server Responder: starting
2017-01-22 18:20:25,233 INFO org.apache.hadoop.ipc.Server: IPC Server listener on 8030: starting
2017-01-22 18:20:25,299 INFO org.apache.hadoop.ipc.CallQueueManager: Using callQueue class java.util.concurrent.LinkedBlockingQueue
2017-01-22 18:20:25,300 INFO org.apache.hadoop.ipc.Server: Starting Socket Reader #1 for port 8032
2017-01-22 18:20:25,303 INFO org.apache.hadoop.yarn.factories.impl.pb.RpcServerFactoryPBImpl: Adding protocol org.apache.hadoop.yarn.api.ApplicationClientProtocolPB to the server
2017-01-22 18:20:25,304 INFO org.apache.hadoop.ipc.Server: IPC Server Responder: starting
2017-01-22 18:20:25,304 INFO org.apache.hadoop.ipc.Server: IPC Server listener on 8032: starting
2017-01-22 18:20:25,311 INFO org.apache.hadoop.yarn.server.resourcemanager.ResourceManager: Transitioned to active state
2017-01-22 18:20:25,395 INFO org.mortbay.log: Logging to org.slf4j.impl.Log4jLoggerAdapter(org.mortbay.log) via org.mortbay.log.Slf4jLog
2017-01-22 18:20:25,403 INFO org.apache.hadoop.security.authentication.server.AuthenticationFilter: Unable to initialize FileSignerSecretProvider, falling back to use random secrets.
2017-01-22 18:20:25,410 INFO org.apache.hadoop.http.HttpRequestLog: Http request log for http.requests.resourcemanager is not defined
2017-01-22 18:20:25,421 INFO org.apache.hadoop.http.HttpServer2: Added global filter 'safety' (class=org.apache.hadoop.http.HttpServer2$QuotingInputFilter)
2017-01-22 18:20:25,425 INFO org.apache.hadoop.http.HttpServer2: Added filter RMAuthenticationFilter (class=org.apache.hadoop.yarn.server.security.http.RMAuthenticationFilter) to context cluster
2017-01-22 18:20:25,425 INFO org.apache.hadoop.http.HttpServer2: Added filter RMAuthenticationFilter (class=org.apache.hadoop.yarn.server.security.http.RMAuthenticationFilter) to context static
2017-01-22 18:20:25,425 INFO org.apache.hadoop.http.HttpServer2: Added filter RMAuthenticationFilter (class=org.apache.hadoop.yarn.server.security.http.RMAuthenticationFilter) to context logs
2017-01-22 18:20:25,426 INFO org.apache.hadoop.http.HttpServer2: Added filter static_user_filter (class=org.apache.hadoop.http.lib.StaticUserWebFilter$StaticUserFilter) to context cluster
2017-01-22 18:20:25,426 INFO org.apache.hadoop.http.HttpServer2: Added filter static_user_filter (class=org.apache.hadoop.http.lib.StaticUserWebFilter$StaticUserFilter) to context static
2017-01-22 18:20:25,426 INFO org.apache.hadoop.http.HttpServer2: Added filter static_user_filter (class=org.apache.hadoop.http.lib.StaticUserWebFilter$StaticUserFilter) to context logs
2017-01-22 18:20:25,431 INFO org.apache.hadoop.http.HttpServer2: adding path spec: /cluster/*
2017-01-22 18:20:25,432 INFO org.apache.hadoop.http.HttpServer2: adding path spec: /ws/*
2017-01-22 18:20:25,844 INFO org.apache.hadoop.yarn.webapp.WebApps: Registered webapp guice modules
2017-01-22 18:20:25,847 INFO org.apache.hadoop.http.HttpServer2: Jetty bound to port 8088
2017-01-22 18:20:25,847 INFO org.mortbay.log: jetty-6.1.26
2017-01-22 18:20:25,879 INFO org.mortbay.log: Extract jar:file:/usr/local/hadoop-2.7.3/share/hadoop/yarn/hadoop-yarn-common-2.7.3.jar!/webapps/cluster to /var/folders/vr/rg44m3fx30d5pmj3442nllwc0000gn/T/Jetty_localhost_8088_cluster____.3j26f5/webapp
2017-01-22 18:20:26,168 INFO org.apache.hadoop.security.token.delegation.AbstractDelegationTokenSecretManager: Updating the current master key for generating delegation tokens
2017-01-22 18:20:26,171 INFO org.apache.hadoop.security.token.delegation.AbstractDelegationTokenSecretManager: Starting expired delegation token remover thread, tokenRemoverScanInterval=60 min(s)
2017-01-22 18:20:26,171 INFO org.apache.hadoop.security.token.delegation.AbstractDelegationTokenSecretManager: Updating the current master key for generating delegation tokens
2017-01-22 18:20:27,358 INFO org.mortbay.log: Started HttpServer2$SelectChannelConnectorWithSafeStartup@localhost:8088
2017-01-22 18:20:27,358 INFO org.apache.hadoop.yarn.webapp.WebApps: Web app cluster started at 8088
2017-01-22 18:20:27,378 INFO org.apache.hadoop.ipc.CallQueueManager: Using callQueue class java.util.concurrent.LinkedBlockingQueue
2017-01-22 18:20:27,379 INFO org.apache.hadoop.ipc.Server: Starting Socket Reader #1 for port 8033
2017-01-22 18:20:27,381 INFO org.apache.hadoop.yarn.factories.impl.pb.RpcServerFactoryPBImpl: Adding protocol org.apache.hadoop.yarn.server.api.ResourceManagerAdministrationProtocolPB to the server
2017-01-22 18:20:27,382 INFO org.apache.hadoop.ipc.Server: IPC Server Responder: starting
2017-01-22 18:20:27,382 INFO org.apache.hadoop.ipc.Server: IPC Server listener on 8033: starting
2017-01-22 18:20:28,322 INFO org.apache.hadoop.yarn.util.RackResolver: Resolved 27-41.priv23.nus.edu.sg to /default-rack
2017-01-22 18:20:28,325 INFO org.apache.hadoop.yarn.server.resourcemanager.ResourceTrackerService: NodeManager from node 27-41.priv23.nus.edu.sg(cmPort: 51128 httpPort: 8042) registered with capability: <memory:8192, vCores:8>, assigned nodeId 27-41.priv23.nus.edu.sg:51128
2017-01-22 18:20:28,328 INFO org.apache.hadoop.yarn.server.resourcemanager.rmnode.RMNodeImpl: 27-41.priv23.nus.edu.sg:51128 Node Transitioned from NEW to RUNNING
2017-01-22 18:20:28,331 INFO org.apache.hadoop.yarn.server.resourcemanager.scheduler.capacity.CapacityScheduler: Added node 27-41.priv23.nus.edu.sg:51128 clusterResource: <memory:8192, vCores:8>
2017-01-22 19:05:26,675 INFO org.apache.hadoop.yarn.server.resourcemanager.scheduler.AbstractYarnScheduler: Release request cache is cleaned up
